[2025-06-10 13:12:21.841 -07:00|1|formsample|True] Total number of assemblies: 2
[2025-06-10 13:12:21.866 -07:00|1|formsample|True] Resolving managed profiler directory to: C:\Program Files\Datadog\.NET Tracer\net6.0
[2025-06-10 13:12:21.868 -07:00|1|formsample|True] Invoking managed tracer.
[2025-06-10 13:12:21.869 -07:00|1|formsample|True] Invoking: 'Datadog.Trace.ClrProfiler.Instrumentation.Initialize', Datadog.Trace.ClrProfiler.InstrumentationLoader
[2025-06-10 13:12:21.871 -07:00|1|formsample|True] Assembly Resolve event received for: Datadog.Trace
[2025-06-10 13:12:21.872 -07:00|1|formsample|True] Looking for: C:\Program Files\Datadog\.NET Tracer\net6.0\Datadog.Trace.dll
[2025-06-10 13:12:21.873 -07:00|1|formsample|True] Loading C:\Program Files\Datadog\.NET Tracer\net6.0\Datadog.Trace.dll with DependencyLoadContext.LoadFromAssemblyPath
[2025-06-10 13:12:21.934 -07:00|1|formsample|True] Creating 'Datadog.Trace.ClrProfiler.InstrumentationLoader' instance.
[2025-06-10 13:12:22.190 -07:00|1|formsample|True] Assembly Resolve event received for: Microsoft.ServiceFabric.Services.Remoting
[2025-06-10 13:12:22.192 -07:00|1|formsample|True] Looking for: C:\Program Files\Datadog\.NET Tracer\net6.0\Microsoft.ServiceFabric.Services.Remoting.dll
[2025-06-10 13:12:22.194 -07:00|1|formsample|True] Assembly not found in path: C:\Program Files\Datadog\.NET Tracer\net6.0\Microsoft.ServiceFabric.Services.Remoting.dll
[2025-06-10 13:12:22.196 -07:00|1|formsample|True] Assembly Resolve event received for: Microsoft.ServiceFabric.Services.Remoting, Culture=neutral, PublicKeyToken=null
[2025-06-10 13:12:22.197 -07:00|1|formsample|True] Looking for: C:\Program Files\Datadog\.NET Tracer\net6.0\Microsoft.ServiceFabric.Services.Remoting.dll
[2025-06-10 13:12:22.198 -07:00|1|formsample|True] Assembly not found in path: C:\Program Files\Datadog\.NET Tracer\net6.0\Microsoft.ServiceFabric.Services.Remoting.dll
[2025-06-10 13:12:22.204 -07:00|1|formsample|True] Assembly Resolve event received for: Microsoft.ServiceFabric.Services.Remoting
[2025-06-10 13:12:22.206 -07:00|1|formsample|True] Looking for: C:\Program Files\Datadog\.NET Tracer\net6.0\Microsoft.ServiceFabric.Services.Remoting.dll
[2025-06-10 13:12:22.207 -07:00|1|formsample|True] Assembly not found in path: C:\Program Files\Datadog\.NET Tracer\net6.0\Microsoft.ServiceFabric.Services.Remoting.dll
[2025-06-10 13:12:22.208 -07:00|1|formsample|True] Assembly Resolve event received for: Microsoft.ServiceFabric.Services.Remoting, Culture=neutral, PublicKeyToken=null
[2025-06-10 13:12:22.210 -07:00|1|formsample|True] Looking for: C:\Program Files\Datadog\.NET Tracer\net6.0\Microsoft.ServiceFabric.Services.Remoting.dll
[2025-06-10 13:12:22.212 -07:00|1|formsample|True] Assembly not found in path: C:\Program Files\Datadog\.NET Tracer\net6.0\Microsoft.ServiceFabric.Services.Remoting.dll
[2025-06-10 13:12:22.307 -07:00|1|formsample|True] Assembly Resolve event received for: Datadog.Trace
[2025-06-10 13:12:22.308 -07:00|1|formsample|True] Looking for: C:\Program Files\Datadog\.NET Tracer\net6.0\Datadog.Trace.dll
[2025-06-10 13:12:22.310 -07:00|1|formsample|True] Loading from cache. [Path: C:\Program Files\Datadog\.NET Tracer\net6.0\Datadog.Trace.dll]
[2025-06-10 13:12:22.312 -07:00|1|formsample|True] Assembly Resolve event received for: Datadog.Trace
[2025-06-10 13:12:22.313 -07:00|1|formsample|True] Looking for: C:\Program Files\Datadog\.NET Tracer\net6.0\Datadog.Trace.dll
[2025-06-10 13:12:22.314 -07:00|1|formsample|True] Loading from cache. [Path: C:\Program Files\Datadog\.NET Tracer\net6.0\Datadog.Trace.dll]
[2025-06-10 13:12:22.316 -07:00|1|formsample|True] Assembly Resolve event received for: Datadog.Trace
[2025-06-10 13:12:22.317 -07:00|1|formsample|True] Looking for: C:\Program Files\Datadog\.NET Tracer\net6.0\Datadog.Trace.dll
[2025-06-10 13:12:22.318 -07:00|1|formsample|True] Loading from cache. [Path: C:\Program Files\Datadog\.NET Tracer\net6.0\Datadog.Trace.dll]
[2025-06-10 13:12:22.319 -07:00|1|formsample|True] Assembly Resolve event received for: Datadog.Trace
[2025-06-10 13:12:22.320 -07:00|1|formsample|True] Looking for: C:\Program Files\Datadog\.NET Tracer\net6.0\Datadog.Trace.dll
[2025-06-10 13:12:22.321 -07:00|1|formsample|True] Loading from cache. [Path: C:\Program Files\Datadog\.NET Tracer\net6.0\Datadog.Trace.dll]
[2025-06-10 13:12:22.322 -07:00|1|formsample|True] Assembly Resolve event received for: Datadog.Trace
[2025-06-10 13:12:22.322 -07:00|1|formsample|True] Looking for: C:\Program Files\Datadog\.NET Tracer\net6.0\Datadog.Trace.dll
[2025-06-10 13:12:22.323 -07:00|1|formsample|True] Loading from cache. [Path: C:\Program Files\Datadog\.NET Tracer\net6.0\Datadog.Trace.dll]
[2025-06-10 13:12:22.324 -07:00|1|formsample|True] Assembly Resolve event received for: Datadog.Trace
[2025-06-10 13:12:22.325 -07:00|1|formsample|True] Looking for: C:\Program Files\Datadog\.NET Tracer\net6.0\Datadog.Trace.dll
[2025-06-10 13:12:22.326 -07:00|1|formsample|True] Loading from cache. [Path: C:\Program Files\Datadog\.NET Tracer\net6.0\Datadog.Trace.dll]
[2025-06-10 13:12:22.327 -07:00|1|formsample|True] Assembly Resolve event received for: Datadog.Trace
[2025-06-10 13:12:22.328 -07:00|1|formsample|True] Looking for: C:\Program Files\Datadog\.NET Tracer\net6.0\Datadog.Trace.dll
[2025-06-10 13:12:22.329 -07:00|1|formsample|True] Loading from cache. [Path: C:\Program Files\Datadog\.NET Tracer\net6.0\Datadog.Trace.dll]
[2025-06-10 13:12:22.329 -07:00|1|formsample|True] Assembly Resolve event received for: Datadog.Trace
[2025-06-10 13:12:22.330 -07:00|1|formsample|True] Looking for: C:\Program Files\Datadog\.NET Tracer\net6.0\Datadog.Trace.dll
[2025-06-10 13:12:22.331 -07:00|1|formsample|True] Loading from cache. [Path: C:\Program Files\Datadog\.NET Tracer\net6.0\Datadog.Trace.dll]
[2025-06-10 13:12:22.332 -07:00|1|formsample|True] Assembly Resolve event received for: Datadog.Trace
[2025-06-10 13:12:22.333 -07:00|1|formsample|True] Looking for: C:\Program Files\Datadog\.NET Tracer\net6.0\Datadog.Trace.dll
[2025-06-10 13:12:22.334 -07:00|1|formsample|True] Loading from cache. [Path: C:\Program Files\Datadog\.NET Tracer\net6.0\Datadog.Trace.dll]
[2025-06-10 13:12:22.334 -07:00|1|formsample|True] Assembly Resolve event received for: Datadog.Trace
[2025-06-10 13:12:22.335 -07:00|1|formsample|True] Looking for: C:\Program Files\Datadog\.NET Tracer\net6.0\Datadog.Trace.dll
[2025-06-10 13:12:22.336 -07:00|1|formsample|True] Loading from cache. [Path: C:\Program Files\Datadog\.NET Tracer\net6.0\Datadog.Trace.dll]
[2025-06-10 13:12:22.337 -07:00|1|formsample|True] Assembly Resolve event received for: Datadog.Trace
[2025-06-10 13:12:22.338 -07:00|1|formsample|True] Looking for: C:\Program Files\Datadog\.NET Tracer\net6.0\Datadog.Trace.dll
[2025-06-10 13:12:22.339 -07:00|1|formsample|True] Loading from cache. [Path: C:\Program Files\Datadog\.NET Tracer\net6.0\Datadog.Trace.dll]
[2025-06-10 13:12:22.341 -07:00|1|formsample|True] Assembly Resolve event received for: Datadog.Trace
[2025-06-10 13:12:22.342 -07:00|1|formsample|True] Looking for: C:\Program Files\Datadog\.NET Tracer\net6.0\Datadog.Trace.dll
[2025-06-10 13:12:22.343 -07:00|1|formsample|True] Loading from cache. [Path: C:\Program Files\Datadog\.NET Tracer\net6.0\Datadog.Trace.dll]
[2025-06-10 13:12:22.344 -07:00|1|formsample|True] Assembly Resolve event received for: Datadog.Trace
[2025-06-10 13:12:22.345 -07:00|1|formsample|True] Looking for: C:\Program Files\Datadog\.NET Tracer\net6.0\Datadog.Trace.dll
[2025-06-10 13:12:22.345 -07:00|1|formsample|True] Loading from cache. [Path: C:\Program Files\Datadog\.NET Tracer\net6.0\Datadog.Trace.dll]
[2025-06-10 13:12:22.347 -07:00|1|formsample|True] Assembly Resolve event received for: Datadog.Trace
[2025-06-10 13:12:22.348 -07:00|1|formsample|True] Looking for: C:\Program Files\Datadog\.NET Tracer\net6.0\Datadog.Trace.dll
[2025-06-10 13:12:22.349 -07:00|1|formsample|True] Loading from cache. [Path: C:\Program Files\Datadog\.NET Tracer\net6.0\Datadog.Trace.dll]
[2025-06-10 13:12:22.351 -07:00|1|formsample|True] Assembly Resolve event received for: Datadog.Trace
[2025-06-10 13:12:22.352 -07:00|1|formsample|True] Looking for: C:\Program Files\Datadog\.NET Tracer\net6.0\Datadog.Trace.dll
[2025-06-10 13:12:22.353 -07:00|1|formsample|True] Loading from cache. [Path: C:\Program Files\Datadog\.NET Tracer\net6.0\Datadog.Trace.dll]
[2025-06-10 13:12:22.355 -07:00|1|formsample|True] Assembly Resolve event received for: Datadog.Trace
[2025-06-10 13:12:22.356 -07:00|1|formsample|True] Looking for: C:\Program Files\Datadog\.NET Tracer\net6.0\Datadog.Trace.dll
[2025-06-10 13:12:22.357 -07:00|1|formsample|True] Loading from cache. [Path: C:\Program Files\Datadog\.NET Tracer\net6.0\Datadog.Trace.dll]
[2025-06-10 13:12:22.359 -07:00|1|formsample|True] Assembly Resolve event received for: Datadog.Trace
[2025-06-10 13:12:22.360 -07:00|1|formsample|True] Looking for: C:\Program Files\Datadog\.NET Tracer\net6.0\Datadog.Trace.dll
[2025-06-10 13:12:22.361 -07:00|1|formsample|True] Loading from cache. [Path: C:\Program Files\Datadog\.NET Tracer\net6.0\Datadog.Trace.dll]
[2025-06-10 13:12:22.362 -07:00|1|formsample|True] Assembly Resolve event received for: Datadog.Trace
[2025-06-10 13:12:22.363 -07:00|1|formsample|True] Looking for: C:\Program Files\Datadog\.NET Tracer\net6.0\Datadog.Trace.dll
[2025-06-10 13:12:22.364 -07:00|1|formsample|True] Loading from cache. [Path: C:\Program Files\Datadog\.NET Tracer\net6.0\Datadog.Trace.dll]
[2025-06-10 13:12:22.365 -07:00|1|formsample|True] Assembly Resolve event received for: Datadog.Trace
[2025-06-10 13:12:22.366 -07:00|1|formsample|True] Looking for: C:\Program Files\Datadog\.NET Tracer\net6.0\Datadog.Trace.dll
[2025-06-10 13:12:22.367 -07:00|1|formsample|True] Loading from cache. [Path: C:\Program Files\Datadog\.NET Tracer\net6.0\Datadog.Trace.dll]
[2025-06-10 13:12:22.368 -07:00|1|formsample|True] Assembly Resolve event received for: Datadog.Trace
[2025-06-10 13:12:22.369 -07:00|1|formsample|True] Looking for: C:\Program Files\Datadog\.NET Tracer\net6.0\Datadog.Trace.dll
[2025-06-10 13:12:22.370 -07:00|1|formsample|True] Loading from cache. [Path: C:\Program Files\Datadog\.NET Tracer\net6.0\Datadog.Trace.dll]
[2025-06-10 13:12:22.414 -07:00|1|formsample|True] Assembly Resolve event received for: Datadog.Trace
[2025-06-10 13:12:22.415 -07:00|1|formsample|True] Looking for: C:\Program Files\Datadog\.NET Tracer\net6.0\Datadog.Trace.dll
[2025-06-10 13:12:22.417 -07:00|1|formsample|True] Loading from cache. [Path: C:\Program Files\Datadog\.NET Tracer\net6.0\Datadog.Trace.dll]
[2025-06-10 13:12:22.418 -07:00|1|formsample|True] Assembly Resolve event received for: Datadog.Trace
[2025-06-10 13:12:22.420 -07:00|1|formsample|True] Looking for: C:\Program Files\Datadog\.NET Tracer\net6.0\Datadog.Trace.dll
[2025-06-10 13:12:22.421 -07:00|1|formsample|True] Loading from cache. [Path: C:\Program Files\Datadog\.NET Tracer\net6.0\Datadog.Trace.dll]
[2025-06-10 13:12:22.422 -07:00|1|formsample|True] Assembly Resolve event received for: Datadog.Trace
[2025-06-10 13:12:22.424 -07:00|1|formsample|True] Looking for: C:\Program Files\Datadog\.NET Tracer\net6.0\Datadog.Trace.dll
[2025-06-10 13:12:22.425 -07:00|1|formsample|True] Loading from cache. [Path: C:\Program Files\Datadog\.NET Tracer\net6.0\Datadog.Trace.dll]
[2025-06-10 13:12:22.426 -07:00|1|formsample|True] Assembly Resolve event received for: Datadog.Trace
[2025-06-10 13:12:22.428 -07:00|1|formsample|True] Looking for: C:\Program Files\Datadog\.NET Tracer\net6.0\Datadog.Trace.dll
[2025-06-10 13:12:22.430 -07:00|1|formsample|True] Loading from cache. [Path: C:\Program Files\Datadog\.NET Tracer\net6.0\Datadog.Trace.dll]
[2025-06-10 13:12:22.431 -07:00|1|formsample|True] Assembly Resolve event received for: Datadog.Trace
[2025-06-10 13:12:22.433 -07:00|1|formsample|True] Looking for: C:\Program Files\Datadog\.NET Tracer\net6.0\Datadog.Trace.dll
[2025-06-10 13:12:22.434 -07:00|1|formsample|True] Loading from cache. [Path: C:\Program Files\Datadog\.NET Tracer\net6.0\Datadog.Trace.dll]
[2025-06-10 13:12:22.435 -07:00|1|formsample|True] Assembly Resolve event received for: Datadog.Trace
[2025-06-10 13:12:22.436 -07:00|1|formsample|True] Looking for: C:\Program Files\Datadog\.NET Tracer\net6.0\Datadog.Trace.dll
[2025-06-10 13:12:22.437 -07:00|1|formsample|True] Loading from cache. [Path: C:\Program Files\Datadog\.NET Tracer\net6.0\Datadog.Trace.dll]
[2025-06-10 13:12:22.439 -07:00|1|formsample|True] Assembly Resolve event received for: Datadog.Trace
[2025-06-10 13:12:22.440 -07:00|1|formsample|True] Looking for: C:\Program Files\Datadog\.NET Tracer\net6.0\Datadog.Trace.dll
[2025-06-10 13:12:22.441 -07:00|1|formsample|True] Loading from cache. [Path: C:\Program Files\Datadog\.NET Tracer\net6.0\Datadog.Trace.dll]
[2025-06-10 13:12:22.442 -07:00|1|formsample|True] Assembly Resolve event received for: Datadog.Trace
[2025-06-10 13:12:22.443 -07:00|1|formsample|True] Looking for: C:\Program Files\Datadog\.NET Tracer\net6.0\Datadog.Trace.dll
[2025-06-10 13:12:22.444 -07:00|1|formsample|True] Loading from cache. [Path: C:\Program Files\Datadog\.NET Tracer\net6.0\Datadog.Trace.dll]
[2025-06-10 13:12:22.446 -07:00|1|formsample|True] Assembly Resolve event received for: Datadog.Trace
[2025-06-10 13:12:22.447 -07:00|1|formsample|True] Looking for: C:\Program Files\Datadog\.NET Tracer\net6.0\Datadog.Trace.dll
[2025-06-10 13:12:22.448 -07:00|1|formsample|True] Loading from cache. [Path: C:\Program Files\Datadog\.NET Tracer\net6.0\Datadog.Trace.dll]
[2025-06-10 13:12:22.449 -07:00|1|formsample|True] Assembly Resolve event received for: Datadog.Trace
[2025-06-10 13:12:22.450 -07:00|1|formsample|True] Looking for: C:\Program Files\Datadog\.NET Tracer\net6.0\Datadog.Trace.dll
[2025-06-10 13:12:22.452 -07:00|1|formsample|True] Loading from cache. [Path: C:\Program Files\Datadog\.NET Tracer\net6.0\Datadog.Trace.dll]
[2025-06-10 13:12:22.453 -07:00|1|formsample|True] Assembly Resolve event received for: Datadog.Trace
[2025-06-10 13:12:22.455 -07:00|1|formsample|True] Looking for: C:\Program Files\Datadog\.NET Tracer\net6.0\Datadog.Trace.dll
[2025-06-10 13:12:22.456 -07:00|1|formsample|True] Loading from cache. [Path: C:\Program Files\Datadog\.NET Tracer\net6.0\Datadog.Trace.dll]
[2025-06-10 13:12:22.457 -07:00|1|formsample|True] Assembly Resolve event received for: Datadog.Trace
[2025-06-10 13:12:22.458 -07:00|1|formsample|True] Looking for: C:\Program Files\Datadog\.NET Tracer\net6.0\Datadog.Trace.dll
[2025-06-10 13:12:22.459 -07:00|1|formsample|True] Loading from cache. [Path: C:\Program Files\Datadog\.NET Tracer\net6.0\Datadog.Trace.dll]
[2025-06-10 13:12:22.460 -07:00|1|formsample|True] Assembly Resolve event received for: Datadog.Trace
[2025-06-10 13:12:22.462 -07:00|1|formsample|True] Looking for: C:\Program Files\Datadog\.NET Tracer\net6.0\Datadog.Trace.dll
[2025-06-10 13:12:22.464 -07:00|1|formsample|True] Loading from cache. [Path: C:\Program Files\Datadog\.NET Tracer\net6.0\Datadog.Trace.dll]
[2025-06-10 13:12:22.465 -07:00|1|formsample|True] Assembly Resolve event received for: Datadog.Trace
[2025-06-10 13:12:22.466 -07:00|1|formsample|True] Looking for: C:\Program Files\Datadog\.NET Tracer\net6.0\Datadog.Trace.dll
[2025-06-10 13:12:22.468 -07:00|1|formsample|True] Loading from cache. [Path: C:\Program Files\Datadog\.NET Tracer\net6.0\Datadog.Trace.dll]
[2025-06-10 13:12:22.469 -07:00|1|formsample|True] Assembly Resolve event received for: Datadog.Trace
[2025-06-10 13:12:22.471 -07:00|1|formsample|True] Looking for: C:\Program Files\Datadog\.NET Tracer\net6.0\Datadog.Trace.dll
[2025-06-10 13:12:22.472 -07:00|1|formsample|True] Loading from cache. [Path: C:\Program Files\Datadog\.NET Tracer\net6.0\Datadog.Trace.dll]
[2025-06-10 13:12:22.473 -07:00|1|formsample|True] Assembly Resolve event received for: Datadog.Trace
[2025-06-10 13:12:22.475 -07:00|1|formsample|True] Looking for: C:\Program Files\Datadog\.NET Tracer\net6.0\Datadog.Trace.dll
[2025-06-10 13:12:22.476 -07:00|1|formsample|True] Loading from cache. [Path: C:\Program Files\Datadog\.NET Tracer\net6.0\Datadog.Trace.dll]
[2025-06-10 13:12:22.477 -07:00|1|formsample|True] Assembly Resolve event received for: Datadog.Trace
[2025-06-10 13:12:22.478 -07:00|1|formsample|True] Looking for: C:\Program Files\Datadog\.NET Tracer\net6.0\Datadog.Trace.dll
[2025-06-10 13:12:22.480 -07:00|1|formsample|True] Loading from cache. [Path: C:\Program Files\Datadog\.NET Tracer\net6.0\Datadog.Trace.dll]
[2025-06-10 13:12:22.481 -07:00|1|formsample|True] Assembly Resolve event received for: Datadog.Trace
[2025-06-10 13:12:22.482 -07:00|1|formsample|True] Looking for: C:\Program Files\Datadog\.NET Tracer\net6.0\Datadog.Trace.dll
[2025-06-10 13:12:22.483 -07:00|1|formsample|True] Loading from cache. [Path: C:\Program Files\Datadog\.NET Tracer\net6.0\Datadog.Trace.dll]
[2025-06-10 13:12:22.484 -07:00|1|formsample|True] Assembly Resolve event received for: Datadog.Trace
[2025-06-10 13:12:22.486 -07:00|1|formsample|True] Looking for: C:\Program Files\Datadog\.NET Tracer\net6.0\Datadog.Trace.dll
[2025-06-10 13:12:22.487 -07:00|1|formsample|True] Loading from cache. [Path: C:\Program Files\Datadog\.NET Tracer\net6.0\Datadog.Trace.dll]
[2025-06-10 13:12:22.488 -07:00|1|formsample|True] Assembly Resolve event received for: Datadog.Trace
[2025-06-10 13:12:22.489 -07:00|1|formsample|True] Looking for: C:\Program Files\Datadog\.NET Tracer\net6.0\Datadog.Trace.dll
[2025-06-10 13:12:22.490 -07:00|1|formsample|True] Loading from cache. [Path: C:\Program Files\Datadog\.NET Tracer\net6.0\Datadog.Trace.dll]
[2025-06-10 13:14:22.429 -07:00|1|formsample|True] Assembly Resolve event received for: Datadog.Trace
[2025-06-10 13:14:22.432 -07:00|1|formsample|True] Looking for: C:\Program Files\Datadog\.NET Tracer\net6.0\Datadog.Trace.dll
[2025-06-10 13:14:22.433 -07:00|1|formsample|True] Loading from cache. [Path: C:\Program Files\Datadog\.NET Tracer\net6.0\Datadog.Trace.dll]
[2025-06-10 13:14:22.435 -07:00|1|formsample|True] Assembly Resolve event received for: Datadog.Trace
[2025-06-10 13:14:22.437 -07:00|1|formsample|True] Looking for: C:\Program Files\Datadog\.NET Tracer\net6.0\Datadog.Trace.dll
[2025-06-10 13:14:22.439 -07:00|1|formsample|True] Loading from cache. [Path: C:\Program Files\Datadog\.NET Tracer\net6.0\Datadog.Trace.dll]
[2025-06-10 13:14:22.440 -07:00|1|formsample|True] Assembly Resolve event received for: Datadog.Trace
[2025-06-10 13:14:22.442 -07:00|1|formsample|True] Looking for: C:\Program Files\Datadog\.NET Tracer\net6.0\Datadog.Trace.dll
[2025-06-10 13:14:22.443 -07:00|1|formsample|True] Loading from cache. [Path: C:\Program Files\Datadog\.NET Tracer\net6.0\Datadog.Trace.dll]
[2025-06-10 13:14:22.444 -07:00|1|formsample|True] Assembly Resolve event received for: Datadog.Trace
[2025-06-10 13:14:22.445 -07:00|1|formsample|True] Looking for: C:\Program Files\Datadog\.NET Tracer\net6.0\Datadog.Trace.dll
[2025-06-10 13:14:22.446 -07:00|1|formsample|True] Loading from cache. [Path: C:\Program Files\Datadog\.NET Tracer\net6.0\Datadog.Trace.dll]
[2025-06-10 13:14:22.447 -07:00|1|formsample|True] Assembly Resolve event received for: Datadog.Trace
[2025-06-10 13:14:22.448 -07:00|1|formsample|True] Looking for: C:\Program Files\Datadog\.NET Tracer\net6.0\Datadog.Trace.dll
[2025-06-10 13:14:22.449 -07:00|1|formsample|True] Loading from cache. [Path: C:\Program Files\Datadog\.NET Tracer\net6.0\Datadog.Trace.dll]
[2025-06-10 13:14:22.450 -07:00|1|formsample|True] Assembly Resolve event received for: Datadog.Trace
[2025-06-10 13:14:22.451 -07:00|1|formsample|True] Looking for: C:\Program Files\Datadog\.NET Tracer\net6.0\Datadog.Trace.dll
[2025-06-10 13:14:22.452 -07:00|1|formsample|True] Loading from cache. [Path: C:\Program Files\Datadog\.NET Tracer\net6.0\Datadog.Trace.dll]
[2025-06-10 13:14:22.453 -07:00|1|formsample|True] Assembly Resolve event received for: Datadog.Trace
[2025-06-10 13:14:22.456 -07:00|1|formsample|True] Looking for: C:\Program Files\Datadog\.NET Tracer\net6.0\Datadog.Trace.dll
[2025-06-10 13:14:22.458 -07:00|1|formsample|True] Loading from cache. [Path: C:\Program Files\Datadog\.NET Tracer\net6.0\Datadog.Trace.dll]
[2025-06-10 13:14:22.460 -07:00|1|formsample|True] Assembly Resolve event received for: Datadog.Trace
[2025-06-10 13:14:22.462 -07:00|1|formsample|True] Looking for: C:\Program Files\Datadog\.NET Tracer\net6.0\Datadog.Trace.dll
[2025-06-10 13:14:22.464 -07:00|1|formsample|True] Loading from cache. [Path: C:\Program Files\Datadog\.NET Tracer\net6.0\Datadog.Trace.dll]
[2025-06-10 13:14:22.465 -07:00|1|formsample|True] Assembly Resolve event received for: Datadog.Trace
[2025-06-10 13:14:22.467 -07:00|1|formsample|True] Looking for: C:\Program Files\Datadog\.NET Tracer\net6.0\Datadog.Trace.dll
[2025-06-10 13:14:22.468 -07:00|1|formsample|True] Loading from cache. [Path: C:\Program Files\Datadog\.NET Tracer\net6.0\Datadog.Trace.dll]
[2025-06-10 13:14:22.469 -07:00|1|formsample|True] Assembly Resolve event received for: Datadog.Trace
[2025-06-10 13:14:22.470 -07:00|1|formsample|True] Looking for: C:\Program Files\Datadog\.NET Tracer\net6.0\Datadog.Trace.dll
[2025-06-10 13:14:22.471 -07:00|1|formsample|True] Loading from cache. [Path: C:\Program Files\Datadog\.NET Tracer\net6.0\Datadog.Trace.dll]
[2025-06-10 13:14:22.472 -07:00|1|formsample|True] Assembly Resolve event received for: Datadog.Trace
[2025-06-10 13:14:22.473 -07:00|1|formsample|True] Looking for: C:\Program Files\Datadog\.NET Tracer\net6.0\Datadog.Trace.dll
[2025-06-10 13:14:22.474 -07:00|1|formsample|True] Loading from cache. [Path: C:\Program Files\Datadog\.NET Tracer\net6.0\Datadog.Trace.dll]
[2025-06-10 13:14:22.475 -07:00|1|formsample|True] Assembly Resolve event received for: Datadog.Trace
[2025-06-10 13:14:22.476 -07:00|1|formsample|True] Looking for: C:\Program Files\Datadog\.NET Tracer\net6.0\Datadog.Trace.dll
[2025-06-10 13:14:22.478 -07:00|1|formsample|True] Loading from cache. [Path: C:\Program Files\Datadog\.NET Tracer\net6.0\Datadog.Trace.dll]
[2025-06-10 13:14:22.479 -07:00|1|formsample|True] Assembly Resolve event received for: Datadog.Trace
[2025-06-10 13:14:22.481 -07:00|1|formsample|True] Looking for: C:\Program Files\Datadog\.NET Tracer\net6.0\Datadog.Trace.dll
[2025-06-10 13:14:22.482 -07:00|1|formsample|True] Loading from cache. [Path: C:\Program Files\Datadog\.NET Tracer\net6.0\Datadog.Trace.dll]
[2025-06-10 13:14:22.484 -07:00|1|formsample|True] Assembly Resolve event received for: Datadog.Trace
[2025-06-10 13:14:22.487 -07:00|1|formsample|True] Looking for: C:\Program Files\Datadog\.NET Tracer\net6.0\Datadog.Trace.dll
[2025-06-10 13:14:22.489 -07:00|1|formsample|True] Loading from cache. [Path: C:\Program Files\Datadog\.NET Tracer\net6.0\Datadog.Trace.dll]
[2025-06-10 13:14:22.491 -07:00|1|formsample|True] Assembly Resolve event received for: Datadog.Trace
[2025-06-10 13:14:22.492 -07:00|1|formsample|True] Looking for: C:\Program Files\Datadog\.NET Tracer\net6.0\Datadog.Trace.dll
[2025-06-10 13:14:22.493 -07:00|1|formsample|True] Loading from cache. [Path: C:\Program Files\Datadog\.NET Tracer\net6.0\Datadog.Trace.dll]
[2025-06-10 13:14:22.495 -07:00|1|formsample|True] Assembly Resolve event received for: Datadog.Trace
[2025-06-10 13:14:22.496 -07:00|1|formsample|True] Looking for: C:\Program Files\Datadog\.NET Tracer\net6.0\Datadog.Trace.dll
[2025-06-10 13:14:22.497 -07:00|1|formsample|True] Loading from cache. [Path: C:\Program Files\Datadog\.NET Tracer\net6.0\Datadog.Trace.dll]
[2025-06-10 13:14:22.498 -07:00|1|formsample|True] Assembly Resolve event received for: Datadog.Trace
[2025-06-10 13:14:22.500 -07:00|1|formsample|True] Looking for: C:\Program Files\Datadog\.NET Tracer\net6.0\Datadog.Trace.dll
[2025-06-10 13:14:22.502 -07:00|1|formsample|True] Loading from cache. [Path: C:\Program Files\Datadog\.NET Tracer\net6.0\Datadog.Trace.dll]
[2025-06-10 13:14:22.504 -07:00|1|formsample|True] Assembly Resolve event received for: Datadog.Trace
[2025-06-10 13:14:22.506 -07:00|1|formsample|True] Looking for: C:\Program Files\Datadog\.NET Tracer\net6.0\Datadog.Trace.dll
[2025-06-10 13:14:22.507 -07:00|1|formsample|True] Loading from cache. [Path: C:\Program Files\Datadog\.NET Tracer\net6.0\Datadog.Trace.dll]
[2025-06-10 13:14:22.509 -07:00|1|formsample|True] Assembly Resolve event received for: Datadog.Trace
[2025-06-10 13:14:22.510 -07:00|1|formsample|True] Looking for: C:\Program Files\Datadog\.NET Tracer\net6.0\Datadog.Trace.dll
[2025-06-10 13:14:22.511 -07:00|1|formsample|True] Loading from cache. [Path: C:\Program Files\Datadog\.NET Tracer\net6.0\Datadog.Trace.dll]
[2025-06-10 13:14:22.513 -07:00|1|formsample|True] Assembly Resolve event received for: Datadog.Trace
[2025-06-10 13:14:22.514 -07:00|1|formsample|True] Looking for: C:\Program Files\Datadog\.NET Tracer\net6.0\Datadog.Trace.dll
[2025-06-10 13:14:22.515 -07:00|1|formsample|True] Loading from cache. [Path: C:\Program Files\Datadog\.NET Tracer\net6.0\Datadog.Trace.dll]
[2025-06-10 13:14:22.738 -07:00|1|formsample|True] Assembly Resolve event received for: Datadog.Trace
[2025-06-10 13:14:22.749 -07:00|1|formsample|True] Looking for: C:\Program Files\Datadog\.NET Tracer\net6.0\Datadog.Trace.dll
[2025-06-10 13:14:22.752 -07:00|1|formsample|True] Loading from cache. [Path: C:\Program Files\Datadog\.NET Tracer\net6.0\Datadog.Trace.dll]
[2025-06-10 13:14:22.754 -07:00|1|formsample|True] Assembly Resolve event received for: Datadog.Trace
[2025-06-10 13:14:22.755 -07:00|1|formsample|True] Looking for: C:\Program Files\Datadog\.NET Tracer\net6.0\Datadog.Trace.dll
[2025-06-10 13:14:22.756 -07:00|1|formsample|True] Loading from cache. [Path: C:\Program Files\Datadog\.NET Tracer\net6.0\Datadog.Trace.dll]
[2025-06-10 13:14:22.758 -07:00|1|formsample|True] Assembly Resolve event received for: Datadog.Trace
[2025-06-10 13:14:22.759 -07:00|1|formsample|True] Looking for: C:\Program Files\Datadog\.NET Tracer\net6.0\Datadog.Trace.dll
[2025-06-10 13:14:22.760 -07:00|1|formsample|True] Loading from cache. [Path: C:\Program Files\Datadog\.NET Tracer\net6.0\Datadog.Trace.dll]
[2025-06-10 13:14:22.761 -07:00|1|formsample|True] Assembly Resolve event received for: Datadog.Trace
[2025-06-10 13:14:22.762 -07:00|1|formsample|True] Looking for: C:\Program Files\Datadog\.NET Tracer\net6.0\Datadog.Trace.dll
[2025-06-10 13:14:22.763 -07:00|1|formsample|True] Loading from cache. [Path: C:\Program Files\Datadog\.NET Tracer\net6.0\Datadog.Trace.dll]
[2025-06-10 13:14:22.764 -07:00|1|formsample|True] Assembly Resolve event received for: Datadog.Trace
[2025-06-10 13:14:22.764 -07:00|1|formsample|True] Looking for: C:\Program Files\Datadog\.NET Tracer\net6.0\Datadog.Trace.dll
[2025-06-10 13:14:22.765 -07:00|1|formsample|True] Loading from cache. [Path: C:\Program Files\Datadog\.NET Tracer\net6.0\Datadog.Trace.dll]
[2025-06-10 13:14:22.766 -07:00|1|formsample|True] Assembly Resolve event received for: Datadog.Trace
[2025-06-10 13:14:22.768 -07:00|1|formsample|True] Looking for: C:\Program Files\Datadog\.NET Tracer\net6.0\Datadog.Trace.dll
[2025-06-10 13:14:22.770 -07:00|1|formsample|True] Loading from cache. [Path: C:\Program Files\Datadog\.NET Tracer\net6.0\Datadog.Trace.dll]
[2025-06-10 13:14:22.771 -07:00|1|formsample|True] Assembly Resolve event received for: Datadog.Trace
[2025-06-10 13:14:22.772 -07:00|1|formsample|True] Looking for: C:\Program Files\Datadog\.NET Tracer\net6.0\Datadog.Trace.dll
[2025-06-10 13:14:22.773 -07:00|1|formsample|True] Loading from cache. [Path: C:\Program Files\Datadog\.NET Tracer\net6.0\Datadog.Trace.dll]
[2025-06-10 13:14:22.774 -07:00|1|formsample|True] Assembly Resolve event received for: Datadog.Trace
[2025-06-10 13:14:22.774 -07:00|1|formsample|True] Looking for: C:\Program Files\Datadog\.NET Tracer\net6.0\Datadog.Trace.dll
[2025-06-10 13:14:22.775 -07:00|1|formsample|True] Loading from cache. [Path: C:\Program Files\Datadog\.NET Tracer\net6.0\Datadog.Trace.dll]
[2025-06-10 13:14:22.777 -07:00|1|formsample|True] Assembly Resolve event received for: Datadog.Trace
[2025-06-10 13:14:22.778 -07:00|1|formsample|True] Looking for: C:\Program Files\Datadog\.NET Tracer\net6.0\Datadog.Trace.dll
[2025-06-10 13:14:22.779 -07:00|1|formsample|True] Loading from cache. [Path: C:\Program Files\Datadog\.NET Tracer\net6.0\Datadog.Trace.dll]
[2025-06-10 13:14:22.780 -07:00|1|formsample|True] Assembly Resolve event received for: Datadog.Trace
[2025-06-10 13:14:22.782 -07:00|1|formsample|True] Looking for: C:\Program Files\Datadog\.NET Tracer\net6.0\Datadog.Trace.dll
[2025-06-10 13:14:22.783 -07:00|1|formsample|True] Loading from cache. [Path: C:\Program Files\Datadog\.NET Tracer\net6.0\Datadog.Trace.dll]
[2025-06-10 13:14:22.784 -07:00|1|formsample|True] Assembly Resolve event received for: Datadog.Trace
[2025-06-10 13:14:22.785 -07:00|1|formsample|True] Looking for: C:\Program Files\Datadog\.NET Tracer\net6.0\Datadog.Trace.dll
[2025-06-10 13:14:22.787 -07:00|1|formsample|True] Loading from cache. [Path: C:\Program Files\Datadog\.NET Tracer\net6.0\Datadog.Trace.dll]
[2025-06-10 13:14:22.788 -07:00|1|formsample|True] Assembly Resolve event received for: Datadog.Trace
[2025-06-10 13:14:22.789 -07:00|1|formsample|True] Looking for: C:\Program Files\Datadog\.NET Tracer\net6.0\Datadog.Trace.dll
[2025-06-10 13:14:22.790 -07:00|1|formsample|True] Loading from cache. [Path: C:\Program Files\Datadog\.NET Tracer\net6.0\Datadog.Trace.dll]
[2025-06-10 13:14:22.792 -07:00|1|formsample|True] Assembly Resolve event received for: Datadog.Trace
[2025-06-10 13:14:22.793 -07:00|1|formsample|True] Looking for: C:\Program Files\Datadog\.NET Tracer\net6.0\Datadog.Trace.dll
[2025-06-10 13:14:22.794 -07:00|1|formsample|True] Loading from cache. [Path: C:\Program Files\Datadog\.NET Tracer\net6.0\Datadog.Trace.dll]
[2025-06-10 13:14:22.796 -07:00|1|formsample|True] Assembly Resolve event received for: Datadog.Trace
[2025-06-10 13:14:22.797 -07:00|1|formsample|True] Looking for: C:\Program Files\Datadog\.NET Tracer\net6.0\Datadog.Trace.dll
[2025-06-10 13:14:22.798 -07:00|1|formsample|True] Loading from cache. [Path: C:\Program Files\Datadog\.NET Tracer\net6.0\Datadog.Trace.dll]
[2025-06-10 13:14:22.799 -07:00|1|formsample|True] Assembly Resolve event received for: Datadog.Trace
[2025-06-10 13:14:22.801 -07:00|1|formsample|True] Looking for: C:\Program Files\Datadog\.NET Tracer\net6.0\Datadog.Trace.dll
[2025-06-10 13:14:22.803 -07:00|1|formsample|True] Loading from cache. [Path: C:\Program Files\Datadog\.NET Tracer\net6.0\Datadog.Trace.dll]
[2025-06-10 13:14:22.804 -07:00|1|formsample|True] Assembly Resolve event received for: Datadog.Trace
[2025-06-10 13:14:22.805 -07:00|1|formsample|True] Looking for: C:\Program Files\Datadog\.NET Tracer\net6.0\Datadog.Trace.dll
[2025-06-10 13:14:22.806 -07:00|1|formsample|True] Loading from cache. [Path: C:\Program Files\Datadog\.NET Tracer\net6.0\Datadog.Trace.dll]
[2025-06-10 13:14:22.808 -07:00|1|formsample|True] Assembly Resolve event received for: Datadog.Trace
[2025-06-10 13:14:22.810 -07:00|1|formsample|True] Looking for: C:\Program Files\Datadog\.NET Tracer\net6.0\Datadog.Trace.dll
[2025-06-10 13:14:22.811 -07:00|1|formsample|True] Loading from cache. [Path: C:\Program Files\Datadog\.NET Tracer\net6.0\Datadog.Trace.dll]
[2025-06-10 13:14:22.814 -07:00|1|formsample|True] Assembly Resolve event received for: Datadog.Trace
[2025-06-10 13:14:22.815 -07:00|1|formsample|True] Looking for: C:\Program Files\Datadog\.NET Tracer\net6.0\Datadog.Trace.dll
[2025-06-10 13:14:22.816 -07:00|1|formsample|True] Loading from cache. [Path: C:\Program Files\Datadog\.NET Tracer\net6.0\Datadog.Trace.dll]
[2025-06-10 13:14:22.817 -07:00|1|formsample|True] Assembly Resolve event received for: Datadog.Trace
[2025-06-10 13:14:22.818 -07:00|1|formsample|True] Looking for: C:\Program Files\Datadog\.NET Tracer\net6.0\Datadog.Trace.dll
[2025-06-10 13:14:22.819 -07:00|1|formsample|True] Loading from cache. [Path: C:\Program Files\Datadog\.NET Tracer\net6.0\Datadog.Trace.dll]
[2025-06-10 13:14:22.820 -07:00|1|formsample|True] Assembly Resolve event received for: Datadog.Trace
[2025-06-10 13:14:22.821 -07:00|1|formsample|True] Looking for: C:\Program Files\Datadog\.NET Tracer\net6.0\Datadog.Trace.dll
[2025-06-10 13:14:22.821 -07:00|1|formsample|True] Loading from cache. [Path: C:\Program Files\Datadog\.NET Tracer\net6.0\Datadog.Trace.dll]
[2025-06-10 13:15:21.561 -07:00|1|formsample|True] Assembly Resolve event received for: Datadog.Trace
[2025-06-10 13:15:21.564 -07:00|1|formsample|True] Looking for: C:\Program Files\Datadog\.NET Tracer\net6.0\Datadog.Trace.dll
[2025-06-10 13:15:21.565 -07:00|1|formsample|True] Loading from cache. [Path: C:\Program Files\Datadog\.NET Tracer\net6.0\Datadog.Trace.dll]
[2025-06-10 13:15:21.566 -07:00|1|formsample|True] Assembly Resolve event received for: Datadog.Trace
[2025-06-10 13:15:21.567 -07:00|1|formsample|True] Looking for: C:\Program Files\Datadog\.NET Tracer\net6.0\Datadog.Trace.dll
[2025-06-10 13:15:21.568 -07:00|1|formsample|True] Loading from cache. [Path: C:\Program Files\Datadog\.NET Tracer\net6.0\Datadog.Trace.dll]
[2025-06-10 13:15:21.569 -07:00|1|formsample|True] Assembly Resolve event received for: Datadog.Trace
[2025-06-10 13:15:21.570 -07:00|1|formsample|True] Looking for: C:\Program Files\Datadog\.NET Tracer\net6.0\Datadog.Trace.dll
[2025-06-10 13:15:21.570 -07:00|1|formsample|True] Loading from cache. [Path: C:\Program Files\Datadog\.NET Tracer\net6.0\Datadog.Trace.dll]
[2025-06-10 13:15:21.571 -07:00|1|formsample|True] Assembly Resolve event received for: Datadog.Trace
[2025-06-10 13:15:21.572 -07:00|1|formsample|True] Looking for: C:\Program Files\Datadog\.NET Tracer\net6.0\Datadog.Trace.dll
[2025-06-10 13:15:21.573 -07:00|1|formsample|True] Loading from cache. [Path: C:\Program Files\Datadog\.NET Tracer\net6.0\Datadog.Trace.dll]
[2025-06-10 13:15:21.574 -07:00|1|formsample|True] Assembly Resolve event received for: Datadog.Trace
[2025-06-10 13:15:21.575 -07:00|1|formsample|True] Looking for: C:\Program Files\Datadog\.NET Tracer\net6.0\Datadog.Trace.dll
[2025-06-10 13:15:21.575 -07:00|1|formsample|True] Loading from cache. [Path: C:\Program Files\Datadog\.NET Tracer\net6.0\Datadog.Trace.dll]
[2025-06-10 13:15:21.576 -07:00|1|formsample|True] Assembly Resolve event received for: Datadog.Trace
[2025-06-10 13:15:21.577 -07:00|1|formsample|True] Looking for: C:\Program Files\Datadog\.NET Tracer\net6.0\Datadog.Trace.dll
[2025-06-10 13:15:21.578 -07:00|1|formsample|True] Loading from cache. [Path: C:\Program Files\Datadog\.NET Tracer\net6.0\Datadog.Trace.dll]
[2025-06-10 13:15:21.579 -07:00|1|formsample|True] Assembly Resolve event received for: Datadog.Trace
[2025-06-10 13:15:21.580 -07:00|1|formsample|True] Looking for: C:\Program Files\Datadog\.NET Tracer\net6.0\Datadog.Trace.dll
[2025-06-10 13:15:21.581 -07:00|1|formsample|True] Loading from cache. [Path: C:\Program Files\Datadog\.NET Tracer\net6.0\Datadog.Trace.dll]
[2025-06-10 13:15:21.582 -07:00|1|formsample|True] Assembly Resolve event received for: Datadog.Trace
[2025-06-10 13:15:21.583 -07:00|1|formsample|True] Looking for: C:\Program Files\Datadog\.NET Tracer\net6.0\Datadog.Trace.dll
[2025-06-10 13:15:21.583 -07:00|1|formsample|True] Loading from cache. [Path: C:\Program Files\Datadog\.NET Tracer\net6.0\Datadog.Trace.dll]
[2025-06-10 13:15:21.584 -07:00|1|formsample|True] Assembly Resolve event received for: Datadog.Trace
[2025-06-10 13:15:21.585 -07:00|1|formsample|True] Looking for: C:\Program Files\Datadog\.NET Tracer\net6.0\Datadog.Trace.dll
[2025-06-10 13:15:21.586 -07:00|1|formsample|True] Loading from cache. [Path: C:\Program Files\Datadog\.NET Tracer\net6.0\Datadog.Trace.dll]
[2025-06-10 13:15:21.587 -07:00|1|formsample|True] Assembly Resolve event received for: Datadog.Trace
[2025-06-10 13:15:21.588 -07:00|1|formsample|True] Looking for: C:\Program Files\Datadog\.NET Tracer\net6.0\Datadog.Trace.dll
[2025-06-10 13:15:21.589 -07:00|1|formsample|True] Loading from cache. [Path: C:\Program Files\Datadog\.NET Tracer\net6.0\Datadog.Trace.dll]
[2025-06-10 13:15:21.590 -07:00|1|formsample|True] Assembly Resolve event received for: Datadog.Trace
[2025-06-10 13:15:21.591 -07:00|1|formsample|True] Looking for: C:\Program Files\Datadog\.NET Tracer\net6.0\Datadog.Trace.dll
[2025-06-10 13:15:21.592 -07:00|1|formsample|True] Loading from cache. [Path: C:\Program Files\Datadog\.NET Tracer\net6.0\Datadog.Trace.dll]
[2025-06-10 13:15:21.593 -07:00|1|formsample|True] Assembly Resolve event received for: Datadog.Trace
[2025-06-10 13:15:21.594 -07:00|1|formsample|True] Looking for: C:\Program Files\Datadog\.NET Tracer\net6.0\Datadog.Trace.dll
[2025-06-10 13:15:21.595 -07:00|1|formsample|True] Loading from cache. [Path: C:\Program Files\Datadog\.NET Tracer\net6.0\Datadog.Trace.dll]
[2025-06-10 13:15:21.596 -07:00|1|formsample|True] Assembly Resolve event received for: Datadog.Trace
[2025-06-10 13:15:21.597 -07:00|1|formsample|True] Looking for: C:\Program Files\Datadog\.NET Tracer\net6.0\Datadog.Trace.dll
[2025-06-10 13:15:21.598 -07:00|1|formsample|True] Loading from cache. [Path: C:\Program Files\Datadog\.NET Tracer\net6.0\Datadog.Trace.dll]
[2025-06-10 13:15:21.599 -07:00|1|formsample|True] Assembly Resolve event received for: Datadog.Trace
[2025-06-10 13:15:21.600 -07:00|1|formsample|True] Looking for: C:\Program Files\Datadog\.NET Tracer\net6.0\Datadog.Trace.dll
[2025-06-10 13:15:21.601 -07:00|1|formsample|True] Loading from cache. [Path: C:\Program Files\Datadog\.NET Tracer\net6.0\Datadog.Trace.dll]
[2025-06-10 13:15:21.602 -07:00|1|formsample|True] Assembly Resolve event received for: Datadog.Trace
[2025-06-10 13:15:21.603 -07:00|1|formsample|True] Looking for: C:\Program Files\Datadog\.NET Tracer\net6.0\Datadog.Trace.dll
[2025-06-10 13:15:21.604 -07:00|1|formsample|True] Loading from cache. [Path: C:\Program Files\Datadog\.NET Tracer\net6.0\Datadog.Trace.dll]
[2025-06-10 13:15:21.605 -07:00|1|formsample|True] Assembly Resolve event received for: Datadog.Trace
[2025-06-10 13:15:21.606 -07:00|1|formsample|True] Looking for: C:\Program Files\Datadog\.NET Tracer\net6.0\Datadog.Trace.dll
[2025-06-10 13:15:21.607 -07:00|1|formsample|True] Loading from cache. [Path: C:\Program Files\Datadog\.NET Tracer\net6.0\Datadog.Trace.dll]
[2025-06-10 13:15:21.608 -07:00|1|formsample|True] Assembly Resolve event received for: Datadog.Trace
[2025-06-10 13:15:21.609 -07:00|1|formsample|True] Looking for: C:\Program Files\Datadog\.NET Tracer\net6.0\Datadog.Trace.dll
[2025-06-10 13:15:21.610 -07:00|1|formsample|True] Loading from cache. [Path: C:\Program Files\Datadog\.NET Tracer\net6.0\Datadog.Trace.dll]
[2025-06-10 13:15:21.611 -07:00|1|formsample|True] Assembly Resolve event received for: Datadog.Trace
[2025-06-10 13:15:21.612 -07:00|1|formsample|True] Looking for: C:\Program Files\Datadog\.NET Tracer\net6.0\Datadog.Trace.dll
[2025-06-10 13:15:21.613 -07:00|1|formsample|True] Loading from cache. [Path: C:\Program Files\Datadog\.NET Tracer\net6.0\Datadog.Trace.dll]
[2025-06-10 13:15:21.614 -07:00|1|formsample|True] Assembly Resolve event received for: Datadog.Trace
[2025-06-10 13:15:21.615 -07:00|1|formsample|True] Looking for: C:\Program Files\Datadog\.NET Tracer\net6.0\Datadog.Trace.dll
[2025-06-10 13:15:21.615 -07:00|1|formsample|True] Loading from cache. [Path: C:\Program Files\Datadog\.NET Tracer\net6.0\Datadog.Trace.dll]
[2025-06-10 13:15:21.616 -07:00|1|formsample|True] Assembly Resolve event received for: Datadog.Trace
[2025-06-10 13:15:21.617 -07:00|1|formsample|True] Looking for: C:\Program Files\Datadog\.NET Tracer\net6.0\Datadog.Trace.dll
[2025-06-10 13:15:21.618 -07:00|1|formsample|True] Loading from cache. [Path: C:\Program Files\Datadog\.NET Tracer\net6.0\Datadog.Trace.dll]
[2025-06-10 13:15:26.700 -07:00|1|formsample|True] Assembly Resolve event received for: Datadog.Trace
[2025-06-10 13:15:26.703 -07:00|1|formsample|True] Looking for: C:\Program Files\Datadog\.NET Tracer\net6.0\Datadog.Trace.dll
[2025-06-10 13:15:26.705 -07:00|1|formsample|True] Loading from cache. [Path: C:\Program Files\Datadog\.NET Tracer\net6.0\Datadog.Trace.dll]
[2025-06-10 13:15:26.706 -07:00|1|formsample|True] Assembly Resolve event received for: Datadog.Trace
[2025-06-10 13:15:26.707 -07:00|1|formsample|True] Looking for: C:\Program Files\Datadog\.NET Tracer\net6.0\Datadog.Trace.dll
[2025-06-10 13:15:26.708 -07:00|1|formsample|True] Loading from cache. [Path: C:\Program Files\Datadog\.NET Tracer\net6.0\Datadog.Trace.dll]
[2025-06-10 13:15:26.710 -07:00|1|formsample|True] Assembly Resolve event received for: Datadog.Trace
[2025-06-10 13:15:26.710 -07:00|1|formsample|True] Looking for: C:\Program Files\Datadog\.NET Tracer\net6.0\Datadog.Trace.dll
[2025-06-10 13:15:26.711 -07:00|1|formsample|True] Loading from cache. [Path: C:\Program Files\Datadog\.NET Tracer\net6.0\Datadog.Trace.dll]
[2025-06-10 13:15:26.712 -07:00|1|formsample|True] Assembly Resolve event received for: Datadog.Trace
[2025-06-10 13:15:26.713 -07:00|1|formsample|True] Looking for: C:\Program Files\Datadog\.NET Tracer\net6.0\Datadog.Trace.dll
[2025-06-10 13:15:26.714 -07:00|1|formsample|True] Loading from cache. [Path: C:\Program Files\Datadog\.NET Tracer\net6.0\Datadog.Trace.dll]
[2025-06-10 13:15:26.715 -07:00|1|formsample|True] Assembly Resolve event received for: Datadog.Trace
[2025-06-10 13:15:26.716 -07:00|1|formsample|True] Looking for: C:\Program Files\Datadog\.NET Tracer\net6.0\Datadog.Trace.dll
[2025-06-10 13:15:26.716 -07:00|1|formsample|True] Loading from cache. [Path: C:\Program Files\Datadog\.NET Tracer\net6.0\Datadog.Trace.dll]
[2025-06-10 13:15:26.717 -07:00|1|formsample|True] Assembly Resolve event received for: Datadog.Trace
[2025-06-10 13:15:26.718 -07:00|1|formsample|True] Looking for: C:\Program Files\Datadog\.NET Tracer\net6.0\Datadog.Trace.dll
[2025-06-10 13:15:26.719 -07:00|1|formsample|True] Loading from cache. [Path: C:\Program Files\Datadog\.NET Tracer\net6.0\Datadog.Trace.dll]
[2025-06-10 13:15:26.720 -07:00|1|formsample|True] Assembly Resolve event received for: Datadog.Trace
[2025-06-10 13:15:26.720 -07:00|1|formsample|True] Looking for: C:\Program Files\Datadog\.NET Tracer\net6.0\Datadog.Trace.dll
[2025-06-10 13:15:26.721 -07:00|1|formsample|True] Loading from cache. [Path: C:\Program Files\Datadog\.NET Tracer\net6.0\Datadog.Trace.dll]
[2025-06-10 13:15:26.722 -07:00|1|formsample|True] Assembly Resolve event received for: Datadog.Trace
[2025-06-10 13:15:26.723 -07:00|1|formsample|True] Looking for: C:\Program Files\Datadog\.NET Tracer\net6.0\Datadog.Trace.dll
[2025-06-10 13:15:26.724 -07:00|1|formsample|True] Loading from cache. [Path: C:\Program Files\Datadog\.NET Tracer\net6.0\Datadog.Trace.dll]
[2025-06-10 13:15:26.725 -07:00|1|formsample|True] Assembly Resolve event received for: Datadog.Trace
[2025-06-10 13:15:26.726 -07:00|1|formsample|True] Looking for: C:\Program Files\Datadog\.NET Tracer\net6.0\Datadog.Trace.dll
[2025-06-10 13:15:26.727 -07:00|1|formsample|True] Loading from cache. [Path: C:\Program Files\Datadog\.NET Tracer\net6.0\Datadog.Trace.dll]
[2025-06-10 13:15:26.727 -07:00|1|formsample|True] Assembly Resolve event received for: Datadog.Trace
[2025-06-10 13:15:26.728 -07:00|1|formsample|True] Looking for: C:\Program Files\Datadog\.NET Tracer\net6.0\Datadog.Trace.dll
[2025-06-10 13:15:26.729 -07:00|1|formsample|True] Loading from cache. [Path: C:\Program Files\Datadog\.NET Tracer\net6.0\Datadog.Trace.dll]
[2025-06-10 13:15:26.730 -07:00|1|formsample|True] Assembly Resolve event received for: Datadog.Trace
[2025-06-10 13:15:26.731 -07:00|1|formsample|True] Looking for: C:\Program Files\Datadog\.NET Tracer\net6.0\Datadog.Trace.dll
[2025-06-10 13:15:26.732 -07:00|1|formsample|True] Loading from cache. [Path: C:\Program Files\Datadog\.NET Tracer\net6.0\Datadog.Trace.dll]
[2025-06-10 13:15:26.732 -07:00|1|formsample|True] Assembly Resolve event received for: Datadog.Trace
[2025-06-10 13:15:26.733 -07:00|1|formsample|True] Looking for: C:\Program Files\Datadog\.NET Tracer\net6.0\Datadog.Trace.dll
[2025-06-10 13:15:26.734 -07:00|1|formsample|True] Loading from cache. [Path: C:\Program Files\Datadog\.NET Tracer\net6.0\Datadog.Trace.dll]
[2025-06-10 13:15:26.735 -07:00|1|formsample|True] Assembly Resolve event received for: Datadog.Trace
[2025-06-10 13:15:26.735 -07:00|1|formsample|True] Looking for: C:\Program Files\Datadog\.NET Tracer\net6.0\Datadog.Trace.dll
[2025-06-10 13:15:26.736 -07:00|1|formsample|True] Loading from cache. [Path: C:\Program Files\Datadog\.NET Tracer\net6.0\Datadog.Trace.dll]
[2025-06-10 13:15:26.737 -07:00|1|formsample|True] Assembly Resolve event received for: Datadog.Trace
[2025-06-10 13:15:26.738 -07:00|1|formsample|True] Looking for: C:\Program Files\Datadog\.NET Tracer\net6.0\Datadog.Trace.dll
[2025-06-10 13:15:26.739 -07:00|1|formsample|True] Loading from cache. [Path: C:\Program Files\Datadog\.NET Tracer\net6.0\Datadog.Trace.dll]
[2025-06-10 13:15:26.740 -07:00|1|formsample|True] Assembly Resolve event received for: Datadog.Trace
[2025-06-10 13:15:26.741 -07:00|1|formsample|True] Looking for: C:\Program Files\Datadog\.NET Tracer\net6.0\Datadog.Trace.dll
[2025-06-10 13:15:26.742 -07:00|1|formsample|True] Loading from cache. [Path: C:\Program Files\Datadog\.NET Tracer\net6.0\Datadog.Trace.dll]
[2025-06-10 13:15:26.742 -07:00|1|formsample|True] Assembly Resolve event received for: Datadog.Trace
[2025-06-10 13:15:26.743 -07:00|1|formsample|True] Looking for: C:\Program Files\Datadog\.NET Tracer\net6.0\Datadog.Trace.dll
[2025-06-10 13:15:26.744 -07:00|1|formsample|True] Loading from cache. [Path: C:\Program Files\Datadog\.NET Tracer\net6.0\Datadog.Trace.dll]
[2025-06-10 13:15:26.745 -07:00|1|formsample|True] Assembly Resolve event received for: Datadog.Trace
[2025-06-10 13:15:26.745 -07:00|1|formsample|True] Looking for: C:\Program Files\Datadog\.NET Tracer\net6.0\Datadog.Trace.dll
[2025-06-10 13:15:26.746 -07:00|1|formsample|True] Loading from cache. [Path: C:\Program Files\Datadog\.NET Tracer\net6.0\Datadog.Trace.dll]
[2025-06-10 13:15:26.747 -07:00|1|formsample|True] Assembly Resolve event received for: Datadog.Trace
[2025-06-10 13:15:26.748 -07:00|1|formsample|True] Looking for: C:\Program Files\Datadog\.NET Tracer\net6.0\Datadog.Trace.dll
[2025-06-10 13:15:26.749 -07:00|1|formsample|True] Loading from cache. [Path: C:\Program Files\Datadog\.NET Tracer\net6.0\Datadog.Trace.dll]
[2025-06-10 13:15:26.750 -07:00|1|formsample|True] Assembly Resolve event received for: Datadog.Trace
[2025-06-10 13:15:26.751 -07:00|1|formsample|True] Looking for: C:\Program Files\Datadog\.NET Tracer\net6.0\Datadog.Trace.dll
[2025-06-10 13:15:26.752 -07:00|1|formsample|True] Loading from cache. [Path: C:\Program Files\Datadog\.NET Tracer\net6.0\Datadog.Trace.dll]
[2025-06-10 13:15:26.753 -07:00|1|formsample|True] Assembly Resolve event received for: Datadog.Trace
[2025-06-10 13:15:26.754 -07:00|1|formsample|True] Looking for: C:\Program Files\Datadog\.NET Tracer\net6.0\Datadog.Trace.dll
[2025-06-10 13:15:26.755 -07:00|1|formsample|True] Loading from cache. [Path: C:\Program Files\Datadog\.NET Tracer\net6.0\Datadog.Trace.dll]
[2025-06-10 13:16:08.161 -07:00|1|formsample|True] Assembly Resolve event received for: Datadog.Trace
[2025-06-10 13:16:08.164 -07:00|1|formsample|True] Looking for: C:\Program Files\Datadog\.NET Tracer\net6.0\Datadog.Trace.dll
[2025-06-10 13:16:08.165 -07:00|1|formsample|True] Loading from cache. [Path: C:\Program Files\Datadog\.NET Tracer\net6.0\Datadog.Trace.dll]
[2025-06-10 13:16:08.167 -07:00|1|formsample|True] Assembly Resolve event received for: Datadog.Trace
[2025-06-10 13:16:08.168 -07:00|1|formsample|True] Looking for: C:\Program Files\Datadog\.NET Tracer\net6.0\Datadog.Trace.dll
[2025-06-10 13:16:08.169 -07:00|1|formsample|True] Loading from cache. [Path: C:\Program Files\Datadog\.NET Tracer\net6.0\Datadog.Trace.dll]
[2025-06-10 13:16:08.171 -07:00|1|formsample|True] Assembly Resolve event received for: Datadog.Trace
[2025-06-10 13:16:08.172 -07:00|1|formsample|True] Looking for: C:\Program Files\Datadog\.NET Tracer\net6.0\Datadog.Trace.dll
[2025-06-10 13:16:08.174 -07:00|1|formsample|True] Loading from cache. [Path: C:\Program Files\Datadog\.NET Tracer\net6.0\Datadog.Trace.dll]
[2025-06-10 13:16:08.175 -07:00|1|formsample|True] Assembly Resolve event received for: Datadog.Trace
[2025-06-10 13:16:08.176 -07:00|1|formsample|True] Looking for: C:\Program Files\Datadog\.NET Tracer\net6.0\Datadog.Trace.dll
[2025-06-10 13:16:08.177 -07:00|1|formsample|True] Loading from cache. [Path: C:\Program Files\Datadog\.NET Tracer\net6.0\Datadog.Trace.dll]
[2025-06-10 13:16:08.179 -07:00|1|formsample|True] Assembly Resolve event received for: Datadog.Trace
[2025-06-10 13:16:08.180 -07:00|1|formsample|True] Looking for: C:\Program Files\Datadog\.NET Tracer\net6.0\Datadog.Trace.dll
[2025-06-10 13:16:08.181 -07:00|1|formsample|True] Loading from cache. [Path: C:\Program Files\Datadog\.NET Tracer\net6.0\Datadog.Trace.dll]
[2025-06-10 13:16:08.182 -07:00|1|formsample|True] Assembly Resolve event received for: Datadog.Trace
[2025-06-10 13:16:08.184 -07:00|1|formsample|True] Looking for: C:\Program Files\Datadog\.NET Tracer\net6.0\Datadog.Trace.dll
[2025-06-10 13:16:08.185 -07:00|1|formsample|True] Loading from cache. [Path: C:\Program Files\Datadog\.NET Tracer\net6.0\Datadog.Trace.dll]
[2025-06-10 13:16:08.186 -07:00|1|formsample|True] Assembly Resolve event received for: Datadog.Trace
[2025-06-10 13:16:08.188 -07:00|1|formsample|True] Looking for: C:\Program Files\Datadog\.NET Tracer\net6.0\Datadog.Trace.dll
[2025-06-10 13:16:08.189 -07:00|1|formsample|True] Loading from cache. [Path: C:\Program Files\Datadog\.NET Tracer\net6.0\Datadog.Trace.dll]
[2025-06-10 13:16:08.190 -07:00|1|formsample|True] Assembly Resolve event received for: Datadog.Trace
[2025-06-10 13:16:08.191 -07:00|1|formsample|True] Looking for: C:\Program Files\Datadog\.NET Tracer\net6.0\Datadog.Trace.dll
[2025-06-10 13:16:08.193 -07:00|1|formsample|True] Loading from cache. [Path: C:\Program Files\Datadog\.NET Tracer\net6.0\Datadog.Trace.dll]
[2025-06-10 13:16:08.194 -07:00|1|formsample|True] Assembly Resolve event received for: Datadog.Trace
[2025-06-10 13:16:08.196 -07:00|1|formsample|True] Looking for: C:\Program Files\Datadog\.NET Tracer\net6.0\Datadog.Trace.dll
[2025-06-10 13:16:08.198 -07:00|1|formsample|True] Loading from cache. [Path: C:\Program Files\Datadog\.NET Tracer\net6.0\Datadog.Trace.dll]
[2025-06-10 13:16:08.200 -07:00|1|formsample|True] Assembly Resolve event received for: Datadog.Trace
[2025-06-10 13:16:08.202 -07:00|1|formsample|True] Looking for: C:\Program Files\Datadog\.NET Tracer\net6.0\Datadog.Trace.dll
[2025-06-10 13:16:08.203 -07:00|1|formsample|True] Loading from cache. [Path: C:\Program Files\Datadog\.NET Tracer\net6.0\Datadog.Trace.dll]
[2025-06-10 13:16:08.205 -07:00|1|formsample|True] Assembly Resolve event received for: Datadog.Trace
[2025-06-10 13:16:08.206 -07:00|1|formsample|True] Looking for: C:\Program Files\Datadog\.NET Tracer\net6.0\Datadog.Trace.dll
[2025-06-10 13:16:08.207 -07:00|1|formsample|True] Loading from cache. [Path: C:\Program Files\Datadog\.NET Tracer\net6.0\Datadog.Trace.dll]
[2025-06-10 13:16:08.208 -07:00|1|formsample|True] Assembly Resolve event received for: Datadog.Trace
[2025-06-10 13:16:08.209 -07:00|1|formsample|True] Looking for: C:\Program Files\Datadog\.NET Tracer\net6.0\Datadog.Trace.dll
[2025-06-10 13:16:08.210 -07:00|1|formsample|True] Loading from cache. [Path: C:\Program Files\Datadog\.NET Tracer\net6.0\Datadog.Trace.dll]
[2025-06-10 13:16:08.212 -07:00|1|formsample|True] Assembly Resolve event received for: Datadog.Trace
[2025-06-10 13:16:08.213 -07:00|1|formsample|True] Looking for: C:\Program Files\Datadog\.NET Tracer\net6.0\Datadog.Trace.dll
[2025-06-10 13:16:08.214 -07:00|1|formsample|True] Loading from cache. [Path: C:\Program Files\Datadog\.NET Tracer\net6.0\Datadog.Trace.dll]
[2025-06-10 13:16:08.215 -07:00|1|formsample|True] Assembly Resolve event received for: Datadog.Trace
[2025-06-10 13:16:08.216 -07:00|1|formsample|True] Looking for: C:\Program Files\Datadog\.NET Tracer\net6.0\Datadog.Trace.dll
[2025-06-10 13:16:08.218 -07:00|1|formsample|True] Loading from cache. [Path: C:\Program Files\Datadog\.NET Tracer\net6.0\Datadog.Trace.dll]
[2025-06-10 13:16:08.219 -07:00|1|formsample|True] Assembly Resolve event received for: Datadog.Trace
[2025-06-10 13:16:08.220 -07:00|1|formsample|True] Looking for: C:\Program Files\Datadog\.NET Tracer\net6.0\Datadog.Trace.dll
[2025-06-10 13:16:08.221 -07:00|1|formsample|True] Loading from cache. [Path: C:\Program Files\Datadog\.NET Tracer\net6.0\Datadog.Trace.dll]
[2025-06-10 13:16:08.223 -07:00|1|formsample|True] Assembly Resolve event received for: Datadog.Trace
[2025-06-10 13:16:08.224 -07:00|1|formsample|True] Looking for: C:\Program Files\Datadog\.NET Tracer\net6.0\Datadog.Trace.dll
[2025-06-10 13:16:08.225 -07:00|1|formsample|True] Loading from cache. [Path: C:\Program Files\Datadog\.NET Tracer\net6.0\Datadog.Trace.dll]
[2025-06-10 13:16:08.226 -07:00|1|formsample|True] Assembly Resolve event received for: Datadog.Trace
[2025-06-10 13:16:08.227 -07:00|1|formsample|True] Looking for: C:\Program Files\Datadog\.NET Tracer\net6.0\Datadog.Trace.dll
[2025-06-10 13:16:08.228 -07:00|1|formsample|True] Loading from cache. [Path: C:\Program Files\Datadog\.NET Tracer\net6.0\Datadog.Trace.dll]
[2025-06-10 13:16:08.230 -07:00|1|formsample|True] Assembly Resolve event received for: Datadog.Trace
[2025-06-10 13:16:08.231 -07:00|1|formsample|True] Looking for: C:\Program Files\Datadog\.NET Tracer\net6.0\Datadog.Trace.dll
[2025-06-10 13:16:08.232 -07:00|1|formsample|True] Loading from cache. [Path: C:\Program Files\Datadog\.NET Tracer\net6.0\Datadog.Trace.dll]
[2025-06-10 13:16:08.233 -07:00|1|formsample|True] Assembly Resolve event received for: Datadog.Trace
[2025-06-10 13:16:08.235 -07:00|1|formsample|True] Looking for: C:\Program Files\Datadog\.NET Tracer\net6.0\Datadog.Trace.dll
[2025-06-10 13:16:08.236 -07:00|1|formsample|True] Loading from cache. [Path: C:\Program Files\Datadog\.NET Tracer\net6.0\Datadog.Trace.dll]
[2025-06-10 13:16:08.237 -07:00|1|formsample|True] Assembly Resolve event received for: Datadog.Trace
[2025-06-10 13:16:08.238 -07:00|1|formsample|True] Looking for: C:\Program Files\Datadog\.NET Tracer\net6.0\Datadog.Trace.dll
[2025-06-10 13:16:08.239 -07:00|1|formsample|True] Loading from cache. [Path: C:\Program Files\Datadog\.NET Tracer\net6.0\Datadog.Trace.dll]
[2025-06-10 13:16:08.244 -07:00|1|formsample|True] Assembly Resolve event received for: Datadog.Trace
[2025-06-10 13:16:08.245 -07:00|1|formsample|True] Looking for: C:\Program Files\Datadog\.NET Tracer\net6.0\Datadog.Trace.dll
[2025-06-10 13:16:08.246 -07:00|1|formsample|True] Loading from cache. [Path: C:\Program Files\Datadog\.NET Tracer\net6.0\Datadog.Trace.dll]
[2025-06-10 13:16:08.247 -07:00|1|formsample|True] Assembly Resolve event received for: Datadog.Trace
[2025-06-10 13:16:08.249 -07:00|1|formsample|True] Looking for: C:\Program Files\Datadog\.NET Tracer\net6.0\Datadog.Trace.dll
[2025-06-10 13:16:08.251 -07:00|1|formsample|True] Loading from cache. [Path: C:\Program Files\Datadog\.NET Tracer\net6.0\Datadog.Trace.dll]
[2025-06-10 13:16:08.252 -07:00|1|formsample|True] Assembly Resolve event received for: Datadog.Trace
[2025-06-10 13:16:08.253 -07:00|1|formsample|True] Looking for: C:\Program Files\Datadog\.NET Tracer\net6.0\Datadog.Trace.dll
[2025-06-10 13:16:08.254 -07:00|1|formsample|True] Loading from cache. [Path: C:\Program Files\Datadog\.NET Tracer\net6.0\Datadog.Trace.dll]
[2025-06-10 13:16:08.255 -07:00|1|formsample|True] Assembly Resolve event received for: Datadog.Trace
[2025-06-10 13:16:08.256 -07:00|1|formsample|True] Looking for: C:\Program Files\Datadog\.NET Tracer\net6.0\Datadog.Trace.dll
[2025-06-10 13:16:08.258 -07:00|1|formsample|True] Loading from cache. [Path: C:\Program Files\Datadog\.NET Tracer\net6.0\Datadog.Trace.dll]
[2025-06-10 13:16:08.259 -07:00|1|formsample|True] Assembly Resolve event received for: Datadog.Trace
[2025-06-10 13:16:08.260 -07:00|1|formsample|True] Looking for: C:\Program Files\Datadog\.NET Tracer\net6.0\Datadog.Trace.dll
[2025-06-10 13:16:08.261 -07:00|1|formsample|True] Loading from cache. [Path: C:\Program Files\Datadog\.NET Tracer\net6.0\Datadog.Trace.dll]
[2025-06-10 13:16:08.262 -07:00|1|formsample|True] Assembly Resolve event received for: Datadog.Trace
[2025-06-10 13:16:08.263 -07:00|1|formsample|True] Looking for: C:\Program Files\Datadog\.NET Tracer\net6.0\Datadog.Trace.dll
[2025-06-10 13:16:08.265 -07:00|1|formsample|True] Loading from cache. [Path: C:\Program Files\Datadog\.NET Tracer\net6.0\Datadog.Trace.dll]
[2025-06-10 13:16:08.266 -07:00|1|formsample|True] Assembly Resolve event received for: Datadog.Trace
[2025-06-10 13:16:08.268 -07:00|1|formsample|True] Looking for: C:\Program Files\Datadog\.NET Tracer\net6.0\Datadog.Trace.dll
[2025-06-10 13:16:08.269 -07:00|1|formsample|True] Loading from cache. [Path: C:\Program Files\Datadog\.NET Tracer\net6.0\Datadog.Trace.dll]
[2025-06-10 13:16:08.270 -07:00|1|formsample|True] Assembly Resolve event received for: Datadog.Trace
[2025-06-10 13:16:08.272 -07:00|1|formsample|True] Looking for: C:\Program Files\Datadog\.NET Tracer\net6.0\Datadog.Trace.dll
[2025-06-10 13:16:08.273 -07:00|1|formsample|True] Loading from cache. [Path: C:\Program Files\Datadog\.NET Tracer\net6.0\Datadog.Trace.dll]
[2025-06-10 13:16:08.274 -07:00|1|formsample|True] Assembly Resolve event received for: Datadog.Trace
[2025-06-10 13:16:08.275 -07:00|1|formsample|True] Looking for: C:\Program Files\Datadog\.NET Tracer\net6.0\Datadog.Trace.dll
[2025-06-10 13:16:08.276 -07:00|1|formsample|True] Loading from cache. [Path: C:\Program Files\Datadog\.NET Tracer\net6.0\Datadog.Trace.dll]
[2025-06-10 13:16:08.277 -07:00|1|formsample|True] Assembly Resolve event received for: Datadog.Trace
[2025-06-10 13:16:08.278 -07:00|1|formsample|True] Looking for: C:\Program Files\Datadog\.NET Tracer\net6.0\Datadog.Trace.dll
[2025-06-10 13:16:08.280 -07:00|1|formsample|True] Loading from cache. [Path: C:\Program Files\Datadog\.NET Tracer\net6.0\Datadog.Trace.dll]
[2025-06-10 13:16:08.281 -07:00|1|formsample|True] Assembly Resolve event received for: Datadog.Trace
[2025-06-10 13:16:08.282 -07:00|1|formsample|True] Looking for: C:\Program Files\Datadog\.NET Tracer\net6.0\Datadog.Trace.dll
[2025-06-10 13:16:08.283 -07:00|1|formsample|True] Loading from cache. [Path: C:\Program Files\Datadog\.NET Tracer\net6.0\Datadog.Trace.dll]
[2025-06-10 13:16:08.284 -07:00|1|formsample|True] Assembly Resolve event received for: Datadog.Trace
[2025-06-10 13:16:08.285 -07:00|1|formsample|True] Looking for: C:\Program Files\Datadog\.NET Tracer\net6.0\Datadog.Trace.dll
[2025-06-10 13:16:08.286 -07:00|1|formsample|True] Loading from cache. [Path: C:\Program Files\Datadog\.NET Tracer\net6.0\Datadog.Trace.dll]
[2025-06-10 13:16:08.287 -07:00|1|formsample|True] Assembly Resolve event received for: Datadog.Trace
[2025-06-10 13:16:08.288 -07:00|1|formsample|True] Looking for: C:\Program Files\Datadog\.NET Tracer\net6.0\Datadog.Trace.dll
[2025-06-10 13:16:08.289 -07:00|1|formsample|True] Loading from cache. [Path: C:\Program Files\Datadog\.NET Tracer\net6.0\Datadog.Trace.dll]
[2025-06-10 13:16:08.291 -07:00|1|formsample|True] Assembly Resolve event received for: Datadog.Trace
[2025-06-10 13:16:08.292 -07:00|1|formsample|True] Looking for: C:\Program Files\Datadog\.NET Tracer\net6.0\Datadog.Trace.dll
[2025-06-10 13:16:08.293 -07:00|1|formsample|True] Loading from cache. [Path: C:\Program Files\Datadog\.NET Tracer\net6.0\Datadog.Trace.dll]
[2025-06-10 13:16:08.294 -07:00|1|formsample|True] Assembly Resolve event received for: Datadog.Trace
[2025-06-10 13:16:08.295 -07:00|1|formsample|True] Looking for: C:\Program Files\Datadog\.NET Tracer\net6.0\Datadog.Trace.dll
[2025-06-10 13:16:08.296 -07:00|1|formsample|True] Loading from cache. [Path: C:\Program Files\Datadog\.NET Tracer\net6.0\Datadog.Trace.dll]
[2025-06-10 13:16:08.297 -07:00|1|formsample|True] Assembly Resolve event received for: Datadog.Trace
[2025-06-10 13:16:08.298 -07:00|1|formsample|True] Looking for: C:\Program Files\Datadog\.NET Tracer\net6.0\Datadog.Trace.dll
[2025-06-10 13:16:08.299 -07:00|1|formsample|True] Loading from cache. [Path: C:\Program Files\Datadog\.NET Tracer\net6.0\Datadog.Trace.dll]
[2025-06-10 13:16:08.300 -07:00|1|formsample|True] Assembly Resolve event received for: Datadog.Trace
[2025-06-10 13:16:08.301 -07:00|1|formsample|True] Looking for: C:\Program Files\Datadog\.NET Tracer\net6.0\Datadog.Trace.dll
[2025-06-10 13:16:08.302 -07:00|1|formsample|True] Loading from cache. [Path: C:\Program Files\Datadog\.NET Tracer\net6.0\Datadog.Trace.dll]
[2025-06-10 13:16:08.303 -07:00|1|formsample|True] Assembly Resolve event received for: Datadog.Trace
[2025-06-10 13:16:08.304 -07:00|1|formsample|True] Looking for: C:\Program Files\Datadog\.NET Tracer\net6.0\Datadog.Trace.dll
[2025-06-10 13:16:08.305 -07:00|1|formsample|True] Loading from cache. [Path: C:\Program Files\Datadog\.NET Tracer\net6.0\Datadog.Trace.dll]
[2025-06-10 13:16:08.306 -07:00|1|formsample|True] Assembly Resolve event received for: Datadog.Trace
[2025-06-10 13:16:08.307 -07:00|1|formsample|True] Looking for: C:\Program Files\Datadog\.NET Tracer\net6.0\Datadog.Trace.dll
[2025-06-10 13:16:08.308 -07:00|1|formsample|True] Loading from cache. [Path: C:\Program Files\Datadog\.NET Tracer\net6.0\Datadog.Trace.dll]
[2025-06-10 13:16:08.310 -07:00|1|formsample|True] Assembly Resolve event received for: Datadog.Trace
[2025-06-10 13:16:08.311 -07:00|1|formsample|True] Looking for: C:\Program Files\Datadog\.NET Tracer\net6.0\Datadog.Trace.dll
[2025-06-10 13:16:08.312 -07:00|1|formsample|True] Loading from cache. [Path: C:\Program Files\Datadog\.NET Tracer\net6.0\Datadog.Trace.dll]
