[2025-06-10 14:18:17.232 -07:00|1|formsample|True] Total number of assemblies: 2
[2025-06-10 14:18:17.254 -07:00|1|formsample|True] Resolving managed profiler directory to: C:\Program Files\Datadog\.NET Tracer\net6.0
[2025-06-10 14:18:17.256 -07:00|1|formsample|True] Invoking managed tracer.
[2025-06-10 14:18:17.258 -07:00|1|formsample|True] Invoking: 'Datadog.Trace.ClrProfiler.Instrumentation.Initialize', Datadog.Trace.ClrProfiler.InstrumentationLoader
[2025-06-10 14:18:17.262 -07:00|1|formsample|True] Assembly Resolve event received for: Datadog.Trace
[2025-06-10 14:18:17.263 -07:00|1|formsample|True] Looking for: C:\Program Files\Datadog\.NET Tracer\net6.0\Datadog.Trace.dll
[2025-06-10 14:18:17.264 -07:00|1|formsample|True] Loading C:\Program Files\Datadog\.NET Tracer\net6.0\Datadog.Trace.dll with DependencyLoadContext.LoadFromAssemblyPath
[2025-06-10 14:18:17.313 -07:00|1|formsample|True] Creating 'Datadog.Trace.ClrProfiler.InstrumentationLoader' instance.
[2025-06-10 14:18:17.650 -07:00|1|formsample|True] Assembly Resolve event received for: Microsoft.ServiceFabric.Services.Remoting
[2025-06-10 14:18:17.651 -07:00|1|formsample|True] Looking for: C:\Program Files\Datadog\.NET Tracer\net6.0\Microsoft.ServiceFabric.Services.Remoting.dll
[2025-06-10 14:18:17.652 -07:00|1|formsample|True] Assembly not found in path: C:\Program Files\Datadog\.NET Tracer\net6.0\Microsoft.ServiceFabric.Services.Remoting.dll
[2025-06-10 14:18:17.653 -07:00|1|formsample|True] Assembly Resolve event received for: Microsoft.ServiceFabric.Services.Remoting, Culture=neutral, PublicKeyToken=null
[2025-06-10 14:18:17.654 -07:00|1|formsample|True] Looking for: C:\Program Files\Datadog\.NET Tracer\net6.0\Microsoft.ServiceFabric.Services.Remoting.dll
[2025-06-10 14:18:17.655 -07:00|1|formsample|True] Assembly not found in path: C:\Program Files\Datadog\.NET Tracer\net6.0\Microsoft.ServiceFabric.Services.Remoting.dll
[2025-06-10 14:18:17.657 -07:00|1|formsample|True] Assembly Resolve event received for: Microsoft.ServiceFabric.Services.Remoting
[2025-06-10 14:18:17.658 -07:00|1|formsample|True] Looking for: C:\Program Files\Datadog\.NET Tracer\net6.0\Microsoft.ServiceFabric.Services.Remoting.dll
[2025-06-10 14:18:17.660 -07:00|1|formsample|True] Assembly not found in path: C:\Program Files\Datadog\.NET Tracer\net6.0\Microsoft.ServiceFabric.Services.Remoting.dll
[2025-06-10 14:18:17.661 -07:00|1|formsample|True] Assembly Resolve event received for: Microsoft.ServiceFabric.Services.Remoting, Culture=neutral, PublicKeyToken=null
[2025-06-10 14:18:17.662 -07:00|1|formsample|True] Looking for: C:\Program Files\Datadog\.NET Tracer\net6.0\Microsoft.ServiceFabric.Services.Remoting.dll
[2025-06-10 14:18:17.664 -07:00|1|formsample|True] Assembly not found in path: C:\Program Files\Datadog\.NET Tracer\net6.0\Microsoft.ServiceFabric.Services.Remoting.dll
[2025-06-10 14:18:17.788 -07:00|1|formsample|True] Assembly Resolve event received for: Datadog.Trace
[2025-06-10 14:18:17.797 -07:00|1|formsample|True] Looking for: C:\Program Files\Datadog\.NET Tracer\net6.0\Datadog.Trace.dll
[2025-06-10 14:18:17.798 -07:00|1|formsample|True] Loading from cache. [Path: C:\Program Files\Datadog\.NET Tracer\net6.0\Datadog.Trace.dll]
[2025-06-10 14:18:17.799 -07:00|1|formsample|True] Assembly Resolve event received for: Datadog.Trace
[2025-06-10 14:18:17.800 -07:00|1|formsample|True] Looking for: C:\Program Files\Datadog\.NET Tracer\net6.0\Datadog.Trace.dll
[2025-06-10 14:18:17.801 -07:00|1|formsample|True] Loading from cache. [Path: C:\Program Files\Datadog\.NET Tracer\net6.0\Datadog.Trace.dll]
[2025-06-10 14:18:17.802 -07:00|1|formsample|True] Assembly Resolve event received for: Datadog.Trace
[2025-06-10 14:18:17.803 -07:00|1|formsample|True] Looking for: C:\Program Files\Datadog\.NET Tracer\net6.0\Datadog.Trace.dll
[2025-06-10 14:18:17.804 -07:00|1|formsample|True] Loading from cache. [Path: C:\Program Files\Datadog\.NET Tracer\net6.0\Datadog.Trace.dll]
[2025-06-10 14:18:17.805 -07:00|1|formsample|True] Assembly Resolve event received for: Datadog.Trace
[2025-06-10 14:18:17.806 -07:00|1|formsample|True] Looking for: C:\Program Files\Datadog\.NET Tracer\net6.0\Datadog.Trace.dll
[2025-06-10 14:18:17.807 -07:00|1|formsample|True] Loading from cache. [Path: C:\Program Files\Datadog\.NET Tracer\net6.0\Datadog.Trace.dll]
[2025-06-10 14:18:17.808 -07:00|1|formsample|True] Assembly Resolve event received for: Datadog.Trace
[2025-06-10 14:18:17.810 -07:00|1|formsample|True] Looking for: C:\Program Files\Datadog\.NET Tracer\net6.0\Datadog.Trace.dll
[2025-06-10 14:18:17.811 -07:00|1|formsample|True] Loading from cache. [Path: C:\Program Files\Datadog\.NET Tracer\net6.0\Datadog.Trace.dll]
[2025-06-10 14:18:17.812 -07:00|1|formsample|True] Assembly Resolve event received for: Datadog.Trace
[2025-06-10 14:18:17.813 -07:00|1|formsample|True] Looking for: C:\Program Files\Datadog\.NET Tracer\net6.0\Datadog.Trace.dll
[2025-06-10 14:18:17.814 -07:00|1|formsample|True] Loading from cache. [Path: C:\Program Files\Datadog\.NET Tracer\net6.0\Datadog.Trace.dll]
[2025-06-10 14:18:17.815 -07:00|1|formsample|True] Assembly Resolve event received for: Datadog.Trace
[2025-06-10 14:18:17.816 -07:00|1|formsample|True] Looking for: C:\Program Files\Datadog\.NET Tracer\net6.0\Datadog.Trace.dll
[2025-06-10 14:18:17.817 -07:00|1|formsample|True] Loading from cache. [Path: C:\Program Files\Datadog\.NET Tracer\net6.0\Datadog.Trace.dll]
[2025-06-10 14:18:17.819 -07:00|1|formsample|True] Assembly Resolve event received for: Datadog.Trace
[2025-06-10 14:18:17.820 -07:00|1|formsample|True] Looking for: C:\Program Files\Datadog\.NET Tracer\net6.0\Datadog.Trace.dll
[2025-06-10 14:18:17.821 -07:00|1|formsample|True] Loading from cache. [Path: C:\Program Files\Datadog\.NET Tracer\net6.0\Datadog.Trace.dll]
[2025-06-10 14:18:17.822 -07:00|1|formsample|True] Assembly Resolve event received for: Datadog.Trace
[2025-06-10 14:18:17.823 -07:00|1|formsample|True] Looking for: C:\Program Files\Datadog\.NET Tracer\net6.0\Datadog.Trace.dll
[2025-06-10 14:18:17.824 -07:00|1|formsample|True] Loading from cache. [Path: C:\Program Files\Datadog\.NET Tracer\net6.0\Datadog.Trace.dll]
[2025-06-10 14:18:17.825 -07:00|1|formsample|True] Assembly Resolve event received for: Datadog.Trace
[2025-06-10 14:18:17.826 -07:00|1|formsample|True] Looking for: C:\Program Files\Datadog\.NET Tracer\net6.0\Datadog.Trace.dll
[2025-06-10 14:18:17.827 -07:00|1|formsample|True] Loading from cache. [Path: C:\Program Files\Datadog\.NET Tracer\net6.0\Datadog.Trace.dll]
[2025-06-10 14:18:17.829 -07:00|1|formsample|True] Assembly Resolve event received for: Datadog.Trace
[2025-06-10 14:18:17.830 -07:00|1|formsample|True] Looking for: C:\Program Files\Datadog\.NET Tracer\net6.0\Datadog.Trace.dll
[2025-06-10 14:18:17.831 -07:00|1|formsample|True] Loading from cache. [Path: C:\Program Files\Datadog\.NET Tracer\net6.0\Datadog.Trace.dll]
[2025-06-10 14:18:17.832 -07:00|1|formsample|True] Assembly Resolve event received for: Datadog.Trace
[2025-06-10 14:18:17.833 -07:00|1|formsample|True] Looking for: C:\Program Files\Datadog\.NET Tracer\net6.0\Datadog.Trace.dll
[2025-06-10 14:18:17.835 -07:00|1|formsample|True] Loading from cache. [Path: C:\Program Files\Datadog\.NET Tracer\net6.0\Datadog.Trace.dll]
[2025-06-10 14:18:17.836 -07:00|1|formsample|True] Assembly Resolve event received for: Datadog.Trace
[2025-06-10 14:18:17.837 -07:00|1|formsample|True] Looking for: C:\Program Files\Datadog\.NET Tracer\net6.0\Datadog.Trace.dll
[2025-06-10 14:18:17.838 -07:00|1|formsample|True] Loading from cache. [Path: C:\Program Files\Datadog\.NET Tracer\net6.0\Datadog.Trace.dll]
[2025-06-10 14:18:17.839 -07:00|1|formsample|True] Assembly Resolve event received for: Datadog.Trace
[2025-06-10 14:18:17.840 -07:00|1|formsample|True] Looking for: C:\Program Files\Datadog\.NET Tracer\net6.0\Datadog.Trace.dll
[2025-06-10 14:18:17.840 -07:00|1|formsample|True] Loading from cache. [Path: C:\Program Files\Datadog\.NET Tracer\net6.0\Datadog.Trace.dll]
[2025-06-10 14:18:17.841 -07:00|1|formsample|True] Assembly Resolve event received for: Datadog.Trace
[2025-06-10 14:18:17.842 -07:00|1|formsample|True] Looking for: C:\Program Files\Datadog\.NET Tracer\net6.0\Datadog.Trace.dll
[2025-06-10 14:18:17.843 -07:00|1|formsample|True] Loading from cache. [Path: C:\Program Files\Datadog\.NET Tracer\net6.0\Datadog.Trace.dll]
[2025-06-10 14:18:17.844 -07:00|1|formsample|True] Assembly Resolve event received for: Datadog.Trace
[2025-06-10 14:18:17.846 -07:00|1|formsample|True] Looking for: C:\Program Files\Datadog\.NET Tracer\net6.0\Datadog.Trace.dll
[2025-06-10 14:18:17.847 -07:00|1|formsample|True] Loading from cache. [Path: C:\Program Files\Datadog\.NET Tracer\net6.0\Datadog.Trace.dll]
[2025-06-10 14:18:17.848 -07:00|1|formsample|True] Assembly Resolve event received for: Datadog.Trace
[2025-06-10 14:18:17.849 -07:00|1|formsample|True] Looking for: C:\Program Files\Datadog\.NET Tracer\net6.0\Datadog.Trace.dll
[2025-06-10 14:18:17.850 -07:00|1|formsample|True] Loading from cache. [Path: C:\Program Files\Datadog\.NET Tracer\net6.0\Datadog.Trace.dll]
[2025-06-10 14:18:17.851 -07:00|1|formsample|True] Assembly Resolve event received for: Datadog.Trace
[2025-06-10 14:18:17.853 -07:00|1|formsample|True] Looking for: C:\Program Files\Datadog\.NET Tracer\net6.0\Datadog.Trace.dll
[2025-06-10 14:18:17.854 -07:00|1|formsample|True] Loading from cache. [Path: C:\Program Files\Datadog\.NET Tracer\net6.0\Datadog.Trace.dll]
[2025-06-10 14:18:17.855 -07:00|1|formsample|True] Assembly Resolve event received for: Datadog.Trace
[2025-06-10 14:18:17.856 -07:00|1|formsample|True] Looking for: C:\Program Files\Datadog\.NET Tracer\net6.0\Datadog.Trace.dll
[2025-06-10 14:18:17.857 -07:00|1|formsample|True] Loading from cache. [Path: C:\Program Files\Datadog\.NET Tracer\net6.0\Datadog.Trace.dll]
[2025-06-10 14:18:17.858 -07:00|1|formsample|True] Assembly Resolve event received for: Datadog.Trace
[2025-06-10 14:18:17.859 -07:00|1|formsample|True] Looking for: C:\Program Files\Datadog\.NET Tracer\net6.0\Datadog.Trace.dll
[2025-06-10 14:18:17.862 -07:00|1|formsample|True] Loading from cache. [Path: C:\Program Files\Datadog\.NET Tracer\net6.0\Datadog.Trace.dll]
[2025-06-10 14:18:17.908 -07:00|1|formsample|True] Assembly Resolve event received for: Datadog.Trace
[2025-06-10 14:18:17.909 -07:00|1|formsample|True] Looking for: C:\Program Files\Datadog\.NET Tracer\net6.0\Datadog.Trace.dll
[2025-06-10 14:18:17.911 -07:00|1|formsample|True] Loading from cache. [Path: C:\Program Files\Datadog\.NET Tracer\net6.0\Datadog.Trace.dll]
[2025-06-10 14:18:17.912 -07:00|1|formsample|True] Assembly Resolve event received for: Datadog.Trace
[2025-06-10 14:18:17.912 -07:00|1|formsample|True] Looking for: C:\Program Files\Datadog\.NET Tracer\net6.0\Datadog.Trace.dll
[2025-06-10 14:18:17.913 -07:00|1|formsample|True] Loading from cache. [Path: C:\Program Files\Datadog\.NET Tracer\net6.0\Datadog.Trace.dll]
[2025-06-10 14:18:17.915 -07:00|1|formsample|True] Assembly Resolve event received for: Datadog.Trace
[2025-06-10 14:18:17.916 -07:00|1|formsample|True] Looking for: C:\Program Files\Datadog\.NET Tracer\net6.0\Datadog.Trace.dll
[2025-06-10 14:18:17.917 -07:00|1|formsample|True] Loading from cache. [Path: C:\Program Files\Datadog\.NET Tracer\net6.0\Datadog.Trace.dll]
[2025-06-10 14:18:17.918 -07:00|1|formsample|True] Assembly Resolve event received for: Datadog.Trace
[2025-06-10 14:18:17.919 -07:00|1|formsample|True] Looking for: C:\Program Files\Datadog\.NET Tracer\net6.0\Datadog.Trace.dll
[2025-06-10 14:18:17.920 -07:00|1|formsample|True] Loading from cache. [Path: C:\Program Files\Datadog\.NET Tracer\net6.0\Datadog.Trace.dll]
[2025-06-10 14:18:17.922 -07:00|1|formsample|True] Assembly Resolve event received for: Datadog.Trace
[2025-06-10 14:18:17.923 -07:00|1|formsample|True] Looking for: C:\Program Files\Datadog\.NET Tracer\net6.0\Datadog.Trace.dll
[2025-06-10 14:18:17.925 -07:00|1|formsample|True] Loading from cache. [Path: C:\Program Files\Datadog\.NET Tracer\net6.0\Datadog.Trace.dll]
[2025-06-10 14:18:17.926 -07:00|1|formsample|True] Assembly Resolve event received for: Datadog.Trace
[2025-06-10 14:18:17.928 -07:00|1|formsample|True] Looking for: C:\Program Files\Datadog\.NET Tracer\net6.0\Datadog.Trace.dll
[2025-06-10 14:18:17.929 -07:00|1|formsample|True] Loading from cache. [Path: C:\Program Files\Datadog\.NET Tracer\net6.0\Datadog.Trace.dll]
[2025-06-10 14:18:17.931 -07:00|1|formsample|True] Assembly Resolve event received for: Datadog.Trace
[2025-06-10 14:18:17.932 -07:00|1|formsample|True] Looking for: C:\Program Files\Datadog\.NET Tracer\net6.0\Datadog.Trace.dll
[2025-06-10 14:18:17.934 -07:00|1|formsample|True] Loading from cache. [Path: C:\Program Files\Datadog\.NET Tracer\net6.0\Datadog.Trace.dll]
[2025-06-10 14:18:17.935 -07:00|1|formsample|True] Assembly Resolve event received for: Datadog.Trace
[2025-06-10 14:18:17.936 -07:00|1|formsample|True] Looking for: C:\Program Files\Datadog\.NET Tracer\net6.0\Datadog.Trace.dll
[2025-06-10 14:18:17.937 -07:00|1|formsample|True] Loading from cache. [Path: C:\Program Files\Datadog\.NET Tracer\net6.0\Datadog.Trace.dll]
[2025-06-10 14:18:17.939 -07:00|1|formsample|True] Assembly Resolve event received for: Datadog.Trace
[2025-06-10 14:18:17.940 -07:00|1|formsample|True] Looking for: C:\Program Files\Datadog\.NET Tracer\net6.0\Datadog.Trace.dll
[2025-06-10 14:18:17.940 -07:00|1|formsample|True] Loading from cache. [Path: C:\Program Files\Datadog\.NET Tracer\net6.0\Datadog.Trace.dll]
[2025-06-10 14:18:17.941 -07:00|1|formsample|True] Assembly Resolve event received for: Datadog.Trace
[2025-06-10 14:18:17.942 -07:00|1|formsample|True] Looking for: C:\Program Files\Datadog\.NET Tracer\net6.0\Datadog.Trace.dll
[2025-06-10 14:18:17.943 -07:00|1|formsample|True] Loading from cache. [Path: C:\Program Files\Datadog\.NET Tracer\net6.0\Datadog.Trace.dll]
[2025-06-10 14:18:17.944 -07:00|1|formsample|True] Assembly Resolve event received for: Datadog.Trace
[2025-06-10 14:18:17.945 -07:00|1|formsample|True] Looking for: C:\Program Files\Datadog\.NET Tracer\net6.0\Datadog.Trace.dll
[2025-06-10 14:18:17.947 -07:00|1|formsample|True] Loading from cache. [Path: C:\Program Files\Datadog\.NET Tracer\net6.0\Datadog.Trace.dll]
[2025-06-10 14:18:17.948 -07:00|1|formsample|True] Assembly Resolve event received for: Datadog.Trace
[2025-06-10 14:18:17.949 -07:00|1|formsample|True] Looking for: C:\Program Files\Datadog\.NET Tracer\net6.0\Datadog.Trace.dll
[2025-06-10 14:18:17.950 -07:00|1|formsample|True] Loading from cache. [Path: C:\Program Files\Datadog\.NET Tracer\net6.0\Datadog.Trace.dll]
[2025-06-10 14:18:17.951 -07:00|1|formsample|True] Assembly Resolve event received for: Datadog.Trace
[2025-06-10 14:18:17.952 -07:00|1|formsample|True] Looking for: C:\Program Files\Datadog\.NET Tracer\net6.0\Datadog.Trace.dll
[2025-06-10 14:18:17.953 -07:00|1|formsample|True] Loading from cache. [Path: C:\Program Files\Datadog\.NET Tracer\net6.0\Datadog.Trace.dll]
[2025-06-10 14:18:17.954 -07:00|1|formsample|True] Assembly Resolve event received for: Datadog.Trace
[2025-06-10 14:18:17.955 -07:00|1|formsample|True] Looking for: C:\Program Files\Datadog\.NET Tracer\net6.0\Datadog.Trace.dll
[2025-06-10 14:18:17.956 -07:00|1|formsample|True] Loading from cache. [Path: C:\Program Files\Datadog\.NET Tracer\net6.0\Datadog.Trace.dll]
[2025-06-10 14:18:17.957 -07:00|1|formsample|True] Assembly Resolve event received for: Datadog.Trace
[2025-06-10 14:18:17.958 -07:00|1|formsample|True] Looking for: C:\Program Files\Datadog\.NET Tracer\net6.0\Datadog.Trace.dll
[2025-06-10 14:18:17.959 -07:00|1|formsample|True] Loading from cache. [Path: C:\Program Files\Datadog\.NET Tracer\net6.0\Datadog.Trace.dll]
[2025-06-10 14:18:17.960 -07:00|1|formsample|True] Assembly Resolve event received for: Datadog.Trace
[2025-06-10 14:18:17.961 -07:00|1|formsample|True] Looking for: C:\Program Files\Datadog\.NET Tracer\net6.0\Datadog.Trace.dll
[2025-06-10 14:18:17.962 -07:00|1|formsample|True] Loading from cache. [Path: C:\Program Files\Datadog\.NET Tracer\net6.0\Datadog.Trace.dll]
[2025-06-10 14:18:17.963 -07:00|1|formsample|True] Assembly Resolve event received for: Datadog.Trace
[2025-06-10 14:18:17.964 -07:00|1|formsample|True] Looking for: C:\Program Files\Datadog\.NET Tracer\net6.0\Datadog.Trace.dll
[2025-06-10 14:18:17.965 -07:00|1|formsample|True] Loading from cache. [Path: C:\Program Files\Datadog\.NET Tracer\net6.0\Datadog.Trace.dll]
[2025-06-10 14:18:17.966 -07:00|1|formsample|True] Assembly Resolve event received for: Datadog.Trace
[2025-06-10 14:18:17.967 -07:00|1|formsample|True] Looking for: C:\Program Files\Datadog\.NET Tracer\net6.0\Datadog.Trace.dll
[2025-06-10 14:18:17.968 -07:00|1|formsample|True] Loading from cache. [Path: C:\Program Files\Datadog\.NET Tracer\net6.0\Datadog.Trace.dll]
[2025-06-10 14:18:17.969 -07:00|1|formsample|True] Assembly Resolve event received for: Datadog.Trace
[2025-06-10 14:18:17.970 -07:00|1|formsample|True] Looking for: C:\Program Files\Datadog\.NET Tracer\net6.0\Datadog.Trace.dll
[2025-06-10 14:18:17.971 -07:00|1|formsample|True] Loading from cache. [Path: C:\Program Files\Datadog\.NET Tracer\net6.0\Datadog.Trace.dll]
[2025-06-10 14:18:17.972 -07:00|1|formsample|True] Assembly Resolve event received for: Datadog.Trace
[2025-06-10 14:18:17.973 -07:00|1|formsample|True] Looking for: C:\Program Files\Datadog\.NET Tracer\net6.0\Datadog.Trace.dll
[2025-06-10 14:18:17.974 -07:00|1|formsample|True] Loading from cache. [Path: C:\Program Files\Datadog\.NET Tracer\net6.0\Datadog.Trace.dll]
[2025-06-10 14:18:28.418 -07:00|1|formsample|True] Assembly Resolve event received for: Datadog.Trace
[2025-06-10 14:18:28.429 -07:00|1|formsample|True] Looking for: C:\Program Files\Datadog\.NET Tracer\net6.0\Datadog.Trace.dll
[2025-06-10 14:18:28.432 -07:00|1|formsample|True] Loading from cache. [Path: C:\Program Files\Datadog\.NET Tracer\net6.0\Datadog.Trace.dll]
[2025-06-10 14:18:28.433 -07:00|1|formsample|True] Assembly Resolve event received for: Datadog.Trace
[2025-06-10 14:18:28.434 -07:00|1|formsample|True] Looking for: C:\Program Files\Datadog\.NET Tracer\net6.0\Datadog.Trace.dll
[2025-06-10 14:18:28.435 -07:00|1|formsample|True] Loading from cache. [Path: C:\Program Files\Datadog\.NET Tracer\net6.0\Datadog.Trace.dll]
[2025-06-10 14:18:28.437 -07:00|1|formsample|True] Assembly Resolve event received for: Datadog.Trace
[2025-06-10 14:18:28.438 -07:00|1|formsample|True] Looking for: C:\Program Files\Datadog\.NET Tracer\net6.0\Datadog.Trace.dll
[2025-06-10 14:18:28.439 -07:00|1|formsample|True] Loading from cache. [Path: C:\Program Files\Datadog\.NET Tracer\net6.0\Datadog.Trace.dll]
[2025-06-10 14:18:28.440 -07:00|1|formsample|True] Assembly Resolve event received for: Datadog.Trace
[2025-06-10 14:18:28.441 -07:00|1|formsample|True] Looking for: C:\Program Files\Datadog\.NET Tracer\net6.0\Datadog.Trace.dll
[2025-06-10 14:18:28.442 -07:00|1|formsample|True] Loading from cache. [Path: C:\Program Files\Datadog\.NET Tracer\net6.0\Datadog.Trace.dll]
[2025-06-10 14:18:28.443 -07:00|1|formsample|True] Assembly Resolve event received for: Datadog.Trace
[2025-06-10 14:18:28.445 -07:00|1|formsample|True] Looking for: C:\Program Files\Datadog\.NET Tracer\net6.0\Datadog.Trace.dll
[2025-06-10 14:18:28.446 -07:00|1|formsample|True] Loading from cache. [Path: C:\Program Files\Datadog\.NET Tracer\net6.0\Datadog.Trace.dll]
[2025-06-10 14:18:28.447 -07:00|1|formsample|True] Assembly Resolve event received for: Datadog.Trace
[2025-06-10 14:18:28.449 -07:00|1|formsample|True] Looking for: C:\Program Files\Datadog\.NET Tracer\net6.0\Datadog.Trace.dll
[2025-06-10 14:18:28.450 -07:00|1|formsample|True] Loading from cache. [Path: C:\Program Files\Datadog\.NET Tracer\net6.0\Datadog.Trace.dll]
[2025-06-10 14:18:28.452 -07:00|1|formsample|True] Assembly Resolve event received for: Datadog.Trace
[2025-06-10 14:18:28.453 -07:00|1|formsample|True] Looking for: C:\Program Files\Datadog\.NET Tracer\net6.0\Datadog.Trace.dll
[2025-06-10 14:18:28.455 -07:00|1|formsample|True] Loading from cache. [Path: C:\Program Files\Datadog\.NET Tracer\net6.0\Datadog.Trace.dll]
[2025-06-10 14:18:28.456 -07:00|1|formsample|True] Assembly Resolve event received for: Datadog.Trace
[2025-06-10 14:18:28.457 -07:00|1|formsample|True] Looking for: C:\Program Files\Datadog\.NET Tracer\net6.0\Datadog.Trace.dll
[2025-06-10 14:18:28.459 -07:00|1|formsample|True] Loading from cache. [Path: C:\Program Files\Datadog\.NET Tracer\net6.0\Datadog.Trace.dll]
[2025-06-10 14:18:28.460 -07:00|1|formsample|True] Assembly Resolve event received for: Datadog.Trace
[2025-06-10 14:18:28.462 -07:00|1|formsample|True] Looking for: C:\Program Files\Datadog\.NET Tracer\net6.0\Datadog.Trace.dll
[2025-06-10 14:18:28.464 -07:00|1|formsample|True] Loading from cache. [Path: C:\Program Files\Datadog\.NET Tracer\net6.0\Datadog.Trace.dll]
[2025-06-10 14:18:28.465 -07:00|1|formsample|True] Assembly Resolve event received for: Datadog.Trace
[2025-06-10 14:18:28.467 -07:00|1|formsample|True] Looking for: C:\Program Files\Datadog\.NET Tracer\net6.0\Datadog.Trace.dll
[2025-06-10 14:18:28.468 -07:00|1|formsample|True] Loading from cache. [Path: C:\Program Files\Datadog\.NET Tracer\net6.0\Datadog.Trace.dll]
[2025-06-10 14:18:28.470 -07:00|1|formsample|True] Assembly Resolve event received for: Datadog.Trace
[2025-06-10 14:18:28.471 -07:00|1|formsample|True] Looking for: C:\Program Files\Datadog\.NET Tracer\net6.0\Datadog.Trace.dll
[2025-06-10 14:18:28.472 -07:00|1|formsample|True] Loading from cache. [Path: C:\Program Files\Datadog\.NET Tracer\net6.0\Datadog.Trace.dll]
[2025-06-10 14:18:28.473 -07:00|1|formsample|True] Assembly Resolve event received for: Datadog.Trace
[2025-06-10 14:18:28.474 -07:00|1|formsample|True] Looking for: C:\Program Files\Datadog\.NET Tracer\net6.0\Datadog.Trace.dll
[2025-06-10 14:18:28.475 -07:00|1|formsample|True] Loading from cache. [Path: C:\Program Files\Datadog\.NET Tracer\net6.0\Datadog.Trace.dll]
[2025-06-10 14:18:28.475 -07:00|1|formsample|True] Assembly Resolve event received for: Datadog.Trace
[2025-06-10 14:18:28.476 -07:00|1|formsample|True] Looking for: C:\Program Files\Datadog\.NET Tracer\net6.0\Datadog.Trace.dll
[2025-06-10 14:18:28.477 -07:00|1|formsample|True] Loading from cache. [Path: C:\Program Files\Datadog\.NET Tracer\net6.0\Datadog.Trace.dll]
[2025-06-10 14:18:28.479 -07:00|1|formsample|True] Assembly Resolve event received for: Datadog.Trace
[2025-06-10 14:18:28.479 -07:00|1|formsample|True] Looking for: C:\Program Files\Datadog\.NET Tracer\net6.0\Datadog.Trace.dll
[2025-06-10 14:18:28.480 -07:00|1|formsample|True] Loading from cache. [Path: C:\Program Files\Datadog\.NET Tracer\net6.0\Datadog.Trace.dll]
[2025-06-10 14:18:28.481 -07:00|1|formsample|True] Assembly Resolve event received for: Datadog.Trace
[2025-06-10 14:18:28.482 -07:00|1|formsample|True] Looking for: C:\Program Files\Datadog\.NET Tracer\net6.0\Datadog.Trace.dll
[2025-06-10 14:18:28.483 -07:00|1|formsample|True] Loading from cache. [Path: C:\Program Files\Datadog\.NET Tracer\net6.0\Datadog.Trace.dll]
[2025-06-10 14:18:28.484 -07:00|1|formsample|True] Assembly Resolve event received for: Datadog.Trace
[2025-06-10 14:18:28.485 -07:00|1|formsample|True] Looking for: C:\Program Files\Datadog\.NET Tracer\net6.0\Datadog.Trace.dll
[2025-06-10 14:18:28.485 -07:00|1|formsample|True] Loading from cache. [Path: C:\Program Files\Datadog\.NET Tracer\net6.0\Datadog.Trace.dll]
[2025-06-10 14:18:28.486 -07:00|1|formsample|True] Assembly Resolve event received for: Datadog.Trace
[2025-06-10 14:18:28.487 -07:00|1|formsample|True] Looking for: C:\Program Files\Datadog\.NET Tracer\net6.0\Datadog.Trace.dll
[2025-06-10 14:18:28.488 -07:00|1|formsample|True] Loading from cache. [Path: C:\Program Files\Datadog\.NET Tracer\net6.0\Datadog.Trace.dll]
[2025-06-10 14:18:28.489 -07:00|1|formsample|True] Assembly Resolve event received for: Datadog.Trace
[2025-06-10 14:18:28.489 -07:00|1|formsample|True] Looking for: C:\Program Files\Datadog\.NET Tracer\net6.0\Datadog.Trace.dll
[2025-06-10 14:18:28.490 -07:00|1|formsample|True] Loading from cache. [Path: C:\Program Files\Datadog\.NET Tracer\net6.0\Datadog.Trace.dll]
[2025-06-10 14:18:28.491 -07:00|1|formsample|True] Assembly Resolve event received for: Datadog.Trace
[2025-06-10 14:18:28.492 -07:00|1|formsample|True] Looking for: C:\Program Files\Datadog\.NET Tracer\net6.0\Datadog.Trace.dll
[2025-06-10 14:18:28.493 -07:00|1|formsample|True] Loading from cache. [Path: C:\Program Files\Datadog\.NET Tracer\net6.0\Datadog.Trace.dll]
[2025-06-10 14:18:29.402 -07:00|1|formsample|True] Assembly Resolve event received for: Datadog.Trace
[2025-06-10 14:18:29.404 -07:00|1|formsample|True] Looking for: C:\Program Files\Datadog\.NET Tracer\net6.0\Datadog.Trace.dll
[2025-06-10 14:18:29.405 -07:00|1|formsample|True] Loading from cache. [Path: C:\Program Files\Datadog\.NET Tracer\net6.0\Datadog.Trace.dll]
[2025-06-10 14:18:29.406 -07:00|1|formsample|True] Assembly Resolve event received for: Datadog.Trace
[2025-06-10 14:18:29.407 -07:00|1|formsample|True] Looking for: C:\Program Files\Datadog\.NET Tracer\net6.0\Datadog.Trace.dll
[2025-06-10 14:18:29.408 -07:00|1|formsample|True] Loading from cache. [Path: C:\Program Files\Datadog\.NET Tracer\net6.0\Datadog.Trace.dll]
[2025-06-10 14:18:29.408 -07:00|1|formsample|True] Assembly Resolve event received for: Datadog.Trace
[2025-06-10 14:18:29.409 -07:00|1|formsample|True] Looking for: C:\Program Files\Datadog\.NET Tracer\net6.0\Datadog.Trace.dll
[2025-06-10 14:18:29.410 -07:00|1|formsample|True] Loading from cache. [Path: C:\Program Files\Datadog\.NET Tracer\net6.0\Datadog.Trace.dll]
[2025-06-10 14:18:29.411 -07:00|1|formsample|True] Assembly Resolve event received for: Datadog.Trace
[2025-06-10 14:18:29.412 -07:00|1|formsample|True] Looking for: C:\Program Files\Datadog\.NET Tracer\net6.0\Datadog.Trace.dll
[2025-06-10 14:18:29.414 -07:00|1|formsample|True] Loading from cache. [Path: C:\Program Files\Datadog\.NET Tracer\net6.0\Datadog.Trace.dll]
[2025-06-10 14:18:29.414 -07:00|1|formsample|True] Assembly Resolve event received for: Datadog.Trace
[2025-06-10 14:18:29.415 -07:00|1|formsample|True] Looking for: C:\Program Files\Datadog\.NET Tracer\net6.0\Datadog.Trace.dll
[2025-06-10 14:18:29.416 -07:00|1|formsample|True] Loading from cache. [Path: C:\Program Files\Datadog\.NET Tracer\net6.0\Datadog.Trace.dll]
[2025-06-10 14:18:29.417 -07:00|1|formsample|True] Assembly Resolve event received for: Datadog.Trace
[2025-06-10 14:18:29.418 -07:00|1|formsample|True] Looking for: C:\Program Files\Datadog\.NET Tracer\net6.0\Datadog.Trace.dll
[2025-06-10 14:18:29.419 -07:00|1|formsample|True] Loading from cache. [Path: C:\Program Files\Datadog\.NET Tracer\net6.0\Datadog.Trace.dll]
[2025-06-10 14:18:29.420 -07:00|1|formsample|True] Assembly Resolve event received for: Datadog.Trace
[2025-06-10 14:18:29.421 -07:00|1|formsample|True] Looking for: C:\Program Files\Datadog\.NET Tracer\net6.0\Datadog.Trace.dll
[2025-06-10 14:18:29.422 -07:00|1|formsample|True] Loading from cache. [Path: C:\Program Files\Datadog\.NET Tracer\net6.0\Datadog.Trace.dll]
[2025-06-10 14:18:29.423 -07:00|1|formsample|True] Assembly Resolve event received for: Datadog.Trace
[2025-06-10 14:18:29.423 -07:00|1|formsample|True] Looking for: C:\Program Files\Datadog\.NET Tracer\net6.0\Datadog.Trace.dll
[2025-06-10 14:18:29.424 -07:00|1|formsample|True] Loading from cache. [Path: C:\Program Files\Datadog\.NET Tracer\net6.0\Datadog.Trace.dll]
[2025-06-10 14:18:29.425 -07:00|1|formsample|True] Assembly Resolve event received for: Datadog.Trace
[2025-06-10 14:18:29.426 -07:00|1|formsample|True] Looking for: C:\Program Files\Datadog\.NET Tracer\net6.0\Datadog.Trace.dll
[2025-06-10 14:18:29.426 -07:00|1|formsample|True] Loading from cache. [Path: C:\Program Files\Datadog\.NET Tracer\net6.0\Datadog.Trace.dll]
[2025-06-10 14:18:29.428 -07:00|1|formsample|True] Assembly Resolve event received for: Datadog.Trace
[2025-06-10 14:18:29.429 -07:00|1|formsample|True] Looking for: C:\Program Files\Datadog\.NET Tracer\net6.0\Datadog.Trace.dll
[2025-06-10 14:18:29.430 -07:00|1|formsample|True] Loading from cache. [Path: C:\Program Files\Datadog\.NET Tracer\net6.0\Datadog.Trace.dll]
[2025-06-10 14:18:29.430 -07:00|1|formsample|True] Assembly Resolve event received for: Datadog.Trace
[2025-06-10 14:18:29.431 -07:00|1|formsample|True] Looking for: C:\Program Files\Datadog\.NET Tracer\net6.0\Datadog.Trace.dll
[2025-06-10 14:18:29.432 -07:00|1|formsample|True] Loading from cache. [Path: C:\Program Files\Datadog\.NET Tracer\net6.0\Datadog.Trace.dll]
[2025-06-10 14:18:29.433 -07:00|1|formsample|True] Assembly Resolve event received for: Datadog.Trace
[2025-06-10 14:18:29.434 -07:00|1|formsample|True] Looking for: C:\Program Files\Datadog\.NET Tracer\net6.0\Datadog.Trace.dll
[2025-06-10 14:18:29.434 -07:00|1|formsample|True] Loading from cache. [Path: C:\Program Files\Datadog\.NET Tracer\net6.0\Datadog.Trace.dll]
[2025-06-10 14:18:29.435 -07:00|1|formsample|True] Assembly Resolve event received for: Datadog.Trace
[2025-06-10 14:18:29.436 -07:00|1|formsample|True] Looking for: C:\Program Files\Datadog\.NET Tracer\net6.0\Datadog.Trace.dll
[2025-06-10 14:18:29.437 -07:00|1|formsample|True] Loading from cache. [Path: C:\Program Files\Datadog\.NET Tracer\net6.0\Datadog.Trace.dll]
[2025-06-10 14:18:29.437 -07:00|1|formsample|True] Assembly Resolve event received for: Datadog.Trace
[2025-06-10 14:18:29.438 -07:00|1|formsample|True] Looking for: C:\Program Files\Datadog\.NET Tracer\net6.0\Datadog.Trace.dll
[2025-06-10 14:18:29.439 -07:00|1|formsample|True] Loading from cache. [Path: C:\Program Files\Datadog\.NET Tracer\net6.0\Datadog.Trace.dll]
[2025-06-10 14:18:29.440 -07:00|1|formsample|True] Assembly Resolve event received for: Datadog.Trace
[2025-06-10 14:18:29.440 -07:00|1|formsample|True] Looking for: C:\Program Files\Datadog\.NET Tracer\net6.0\Datadog.Trace.dll
[2025-06-10 14:18:29.441 -07:00|1|formsample|True] Loading from cache. [Path: C:\Program Files\Datadog\.NET Tracer\net6.0\Datadog.Trace.dll]
[2025-06-10 14:18:29.442 -07:00|1|formsample|True] Assembly Resolve event received for: Datadog.Trace
[2025-06-10 14:18:29.443 -07:00|1|formsample|True] Looking for: C:\Program Files\Datadog\.NET Tracer\net6.0\Datadog.Trace.dll
[2025-06-10 14:18:29.444 -07:00|1|formsample|True] Loading from cache. [Path: C:\Program Files\Datadog\.NET Tracer\net6.0\Datadog.Trace.dll]
[2025-06-10 14:18:29.445 -07:00|1|formsample|True] Assembly Resolve event received for: Datadog.Trace
[2025-06-10 14:18:29.446 -07:00|1|formsample|True] Looking for: C:\Program Files\Datadog\.NET Tracer\net6.0\Datadog.Trace.dll
[2025-06-10 14:18:29.447 -07:00|1|formsample|True] Loading from cache. [Path: C:\Program Files\Datadog\.NET Tracer\net6.0\Datadog.Trace.dll]
[2025-06-10 14:18:29.448 -07:00|1|formsample|True] Assembly Resolve event received for: Datadog.Trace
[2025-06-10 14:18:29.449 -07:00|1|formsample|True] Looking for: C:\Program Files\Datadog\.NET Tracer\net6.0\Datadog.Trace.dll
[2025-06-10 14:18:29.450 -07:00|1|formsample|True] Loading from cache. [Path: C:\Program Files\Datadog\.NET Tracer\net6.0\Datadog.Trace.dll]
[2025-06-10 14:18:29.451 -07:00|1|formsample|True] Assembly Resolve event received for: Datadog.Trace
[2025-06-10 14:18:29.452 -07:00|1|formsample|True] Looking for: C:\Program Files\Datadog\.NET Tracer\net6.0\Datadog.Trace.dll
[2025-06-10 14:18:29.453 -07:00|1|formsample|True] Loading from cache. [Path: C:\Program Files\Datadog\.NET Tracer\net6.0\Datadog.Trace.dll]
[2025-06-10 14:18:29.454 -07:00|1|formsample|True] Assembly Resolve event received for: Datadog.Trace
[2025-06-10 14:18:29.455 -07:00|1|formsample|True] Looking for: C:\Program Files\Datadog\.NET Tracer\net6.0\Datadog.Trace.dll
[2025-06-10 14:18:29.455 -07:00|1|formsample|True] Loading from cache. [Path: C:\Program Files\Datadog\.NET Tracer\net6.0\Datadog.Trace.dll]
[2025-06-10 14:18:38.778 -07:00|1|formsample|True] Assembly Resolve event received for: Datadog.Trace
[2025-06-10 14:18:38.788 -07:00|1|formsample|True] Looking for: C:\Program Files\Datadog\.NET Tracer\net6.0\Datadog.Trace.dll
[2025-06-10 14:18:38.790 -07:00|1|formsample|True] Loading from cache. [Path: C:\Program Files\Datadog\.NET Tracer\net6.0\Datadog.Trace.dll]
[2025-06-10 14:18:38.792 -07:00|1|formsample|True] Assembly Resolve event received for: Datadog.Trace
[2025-06-10 14:18:38.793 -07:00|1|formsample|True] Looking for: C:\Program Files\Datadog\.NET Tracer\net6.0\Datadog.Trace.dll
[2025-06-10 14:18:38.795 -07:00|1|formsample|True] Loading from cache. [Path: C:\Program Files\Datadog\.NET Tracer\net6.0\Datadog.Trace.dll]
[2025-06-10 14:18:38.797 -07:00|1|formsample|True] Assembly Resolve event received for: Datadog.Trace
[2025-06-10 14:18:38.798 -07:00|1|formsample|True] Looking for: C:\Program Files\Datadog\.NET Tracer\net6.0\Datadog.Trace.dll
[2025-06-10 14:18:38.799 -07:00|1|formsample|True] Loading from cache. [Path: C:\Program Files\Datadog\.NET Tracer\net6.0\Datadog.Trace.dll]
[2025-06-10 14:18:38.801 -07:00|1|formsample|True] Assembly Resolve event received for: Datadog.Trace
[2025-06-10 14:18:38.802 -07:00|1|formsample|True] Looking for: C:\Program Files\Datadog\.NET Tracer\net6.0\Datadog.Trace.dll
[2025-06-10 14:18:38.803 -07:00|1|formsample|True] Loading from cache. [Path: C:\Program Files\Datadog\.NET Tracer\net6.0\Datadog.Trace.dll]
[2025-06-10 14:18:38.805 -07:00|1|formsample|True] Assembly Resolve event received for: Datadog.Trace
[2025-06-10 14:18:38.806 -07:00|1|formsample|True] Looking for: C:\Program Files\Datadog\.NET Tracer\net6.0\Datadog.Trace.dll
[2025-06-10 14:18:38.807 -07:00|1|formsample|True] Loading from cache. [Path: C:\Program Files\Datadog\.NET Tracer\net6.0\Datadog.Trace.dll]
[2025-06-10 14:18:38.808 -07:00|1|formsample|True] Assembly Resolve event received for: Datadog.Trace
[2025-06-10 14:18:38.809 -07:00|1|formsample|True] Looking for: C:\Program Files\Datadog\.NET Tracer\net6.0\Datadog.Trace.dll
[2025-06-10 14:18:38.810 -07:00|1|formsample|True] Loading from cache. [Path: C:\Program Files\Datadog\.NET Tracer\net6.0\Datadog.Trace.dll]
[2025-06-10 14:18:38.811 -07:00|1|formsample|True] Assembly Resolve event received for: Datadog.Trace
[2025-06-10 14:18:38.813 -07:00|1|formsample|True] Looking for: C:\Program Files\Datadog\.NET Tracer\net6.0\Datadog.Trace.dll
[2025-06-10 14:18:38.814 -07:00|1|formsample|True] Loading from cache. [Path: C:\Program Files\Datadog\.NET Tracer\net6.0\Datadog.Trace.dll]
[2025-06-10 14:18:38.815 -07:00|1|formsample|True] Assembly Resolve event received for: Datadog.Trace
[2025-06-10 14:18:38.816 -07:00|1|formsample|True] Looking for: C:\Program Files\Datadog\.NET Tracer\net6.0\Datadog.Trace.dll
[2025-06-10 14:18:38.817 -07:00|1|formsample|True] Loading from cache. [Path: C:\Program Files\Datadog\.NET Tracer\net6.0\Datadog.Trace.dll]
[2025-06-10 14:18:38.819 -07:00|1|formsample|True] Assembly Resolve event received for: Datadog.Trace
[2025-06-10 14:18:38.820 -07:00|1|formsample|True] Looking for: C:\Program Files\Datadog\.NET Tracer\net6.0\Datadog.Trace.dll
[2025-06-10 14:18:38.821 -07:00|1|formsample|True] Loading from cache. [Path: C:\Program Files\Datadog\.NET Tracer\net6.0\Datadog.Trace.dll]
[2025-06-10 14:18:38.822 -07:00|1|formsample|True] Assembly Resolve event received for: Datadog.Trace
[2025-06-10 14:18:38.824 -07:00|1|formsample|True] Looking for: C:\Program Files\Datadog\.NET Tracer\net6.0\Datadog.Trace.dll
[2025-06-10 14:18:38.825 -07:00|1|formsample|True] Loading from cache. [Path: C:\Program Files\Datadog\.NET Tracer\net6.0\Datadog.Trace.dll]
[2025-06-10 14:18:38.826 -07:00|1|formsample|True] Assembly Resolve event received for: Datadog.Trace
[2025-06-10 14:18:38.827 -07:00|1|formsample|True] Looking for: C:\Program Files\Datadog\.NET Tracer\net6.0\Datadog.Trace.dll
[2025-06-10 14:18:38.829 -07:00|1|formsample|True] Loading from cache. [Path: C:\Program Files\Datadog\.NET Tracer\net6.0\Datadog.Trace.dll]
[2025-06-10 14:18:38.830 -07:00|1|formsample|True] Assembly Resolve event received for: Datadog.Trace
[2025-06-10 14:18:38.831 -07:00|1|formsample|True] Looking for: C:\Program Files\Datadog\.NET Tracer\net6.0\Datadog.Trace.dll
[2025-06-10 14:18:38.832 -07:00|1|formsample|True] Loading from cache. [Path: C:\Program Files\Datadog\.NET Tracer\net6.0\Datadog.Trace.dll]
[2025-06-10 14:18:38.833 -07:00|1|formsample|True] Assembly Resolve event received for: Datadog.Trace
[2025-06-10 14:18:38.834 -07:00|1|formsample|True] Looking for: C:\Program Files\Datadog\.NET Tracer\net6.0\Datadog.Trace.dll
[2025-06-10 14:18:38.835 -07:00|1|formsample|True] Loading from cache. [Path: C:\Program Files\Datadog\.NET Tracer\net6.0\Datadog.Trace.dll]
[2025-06-10 14:18:38.836 -07:00|1|formsample|True] Assembly Resolve event received for: Datadog.Trace
[2025-06-10 14:18:38.836 -07:00|1|formsample|True] Looking for: C:\Program Files\Datadog\.NET Tracer\net6.0\Datadog.Trace.dll
[2025-06-10 14:18:38.837 -07:00|1|formsample|True] Loading from cache. [Path: C:\Program Files\Datadog\.NET Tracer\net6.0\Datadog.Trace.dll]
[2025-06-10 14:18:38.838 -07:00|1|formsample|True] Assembly Resolve event received for: Datadog.Trace
[2025-06-10 14:18:38.839 -07:00|1|formsample|True] Looking for: C:\Program Files\Datadog\.NET Tracer\net6.0\Datadog.Trace.dll
[2025-06-10 14:18:38.840 -07:00|1|formsample|True] Loading from cache. [Path: C:\Program Files\Datadog\.NET Tracer\net6.0\Datadog.Trace.dll]
[2025-06-10 14:18:38.840 -07:00|1|formsample|True] Assembly Resolve event received for: Datadog.Trace
[2025-06-10 14:18:38.841 -07:00|1|formsample|True] Looking for: C:\Program Files\Datadog\.NET Tracer\net6.0\Datadog.Trace.dll
[2025-06-10 14:18:38.842 -07:00|1|formsample|True] Loading from cache. [Path: C:\Program Files\Datadog\.NET Tracer\net6.0\Datadog.Trace.dll]
[2025-06-10 14:18:38.843 -07:00|1|formsample|True] Assembly Resolve event received for: Datadog.Trace
[2025-06-10 14:18:38.843 -07:00|1|formsample|True] Looking for: C:\Program Files\Datadog\.NET Tracer\net6.0\Datadog.Trace.dll
[2025-06-10 14:18:38.844 -07:00|1|formsample|True] Loading from cache. [Path: C:\Program Files\Datadog\.NET Tracer\net6.0\Datadog.Trace.dll]
[2025-06-10 14:18:38.846 -07:00|1|formsample|True] Assembly Resolve event received for: Datadog.Trace
[2025-06-10 14:18:38.847 -07:00|1|formsample|True] Looking for: C:\Program Files\Datadog\.NET Tracer\net6.0\Datadog.Trace.dll
[2025-06-10 14:18:38.848 -07:00|1|formsample|True] Loading from cache. [Path: C:\Program Files\Datadog\.NET Tracer\net6.0\Datadog.Trace.dll]
[2025-06-10 14:18:38.875 -07:00|1|formsample|True] Assembly Resolve event received for: Datadog.Trace
[2025-06-10 14:18:38.877 -07:00|1|formsample|True] Looking for: C:\Program Files\Datadog\.NET Tracer\net6.0\Datadog.Trace.dll
[2025-06-10 14:18:38.879 -07:00|1|formsample|True] Loading from cache. [Path: C:\Program Files\Datadog\.NET Tracer\net6.0\Datadog.Trace.dll]
[2025-06-10 14:18:38.880 -07:00|1|formsample|True] Assembly Resolve event received for: Datadog.Trace
[2025-06-10 14:18:38.881 -07:00|1|formsample|True] Looking for: C:\Program Files\Datadog\.NET Tracer\net6.0\Datadog.Trace.dll
[2025-06-10 14:18:38.882 -07:00|1|formsample|True] Loading from cache. [Path: C:\Program Files\Datadog\.NET Tracer\net6.0\Datadog.Trace.dll]
[2025-06-10 14:18:38.882 -07:00|1|formsample|True] Assembly Resolve event received for: Datadog.Trace
[2025-06-10 14:18:38.884 -07:00|1|formsample|True] Looking for: C:\Program Files\Datadog\.NET Tracer\net6.0\Datadog.Trace.dll
[2025-06-10 14:18:38.885 -07:00|1|formsample|True] Loading from cache. [Path: C:\Program Files\Datadog\.NET Tracer\net6.0\Datadog.Trace.dll]
[2025-06-10 14:18:38.886 -07:00|1|formsample|True] Assembly Resolve event received for: Datadog.Trace
[2025-06-10 14:18:38.887 -07:00|1|formsample|True] Looking for: C:\Program Files\Datadog\.NET Tracer\net6.0\Datadog.Trace.dll
[2025-06-10 14:18:38.888 -07:00|1|formsample|True] Loading from cache. [Path: C:\Program Files\Datadog\.NET Tracer\net6.0\Datadog.Trace.dll]
[2025-06-10 14:18:38.889 -07:00|1|formsample|True] Assembly Resolve event received for: Datadog.Trace
[2025-06-10 14:18:38.889 -07:00|1|formsample|True] Looking for: C:\Program Files\Datadog\.NET Tracer\net6.0\Datadog.Trace.dll
[2025-06-10 14:18:38.890 -07:00|1|formsample|True] Loading from cache. [Path: C:\Program Files\Datadog\.NET Tracer\net6.0\Datadog.Trace.dll]
[2025-06-10 14:18:38.891 -07:00|1|formsample|True] Assembly Resolve event received for: Datadog.Trace
[2025-06-10 14:18:38.892 -07:00|1|formsample|True] Looking for: C:\Program Files\Datadog\.NET Tracer\net6.0\Datadog.Trace.dll
[2025-06-10 14:18:38.893 -07:00|1|formsample|True] Loading from cache. [Path: C:\Program Files\Datadog\.NET Tracer\net6.0\Datadog.Trace.dll]
[2025-06-10 14:18:38.893 -07:00|1|formsample|True] Assembly Resolve event received for: Datadog.Trace
[2025-06-10 14:18:38.895 -07:00|1|formsample|True] Looking for: C:\Program Files\Datadog\.NET Tracer\net6.0\Datadog.Trace.dll
[2025-06-10 14:18:38.896 -07:00|1|formsample|True] Loading from cache. [Path: C:\Program Files\Datadog\.NET Tracer\net6.0\Datadog.Trace.dll]
[2025-06-10 14:18:38.896 -07:00|1|formsample|True] Assembly Resolve event received for: Datadog.Trace
[2025-06-10 14:18:38.897 -07:00|1|formsample|True] Looking for: C:\Program Files\Datadog\.NET Tracer\net6.0\Datadog.Trace.dll
[2025-06-10 14:18:38.898 -07:00|1|formsample|True] Loading from cache. [Path: C:\Program Files\Datadog\.NET Tracer\net6.0\Datadog.Trace.dll]
[2025-06-10 14:18:38.899 -07:00|1|formsample|True] Assembly Resolve event received for: Datadog.Trace
[2025-06-10 14:18:38.900 -07:00|1|formsample|True] Looking for: C:\Program Files\Datadog\.NET Tracer\net6.0\Datadog.Trace.dll
[2025-06-10 14:18:38.900 -07:00|1|formsample|True] Loading from cache. [Path: C:\Program Files\Datadog\.NET Tracer\net6.0\Datadog.Trace.dll]
[2025-06-10 14:18:38.901 -07:00|1|formsample|True] Assembly Resolve event received for: Datadog.Trace
[2025-06-10 14:18:38.902 -07:00|1|formsample|True] Looking for: C:\Program Files\Datadog\.NET Tracer\net6.0\Datadog.Trace.dll
[2025-06-10 14:18:38.903 -07:00|1|formsample|True] Loading from cache. [Path: C:\Program Files\Datadog\.NET Tracer\net6.0\Datadog.Trace.dll]
[2025-06-10 14:18:38.904 -07:00|1|formsample|True] Assembly Resolve event received for: Datadog.Trace
[2025-06-10 14:18:38.904 -07:00|1|formsample|True] Looking for: C:\Program Files\Datadog\.NET Tracer\net6.0\Datadog.Trace.dll
[2025-06-10 14:18:38.905 -07:00|1|formsample|True] Loading from cache. [Path: C:\Program Files\Datadog\.NET Tracer\net6.0\Datadog.Trace.dll]
[2025-06-10 14:18:38.906 -07:00|1|formsample|True] Assembly Resolve event received for: Datadog.Trace
[2025-06-10 14:18:38.907 -07:00|1|formsample|True] Looking for: C:\Program Files\Datadog\.NET Tracer\net6.0\Datadog.Trace.dll
[2025-06-10 14:18:38.907 -07:00|1|formsample|True] Loading from cache. [Path: C:\Program Files\Datadog\.NET Tracer\net6.0\Datadog.Trace.dll]
[2025-06-10 14:18:38.908 -07:00|1|formsample|True] Assembly Resolve event received for: Datadog.Trace
[2025-06-10 14:18:38.909 -07:00|1|formsample|True] Looking for: C:\Program Files\Datadog\.NET Tracer\net6.0\Datadog.Trace.dll
[2025-06-10 14:18:38.910 -07:00|1|formsample|True] Loading from cache. [Path: C:\Program Files\Datadog\.NET Tracer\net6.0\Datadog.Trace.dll]
[2025-06-10 14:18:38.911 -07:00|1|formsample|True] Assembly Resolve event received for: Datadog.Trace
[2025-06-10 14:18:38.912 -07:00|1|formsample|True] Looking for: C:\Program Files\Datadog\.NET Tracer\net6.0\Datadog.Trace.dll
[2025-06-10 14:18:38.913 -07:00|1|formsample|True] Loading from cache. [Path: C:\Program Files\Datadog\.NET Tracer\net6.0\Datadog.Trace.dll]
[2025-06-10 14:18:38.914 -07:00|1|formsample|True] Assembly Resolve event received for: Datadog.Trace
[2025-06-10 14:18:38.915 -07:00|1|formsample|True] Looking for: C:\Program Files\Datadog\.NET Tracer\net6.0\Datadog.Trace.dll
[2025-06-10 14:18:38.916 -07:00|1|formsample|True] Loading from cache. [Path: C:\Program Files\Datadog\.NET Tracer\net6.0\Datadog.Trace.dll]
[2025-06-10 14:18:38.917 -07:00|1|formsample|True] Assembly Resolve event received for: Datadog.Trace
[2025-06-10 14:18:38.918 -07:00|1|formsample|True] Looking for: C:\Program Files\Datadog\.NET Tracer\net6.0\Datadog.Trace.dll
[2025-06-10 14:18:38.919 -07:00|1|formsample|True] Loading from cache. [Path: C:\Program Files\Datadog\.NET Tracer\net6.0\Datadog.Trace.dll]
[2025-06-10 14:18:38.920 -07:00|1|formsample|True] Assembly Resolve event received for: Datadog.Trace
[2025-06-10 14:18:38.921 -07:00|1|formsample|True] Looking for: C:\Program Files\Datadog\.NET Tracer\net6.0\Datadog.Trace.dll
[2025-06-10 14:18:38.922 -07:00|1|formsample|True] Loading from cache. [Path: C:\Program Files\Datadog\.NET Tracer\net6.0\Datadog.Trace.dll]
[2025-06-10 14:18:38.923 -07:00|1|formsample|True] Assembly Resolve event received for: Datadog.Trace
[2025-06-10 14:18:38.924 -07:00|1|formsample|True] Looking for: C:\Program Files\Datadog\.NET Tracer\net6.0\Datadog.Trace.dll
[2025-06-10 14:18:38.925 -07:00|1|formsample|True] Loading from cache. [Path: C:\Program Files\Datadog\.NET Tracer\net6.0\Datadog.Trace.dll]
[2025-06-10 14:18:38.926 -07:00|1|formsample|True] Assembly Resolve event received for: Datadog.Trace
[2025-06-10 14:18:38.927 -07:00|1|formsample|True] Looking for: C:\Program Files\Datadog\.NET Tracer\net6.0\Datadog.Trace.dll
[2025-06-10 14:18:38.928 -07:00|1|formsample|True] Loading from cache. [Path: C:\Program Files\Datadog\.NET Tracer\net6.0\Datadog.Trace.dll]
[2025-06-10 14:18:38.929 -07:00|1|formsample|True] Assembly Resolve event received for: Datadog.Trace
[2025-06-10 14:18:38.930 -07:00|1|formsample|True] Looking for: C:\Program Files\Datadog\.NET Tracer\net6.0\Datadog.Trace.dll
[2025-06-10 14:18:38.931 -07:00|1|formsample|True] Loading from cache. [Path: C:\Program Files\Datadog\.NET Tracer\net6.0\Datadog.Trace.dll]
[2025-06-10 14:18:54.032 -07:00|1|formsample|True] Assembly Resolve event received for: Datadog.Trace
[2025-06-10 14:18:54.042 -07:00|1|formsample|True] Looking for: C:\Program Files\Datadog\.NET Tracer\net6.0\Datadog.Trace.dll
[2025-06-10 14:18:54.043 -07:00|1|formsample|True] Loading from cache. [Path: C:\Program Files\Datadog\.NET Tracer\net6.0\Datadog.Trace.dll]
[2025-06-10 14:18:54.044 -07:00|1|formsample|True] Assembly Resolve event received for: Datadog.Trace
[2025-06-10 14:18:54.045 -07:00|1|formsample|True] Looking for: C:\Program Files\Datadog\.NET Tracer\net6.0\Datadog.Trace.dll
[2025-06-10 14:18:54.047 -07:00|1|formsample|True] Loading from cache. [Path: C:\Program Files\Datadog\.NET Tracer\net6.0\Datadog.Trace.dll]
[2025-06-10 14:18:54.049 -07:00|1|formsample|True] Assembly Resolve event received for: Datadog.Trace
[2025-06-10 14:18:54.050 -07:00|1|formsample|True] Looking for: C:\Program Files\Datadog\.NET Tracer\net6.0\Datadog.Trace.dll
[2025-06-10 14:18:54.051 -07:00|1|formsample|True] Loading from cache. [Path: C:\Program Files\Datadog\.NET Tracer\net6.0\Datadog.Trace.dll]
[2025-06-10 14:18:54.053 -07:00|1|formsample|True] Assembly Resolve event received for: Datadog.Trace
[2025-06-10 14:18:54.054 -07:00|1|formsample|True] Looking for: C:\Program Files\Datadog\.NET Tracer\net6.0\Datadog.Trace.dll
[2025-06-10 14:18:54.055 -07:00|1|formsample|True] Loading from cache. [Path: C:\Program Files\Datadog\.NET Tracer\net6.0\Datadog.Trace.dll]
[2025-06-10 14:18:54.056 -07:00|1|formsample|True] Assembly Resolve event received for: Datadog.Trace
[2025-06-10 14:18:54.057 -07:00|1|formsample|True] Looking for: C:\Program Files\Datadog\.NET Tracer\net6.0\Datadog.Trace.dll
[2025-06-10 14:18:54.058 -07:00|1|formsample|True] Loading from cache. [Path: C:\Program Files\Datadog\.NET Tracer\net6.0\Datadog.Trace.dll]
[2025-06-10 14:18:54.059 -07:00|1|formsample|True] Assembly Resolve event received for: Datadog.Trace
[2025-06-10 14:18:54.060 -07:00|1|formsample|True] Looking for: C:\Program Files\Datadog\.NET Tracer\net6.0\Datadog.Trace.dll
[2025-06-10 14:18:54.061 -07:00|1|formsample|True] Loading from cache. [Path: C:\Program Files\Datadog\.NET Tracer\net6.0\Datadog.Trace.dll]
[2025-06-10 14:18:54.063 -07:00|1|formsample|True] Assembly Resolve event received for: Datadog.Trace
[2025-06-10 14:18:54.065 -07:00|1|formsample|True] Looking for: C:\Program Files\Datadog\.NET Tracer\net6.0\Datadog.Trace.dll
[2025-06-10 14:18:54.066 -07:00|1|formsample|True] Loading from cache. [Path: C:\Program Files\Datadog\.NET Tracer\net6.0\Datadog.Trace.dll]
[2025-06-10 14:18:54.067 -07:00|1|formsample|True] Assembly Resolve event received for: Datadog.Trace
[2025-06-10 14:18:54.069 -07:00|1|formsample|True] Looking for: C:\Program Files\Datadog\.NET Tracer\net6.0\Datadog.Trace.dll
[2025-06-10 14:18:54.070 -07:00|1|formsample|True] Loading from cache. [Path: C:\Program Files\Datadog\.NET Tracer\net6.0\Datadog.Trace.dll]
[2025-06-10 14:18:54.071 -07:00|1|formsample|True] Assembly Resolve event received for: Datadog.Trace
[2025-06-10 14:18:54.073 -07:00|1|formsample|True] Looking for: C:\Program Files\Datadog\.NET Tracer\net6.0\Datadog.Trace.dll
[2025-06-10 14:18:54.074 -07:00|1|formsample|True] Loading from cache. [Path: C:\Program Files\Datadog\.NET Tracer\net6.0\Datadog.Trace.dll]
[2025-06-10 14:18:54.075 -07:00|1|formsample|True] Assembly Resolve event received for: Datadog.Trace
[2025-06-10 14:18:54.077 -07:00|1|formsample|True] Looking for: C:\Program Files\Datadog\.NET Tracer\net6.0\Datadog.Trace.dll
[2025-06-10 14:18:54.079 -07:00|1|formsample|True] Loading from cache. [Path: C:\Program Files\Datadog\.NET Tracer\net6.0\Datadog.Trace.dll]
[2025-06-10 14:18:54.080 -07:00|1|formsample|True] Assembly Resolve event received for: Datadog.Trace
[2025-06-10 14:18:54.082 -07:00|1|formsample|True] Looking for: C:\Program Files\Datadog\.NET Tracer\net6.0\Datadog.Trace.dll
[2025-06-10 14:18:54.083 -07:00|1|formsample|True] Loading from cache. [Path: C:\Program Files\Datadog\.NET Tracer\net6.0\Datadog.Trace.dll]
[2025-06-10 14:18:54.084 -07:00|1|formsample|True] Assembly Resolve event received for: Datadog.Trace
[2025-06-10 14:18:54.084 -07:00|1|formsample|True] Looking for: C:\Program Files\Datadog\.NET Tracer\net6.0\Datadog.Trace.dll
[2025-06-10 14:18:54.085 -07:00|1|formsample|True] Loading from cache. [Path: C:\Program Files\Datadog\.NET Tracer\net6.0\Datadog.Trace.dll]
[2025-06-10 14:18:54.086 -07:00|1|formsample|True] Assembly Resolve event received for: Datadog.Trace
[2025-06-10 14:18:54.087 -07:00|1|formsample|True] Looking for: C:\Program Files\Datadog\.NET Tracer\net6.0\Datadog.Trace.dll
[2025-06-10 14:18:54.088 -07:00|1|formsample|True] Loading from cache. [Path: C:\Program Files\Datadog\.NET Tracer\net6.0\Datadog.Trace.dll]
[2025-06-10 14:18:54.089 -07:00|1|formsample|True] Assembly Resolve event received for: Datadog.Trace
[2025-06-10 14:18:54.090 -07:00|1|formsample|True] Looking for: C:\Program Files\Datadog\.NET Tracer\net6.0\Datadog.Trace.dll
[2025-06-10 14:18:54.090 -07:00|1|formsample|True] Loading from cache. [Path: C:\Program Files\Datadog\.NET Tracer\net6.0\Datadog.Trace.dll]
[2025-06-10 14:18:54.091 -07:00|1|formsample|True] Assembly Resolve event received for: Datadog.Trace
[2025-06-10 14:18:54.092 -07:00|1|formsample|True] Looking for: C:\Program Files\Datadog\.NET Tracer\net6.0\Datadog.Trace.dll
[2025-06-10 14:18:54.093 -07:00|1|formsample|True] Loading from cache. [Path: C:\Program Files\Datadog\.NET Tracer\net6.0\Datadog.Trace.dll]
[2025-06-10 14:18:54.094 -07:00|1|formsample|True] Assembly Resolve event received for: Datadog.Trace
[2025-06-10 14:18:54.095 -07:00|1|formsample|True] Looking for: C:\Program Files\Datadog\.NET Tracer\net6.0\Datadog.Trace.dll
[2025-06-10 14:18:54.096 -07:00|1|formsample|True] Loading from cache. [Path: C:\Program Files\Datadog\.NET Tracer\net6.0\Datadog.Trace.dll]
[2025-06-10 14:18:54.097 -07:00|1|formsample|True] Assembly Resolve event received for: Datadog.Trace
[2025-06-10 14:18:54.098 -07:00|1|formsample|True] Looking for: C:\Program Files\Datadog\.NET Tracer\net6.0\Datadog.Trace.dll
[2025-06-10 14:18:54.099 -07:00|1|formsample|True] Loading from cache. [Path: C:\Program Files\Datadog\.NET Tracer\net6.0\Datadog.Trace.dll]
[2025-06-10 14:18:54.100 -07:00|1|formsample|True] Assembly Resolve event received for: Datadog.Trace
[2025-06-10 14:18:54.100 -07:00|1|formsample|True] Looking for: C:\Program Files\Datadog\.NET Tracer\net6.0\Datadog.Trace.dll
[2025-06-10 14:18:54.101 -07:00|1|formsample|True] Loading from cache. [Path: C:\Program Files\Datadog\.NET Tracer\net6.0\Datadog.Trace.dll]
[2025-06-10 14:19:58.258 -07:00|1|formsample|True] Assembly Resolve event received for: Datadog.Trace
[2025-06-10 14:19:58.269 -07:00|1|formsample|True] Looking for: C:\Program Files\Datadog\.NET Tracer\net6.0\Datadog.Trace.dll
[2025-06-10 14:19:58.270 -07:00|1|formsample|True] Loading from cache. [Path: C:\Program Files\Datadog\.NET Tracer\net6.0\Datadog.Trace.dll]
[2025-06-10 14:19:58.271 -07:00|1|formsample|True] Assembly Resolve event received for: Datadog.Trace
[2025-06-10 14:19:58.272 -07:00|1|formsample|True] Looking for: C:\Program Files\Datadog\.NET Tracer\net6.0\Datadog.Trace.dll
[2025-06-10 14:19:58.273 -07:00|1|formsample|True] Loading from cache. [Path: C:\Program Files\Datadog\.NET Tracer\net6.0\Datadog.Trace.dll]
[2025-06-10 14:19:58.274 -07:00|1|formsample|True] Assembly Resolve event received for: Datadog.Trace
[2025-06-10 14:19:58.275 -07:00|1|formsample|True] Looking for: C:\Program Files\Datadog\.NET Tracer\net6.0\Datadog.Trace.dll
[2025-06-10 14:19:58.275 -07:00|1|formsample|True] Loading from cache. [Path: C:\Program Files\Datadog\.NET Tracer\net6.0\Datadog.Trace.dll]
[2025-06-10 14:19:58.276 -07:00|1|formsample|True] Assembly Resolve event received for: Datadog.Trace
[2025-06-10 14:19:58.278 -07:00|1|formsample|True] Looking for: C:\Program Files\Datadog\.NET Tracer\net6.0\Datadog.Trace.dll
[2025-06-10 14:19:58.278 -07:00|1|formsample|True] Loading from cache. [Path: C:\Program Files\Datadog\.NET Tracer\net6.0\Datadog.Trace.dll]
[2025-06-10 14:19:58.279 -07:00|1|formsample|True] Assembly Resolve event received for: Datadog.Trace
[2025-06-10 14:19:58.280 -07:00|1|formsample|True] Looking for: C:\Program Files\Datadog\.NET Tracer\net6.0\Datadog.Trace.dll
[2025-06-10 14:19:58.281 -07:00|1|formsample|True] Loading from cache. [Path: C:\Program Files\Datadog\.NET Tracer\net6.0\Datadog.Trace.dll]
[2025-06-10 14:19:58.282 -07:00|1|formsample|True] Assembly Resolve event received for: Datadog.Trace
[2025-06-10 14:19:58.283 -07:00|1|formsample|True] Looking for: C:\Program Files\Datadog\.NET Tracer\net6.0\Datadog.Trace.dll
[2025-06-10 14:19:58.284 -07:00|1|formsample|True] Loading from cache. [Path: C:\Program Files\Datadog\.NET Tracer\net6.0\Datadog.Trace.dll]
[2025-06-10 14:19:58.285 -07:00|1|formsample|True] Assembly Resolve event received for: Datadog.Trace
[2025-06-10 14:19:58.286 -07:00|1|formsample|True] Looking for: C:\Program Files\Datadog\.NET Tracer\net6.0\Datadog.Trace.dll
[2025-06-10 14:19:58.287 -07:00|1|formsample|True] Loading from cache. [Path: C:\Program Files\Datadog\.NET Tracer\net6.0\Datadog.Trace.dll]
[2025-06-10 14:19:58.288 -07:00|1|formsample|True] Assembly Resolve event received for: Datadog.Trace
[2025-06-10 14:19:58.288 -07:00|1|formsample|True] Looking for: C:\Program Files\Datadog\.NET Tracer\net6.0\Datadog.Trace.dll
[2025-06-10 14:19:58.289 -07:00|1|formsample|True] Loading from cache. [Path: C:\Program Files\Datadog\.NET Tracer\net6.0\Datadog.Trace.dll]
[2025-06-10 14:19:58.290 -07:00|1|formsample|True] Assembly Resolve event received for: Datadog.Trace
[2025-06-10 14:19:58.291 -07:00|1|formsample|True] Looking for: C:\Program Files\Datadog\.NET Tracer\net6.0\Datadog.Trace.dll
[2025-06-10 14:19:58.291 -07:00|1|formsample|True] Loading from cache. [Path: C:\Program Files\Datadog\.NET Tracer\net6.0\Datadog.Trace.dll]
[2025-06-10 14:19:58.292 -07:00|1|formsample|True] Assembly Resolve event received for: Datadog.Trace
[2025-06-10 14:19:58.293 -07:00|1|formsample|True] Looking for: C:\Program Files\Datadog\.NET Tracer\net6.0\Datadog.Trace.dll
[2025-06-10 14:19:58.294 -07:00|1|formsample|True] Loading from cache. [Path: C:\Program Files\Datadog\.NET Tracer\net6.0\Datadog.Trace.dll]
[2025-06-10 14:19:58.295 -07:00|1|formsample|True] Assembly Resolve event received for: Datadog.Trace
[2025-06-10 14:19:58.295 -07:00|1|formsample|True] Looking for: C:\Program Files\Datadog\.NET Tracer\net6.0\Datadog.Trace.dll
[2025-06-10 14:19:58.296 -07:00|1|formsample|True] Loading from cache. [Path: C:\Program Files\Datadog\.NET Tracer\net6.0\Datadog.Trace.dll]
[2025-06-10 14:19:58.297 -07:00|1|formsample|True] Assembly Resolve event received for: Datadog.Trace
[2025-06-10 14:19:58.298 -07:00|1|formsample|True] Looking for: C:\Program Files\Datadog\.NET Tracer\net6.0\Datadog.Trace.dll
[2025-06-10 14:19:58.298 -07:00|1|formsample|True] Loading from cache. [Path: C:\Program Files\Datadog\.NET Tracer\net6.0\Datadog.Trace.dll]
[2025-06-10 14:19:58.299 -07:00|1|formsample|True] Assembly Resolve event received for: Datadog.Trace
[2025-06-10 14:19:58.300 -07:00|1|formsample|True] Looking for: C:\Program Files\Datadog\.NET Tracer\net6.0\Datadog.Trace.dll
[2025-06-10 14:19:58.301 -07:00|1|formsample|True] Loading from cache. [Path: C:\Program Files\Datadog\.NET Tracer\net6.0\Datadog.Trace.dll]
[2025-06-10 14:19:58.302 -07:00|1|formsample|True] Assembly Resolve event received for: Datadog.Trace
[2025-06-10 14:19:58.303 -07:00|1|formsample|True] Looking for: C:\Program Files\Datadog\.NET Tracer\net6.0\Datadog.Trace.dll
[2025-06-10 14:19:58.304 -07:00|1|formsample|True] Loading from cache. [Path: C:\Program Files\Datadog\.NET Tracer\net6.0\Datadog.Trace.dll]
[2025-06-10 14:19:58.305 -07:00|1|formsample|True] Assembly Resolve event received for: Datadog.Trace
[2025-06-10 14:19:58.306 -07:00|1|formsample|True] Looking for: C:\Program Files\Datadog\.NET Tracer\net6.0\Datadog.Trace.dll
[2025-06-10 14:19:58.306 -07:00|1|formsample|True] Loading from cache. [Path: C:\Program Files\Datadog\.NET Tracer\net6.0\Datadog.Trace.dll]
[2025-06-10 14:19:58.307 -07:00|1|formsample|True] Assembly Resolve event received for: Datadog.Trace
[2025-06-10 14:19:58.308 -07:00|1|formsample|True] Looking for: C:\Program Files\Datadog\.NET Tracer\net6.0\Datadog.Trace.dll
[2025-06-10 14:19:58.309 -07:00|1|formsample|True] Loading from cache. [Path: C:\Program Files\Datadog\.NET Tracer\net6.0\Datadog.Trace.dll]
[2025-06-10 14:19:58.309 -07:00|1|formsample|True] Assembly Resolve event received for: Datadog.Trace
[2025-06-10 14:19:58.310 -07:00|1|formsample|True] Looking for: C:\Program Files\Datadog\.NET Tracer\net6.0\Datadog.Trace.dll
[2025-06-10 14:19:58.311 -07:00|1|formsample|True] Loading from cache. [Path: C:\Program Files\Datadog\.NET Tracer\net6.0\Datadog.Trace.dll]
[2025-06-10 14:19:58.312 -07:00|1|formsample|True] Assembly Resolve event received for: Datadog.Trace
[2025-06-10 14:19:58.312 -07:00|1|formsample|True] Looking for: C:\Program Files\Datadog\.NET Tracer\net6.0\Datadog.Trace.dll
[2025-06-10 14:19:58.313 -07:00|1|formsample|True] Loading from cache. [Path: C:\Program Files\Datadog\.NET Tracer\net6.0\Datadog.Trace.dll]
[2025-06-10 14:19:58.314 -07:00|1|formsample|True] Assembly Resolve event received for: Datadog.Trace
[2025-06-10 14:19:58.314 -07:00|1|formsample|True] Looking for: C:\Program Files\Datadog\.NET Tracer\net6.0\Datadog.Trace.dll
[2025-06-10 14:19:58.315 -07:00|1|formsample|True] Loading from cache. [Path: C:\Program Files\Datadog\.NET Tracer\net6.0\Datadog.Trace.dll]
[2025-06-10 14:19:58.317 -07:00|1|formsample|True] Assembly Resolve event received for: Datadog.Trace
[2025-06-10 14:19:58.317 -07:00|1|formsample|True] Looking for: C:\Program Files\Datadog\.NET Tracer\net6.0\Datadog.Trace.dll
[2025-06-10 14:19:58.318 -07:00|1|formsample|True] Loading from cache. [Path: C:\Program Files\Datadog\.NET Tracer\net6.0\Datadog.Trace.dll]
[2025-06-10 14:19:58.320 -07:00|1|formsample|True] Assembly Resolve event received for: Datadog.Trace
[2025-06-10 14:19:58.320 -07:00|1|formsample|True] Looking for: C:\Program Files\Datadog\.NET Tracer\net6.0\Datadog.Trace.dll
[2025-06-10 14:19:58.321 -07:00|1|formsample|True] Loading from cache. [Path: C:\Program Files\Datadog\.NET Tracer\net6.0\Datadog.Trace.dll]
[2025-06-10 14:19:58.322 -07:00|1|formsample|True] Assembly Resolve event received for: Datadog.Trace
[2025-06-10 14:19:58.323 -07:00|1|formsample|True] Looking for: C:\Program Files\Datadog\.NET Tracer\net6.0\Datadog.Trace.dll
[2025-06-10 14:19:58.323 -07:00|1|formsample|True] Loading from cache. [Path: C:\Program Files\Datadog\.NET Tracer\net6.0\Datadog.Trace.dll]
[2025-06-10 14:19:58.324 -07:00|1|formsample|True] Assembly Resolve event received for: Datadog.Trace
[2025-06-10 14:19:58.325 -07:00|1|formsample|True] Looking for: C:\Program Files\Datadog\.NET Tracer\net6.0\Datadog.Trace.dll
[2025-06-10 14:19:58.326 -07:00|1|formsample|True] Loading from cache. [Path: C:\Program Files\Datadog\.NET Tracer\net6.0\Datadog.Trace.dll]
[2025-06-10 14:19:58.327 -07:00|1|formsample|True] Assembly Resolve event received for: Datadog.Trace
[2025-06-10 14:19:58.327 -07:00|1|formsample|True] Looking for: C:\Program Files\Datadog\.NET Tracer\net6.0\Datadog.Trace.dll
[2025-06-10 14:19:58.328 -07:00|1|formsample|True] Loading from cache. [Path: C:\Program Files\Datadog\.NET Tracer\net6.0\Datadog.Trace.dll]
[2025-06-10 14:19:58.329 -07:00|1|formsample|True] Assembly Resolve event received for: Datadog.Trace
[2025-06-10 14:19:58.329 -07:00|1|formsample|True] Looking for: C:\Program Files\Datadog\.NET Tracer\net6.0\Datadog.Trace.dll
[2025-06-10 14:19:58.330 -07:00|1|formsample|True] Loading from cache. [Path: C:\Program Files\Datadog\.NET Tracer\net6.0\Datadog.Trace.dll]
[2025-06-10 14:19:58.331 -07:00|1|formsample|True] Assembly Resolve event received for: Datadog.Trace
[2025-06-10 14:19:58.332 -07:00|1|formsample|True] Looking for: C:\Program Files\Datadog\.NET Tracer\net6.0\Datadog.Trace.dll
[2025-06-10 14:19:58.332 -07:00|1|formsample|True] Loading from cache. [Path: C:\Program Files\Datadog\.NET Tracer\net6.0\Datadog.Trace.dll]
[2025-06-10 14:19:58.334 -07:00|1|formsample|True] Assembly Resolve event received for: Datadog.Trace
[2025-06-10 14:19:58.335 -07:00|1|formsample|True] Looking for: C:\Program Files\Datadog\.NET Tracer\net6.0\Datadog.Trace.dll
[2025-06-10 14:19:58.336 -07:00|1|formsample|True] Loading from cache. [Path: C:\Program Files\Datadog\.NET Tracer\net6.0\Datadog.Trace.dll]
[2025-06-10 14:19:58.337 -07:00|1|formsample|True] Assembly Resolve event received for: Datadog.Trace
[2025-06-10 14:19:58.337 -07:00|1|formsample|True] Looking for: C:\Program Files\Datadog\.NET Tracer\net6.0\Datadog.Trace.dll
[2025-06-10 14:19:58.341 -07:00|1|formsample|True] Loading from cache. [Path: C:\Program Files\Datadog\.NET Tracer\net6.0\Datadog.Trace.dll]
[2025-06-10 14:19:58.342 -07:00|1|formsample|True] Assembly Resolve event received for: Datadog.Trace
[2025-06-10 14:19:58.342 -07:00|1|formsample|True] Looking for: C:\Program Files\Datadog\.NET Tracer\net6.0\Datadog.Trace.dll
[2025-06-10 14:19:58.343 -07:00|1|formsample|True] Loading from cache. [Path: C:\Program Files\Datadog\.NET Tracer\net6.0\Datadog.Trace.dll]
[2025-06-10 14:19:58.344 -07:00|1|formsample|True] Assembly Resolve event received for: Datadog.Trace
[2025-06-10 14:19:58.345 -07:00|1|formsample|True] Looking for: C:\Program Files\Datadog\.NET Tracer\net6.0\Datadog.Trace.dll
[2025-06-10 14:19:58.345 -07:00|1|formsample|True] Loading from cache. [Path: C:\Program Files\Datadog\.NET Tracer\net6.0\Datadog.Trace.dll]
[2025-06-10 14:19:58.346 -07:00|1|formsample|True] Assembly Resolve event received for: Datadog.Trace
[2025-06-10 14:19:58.347 -07:00|1|formsample|True] Looking for: C:\Program Files\Datadog\.NET Tracer\net6.0\Datadog.Trace.dll
[2025-06-10 14:19:58.348 -07:00|1|formsample|True] Loading from cache. [Path: C:\Program Files\Datadog\.NET Tracer\net6.0\Datadog.Trace.dll]
[2025-06-10 14:19:58.349 -07:00|1|formsample|True] Assembly Resolve event received for: Datadog.Trace
[2025-06-10 14:19:58.350 -07:00|1|formsample|True] Looking for: C:\Program Files\Datadog\.NET Tracer\net6.0\Datadog.Trace.dll
[2025-06-10 14:19:58.351 -07:00|1|formsample|True] Loading from cache. [Path: C:\Program Files\Datadog\.NET Tracer\net6.0\Datadog.Trace.dll]
[2025-06-10 14:19:58.352 -07:00|1|formsample|True] Assembly Resolve event received for: Datadog.Trace
[2025-06-10 14:19:58.353 -07:00|1|formsample|True] Looking for: C:\Program Files\Datadog\.NET Tracer\net6.0\Datadog.Trace.dll
[2025-06-10 14:19:58.353 -07:00|1|formsample|True] Loading from cache. [Path: C:\Program Files\Datadog\.NET Tracer\net6.0\Datadog.Trace.dll]
[2025-06-10 14:19:58.354 -07:00|1|formsample|True] Assembly Resolve event received for: Datadog.Trace
[2025-06-10 14:19:58.355 -07:00|1|formsample|True] Looking for: C:\Program Files\Datadog\.NET Tracer\net6.0\Datadog.Trace.dll
[2025-06-10 14:19:58.356 -07:00|1|formsample|True] Loading from cache. [Path: C:\Program Files\Datadog\.NET Tracer\net6.0\Datadog.Trace.dll]
[2025-06-10 14:19:58.357 -07:00|1|formsample|True] Assembly Resolve event received for: Datadog.Trace
[2025-06-10 14:19:58.357 -07:00|1|formsample|True] Looking for: C:\Program Files\Datadog\.NET Tracer\net6.0\Datadog.Trace.dll
[2025-06-10 14:19:58.358 -07:00|1|formsample|True] Loading from cache. [Path: C:\Program Files\Datadog\.NET Tracer\net6.0\Datadog.Trace.dll]
[2025-06-10 14:19:58.359 -07:00|1|formsample|True] Assembly Resolve event received for: Datadog.Trace
[2025-06-10 14:19:58.360 -07:00|1|formsample|True] Looking for: C:\Program Files\Datadog\.NET Tracer\net6.0\Datadog.Trace.dll
[2025-06-10 14:19:58.360 -07:00|1|formsample|True] Loading from cache. [Path: C:\Program Files\Datadog\.NET Tracer\net6.0\Datadog.Trace.dll]
[2025-06-10 14:19:58.361 -07:00|1|formsample|True] Assembly Resolve event received for: Datadog.Trace
[2025-06-10 14:19:58.362 -07:00|1|formsample|True] Looking for: C:\Program Files\Datadog\.NET Tracer\net6.0\Datadog.Trace.dll
[2025-06-10 14:19:58.363 -07:00|1|formsample|True] Loading from cache. [Path: C:\Program Files\Datadog\.NET Tracer\net6.0\Datadog.Trace.dll]
[2025-06-10 14:19:58.363 -07:00|1|formsample|True] Assembly Resolve event received for: Datadog.Trace
[2025-06-10 14:19:58.364 -07:00|1|formsample|True] Looking for: C:\Program Files\Datadog\.NET Tracer\net6.0\Datadog.Trace.dll
[2025-06-10 14:19:58.366 -07:00|1|formsample|True] Loading from cache. [Path: C:\Program Files\Datadog\.NET Tracer\net6.0\Datadog.Trace.dll]
[2025-06-10 14:19:58.367 -07:00|1|formsample|True] Assembly Resolve event received for: Datadog.Trace
[2025-06-10 14:19:58.368 -07:00|1|formsample|True] Looking for: C:\Program Files\Datadog\.NET Tracer\net6.0\Datadog.Trace.dll
[2025-06-10 14:19:58.369 -07:00|1|formsample|True] Loading from cache. [Path: C:\Program Files\Datadog\.NET Tracer\net6.0\Datadog.Trace.dll]
[2025-06-10 14:19:58.370 -07:00|1|formsample|True] Assembly Resolve event received for: Datadog.Trace
[2025-06-10 14:19:58.370 -07:00|1|formsample|True] Looking for: C:\Program Files\Datadog\.NET Tracer\net6.0\Datadog.Trace.dll
[2025-06-10 14:19:58.371 -07:00|1|formsample|True] Loading from cache. [Path: C:\Program Files\Datadog\.NET Tracer\net6.0\Datadog.Trace.dll]
[2025-06-10 14:21:58.630 -07:00|1|formsample|True] Assembly Resolve event received for: Datadog.Trace
[2025-06-10 14:21:58.640 -07:00|1|formsample|True] Looking for: C:\Program Files\Datadog\.NET Tracer\net6.0\Datadog.Trace.dll
[2025-06-10 14:21:58.642 -07:00|1|formsample|True] Loading from cache. [Path: C:\Program Files\Datadog\.NET Tracer\net6.0\Datadog.Trace.dll]
[2025-06-10 14:21:58.644 -07:00|1|formsample|True] Assembly Resolve event received for: Datadog.Trace
[2025-06-10 14:21:58.646 -07:00|1|formsample|True] Looking for: C:\Program Files\Datadog\.NET Tracer\net6.0\Datadog.Trace.dll
[2025-06-10 14:21:58.647 -07:00|1|formsample|True] Loading from cache. [Path: C:\Program Files\Datadog\.NET Tracer\net6.0\Datadog.Trace.dll]
[2025-06-10 14:21:58.649 -07:00|1|formsample|True] Assembly Resolve event received for: Datadog.Trace
[2025-06-10 14:21:58.650 -07:00|1|formsample|True] Looking for: C:\Program Files\Datadog\.NET Tracer\net6.0\Datadog.Trace.dll
[2025-06-10 14:21:58.652 -07:00|1|formsample|True] Loading from cache. [Path: C:\Program Files\Datadog\.NET Tracer\net6.0\Datadog.Trace.dll]
[2025-06-10 14:21:58.653 -07:00|1|formsample|True] Assembly Resolve event received for: Datadog.Trace
[2025-06-10 14:21:58.655 -07:00|1|formsample|True] Looking for: C:\Program Files\Datadog\.NET Tracer\net6.0\Datadog.Trace.dll
[2025-06-10 14:21:58.656 -07:00|1|formsample|True] Loading from cache. [Path: C:\Program Files\Datadog\.NET Tracer\net6.0\Datadog.Trace.dll]
[2025-06-10 14:21:58.658 -07:00|1|formsample|True] Assembly Resolve event received for: Datadog.Trace
[2025-06-10 14:21:58.660 -07:00|1|formsample|True] Looking for: C:\Program Files\Datadog\.NET Tracer\net6.0\Datadog.Trace.dll
[2025-06-10 14:21:58.662 -07:00|1|formsample|True] Loading from cache. [Path: C:\Program Files\Datadog\.NET Tracer\net6.0\Datadog.Trace.dll]
[2025-06-10 14:21:58.664 -07:00|1|formsample|True] Assembly Resolve event received for: Datadog.Trace
[2025-06-10 14:21:58.666 -07:00|1|formsample|True] Looking for: C:\Program Files\Datadog\.NET Tracer\net6.0\Datadog.Trace.dll
[2025-06-10 14:21:58.668 -07:00|1|formsample|True] Loading from cache. [Path: C:\Program Files\Datadog\.NET Tracer\net6.0\Datadog.Trace.dll]
[2025-06-10 14:21:58.669 -07:00|1|formsample|True] Assembly Resolve event received for: Datadog.Trace
[2025-06-10 14:21:58.671 -07:00|1|formsample|True] Looking for: C:\Program Files\Datadog\.NET Tracer\net6.0\Datadog.Trace.dll
[2025-06-10 14:21:58.673 -07:00|1|formsample|True] Loading from cache. [Path: C:\Program Files\Datadog\.NET Tracer\net6.0\Datadog.Trace.dll]
[2025-06-10 14:21:58.674 -07:00|1|formsample|True] Assembly Resolve event received for: Datadog.Trace
[2025-06-10 14:21:58.676 -07:00|1|formsample|True] Looking for: C:\Program Files\Datadog\.NET Tracer\net6.0\Datadog.Trace.dll
[2025-06-10 14:21:58.678 -07:00|1|formsample|True] Loading from cache. [Path: C:\Program Files\Datadog\.NET Tracer\net6.0\Datadog.Trace.dll]
[2025-06-10 14:21:58.680 -07:00|1|formsample|True] Assembly Resolve event received for: Datadog.Trace
[2025-06-10 14:21:58.681 -07:00|1|formsample|True] Looking for: C:\Program Files\Datadog\.NET Tracer\net6.0\Datadog.Trace.dll
[2025-06-10 14:21:58.683 -07:00|1|formsample|True] Loading from cache. [Path: C:\Program Files\Datadog\.NET Tracer\net6.0\Datadog.Trace.dll]
[2025-06-10 14:21:58.685 -07:00|1|formsample|True] Assembly Resolve event received for: Datadog.Trace
[2025-06-10 14:21:58.687 -07:00|1|formsample|True] Looking for: C:\Program Files\Datadog\.NET Tracer\net6.0\Datadog.Trace.dll
[2025-06-10 14:21:58.688 -07:00|1|formsample|True] Loading from cache. [Path: C:\Program Files\Datadog\.NET Tracer\net6.0\Datadog.Trace.dll]
[2025-06-10 14:21:58.691 -07:00|1|formsample|True] Assembly Resolve event received for: Datadog.Trace
[2025-06-10 14:21:58.693 -07:00|1|formsample|True] Looking for: C:\Program Files\Datadog\.NET Tracer\net6.0\Datadog.Trace.dll
[2025-06-10 14:21:58.695 -07:00|1|formsample|True] Loading from cache. [Path: C:\Program Files\Datadog\.NET Tracer\net6.0\Datadog.Trace.dll]
[2025-06-10 14:21:58.696 -07:00|1|formsample|True] Assembly Resolve event received for: Datadog.Trace
[2025-06-10 14:21:58.699 -07:00|1|formsample|True] Looking for: C:\Program Files\Datadog\.NET Tracer\net6.0\Datadog.Trace.dll
[2025-06-10 14:21:58.701 -07:00|1|formsample|True] Loading from cache. [Path: C:\Program Files\Datadog\.NET Tracer\net6.0\Datadog.Trace.dll]
[2025-06-10 14:21:58.703 -07:00|1|formsample|True] Assembly Resolve event received for: Datadog.Trace
[2025-06-10 14:21:58.705 -07:00|1|formsample|True] Looking for: C:\Program Files\Datadog\.NET Tracer\net6.0\Datadog.Trace.dll
[2025-06-10 14:21:58.707 -07:00|1|formsample|True] Loading from cache. [Path: C:\Program Files\Datadog\.NET Tracer\net6.0\Datadog.Trace.dll]
[2025-06-10 14:21:58.709 -07:00|1|formsample|True] Assembly Resolve event received for: Datadog.Trace
[2025-06-10 14:21:58.710 -07:00|1|formsample|True] Looking for: C:\Program Files\Datadog\.NET Tracer\net6.0\Datadog.Trace.dll
[2025-06-10 14:21:58.712 -07:00|1|formsample|True] Loading from cache. [Path: C:\Program Files\Datadog\.NET Tracer\net6.0\Datadog.Trace.dll]
[2025-06-10 14:21:58.715 -07:00|1|formsample|True] Assembly Resolve event received for: Datadog.Trace
[2025-06-10 14:21:58.717 -07:00|1|formsample|True] Looking for: C:\Program Files\Datadog\.NET Tracer\net6.0\Datadog.Trace.dll
[2025-06-10 14:21:58.719 -07:00|1|formsample|True] Loading from cache. [Path: C:\Program Files\Datadog\.NET Tracer\net6.0\Datadog.Trace.dll]
[2025-06-10 14:21:58.721 -07:00|1|formsample|True] Assembly Resolve event received for: Datadog.Trace
[2025-06-10 14:21:58.722 -07:00|1|formsample|True] Looking for: C:\Program Files\Datadog\.NET Tracer\net6.0\Datadog.Trace.dll
[2025-06-10 14:21:58.724 -07:00|1|formsample|True] Loading from cache. [Path: C:\Program Files\Datadog\.NET Tracer\net6.0\Datadog.Trace.dll]
[2025-06-10 14:21:58.725 -07:00|1|formsample|True] Assembly Resolve event received for: Datadog.Trace
[2025-06-10 14:21:58.727 -07:00|1|formsample|True] Looking for: C:\Program Files\Datadog\.NET Tracer\net6.0\Datadog.Trace.dll
[2025-06-10 14:21:58.729 -07:00|1|formsample|True] Loading from cache. [Path: C:\Program Files\Datadog\.NET Tracer\net6.0\Datadog.Trace.dll]
[2025-06-10 14:21:58.730 -07:00|1|formsample|True] Assembly Resolve event received for: Datadog.Trace
[2025-06-10 14:21:58.732 -07:00|1|formsample|True] Looking for: C:\Program Files\Datadog\.NET Tracer\net6.0\Datadog.Trace.dll
[2025-06-10 14:21:58.733 -07:00|1|formsample|True] Loading from cache. [Path: C:\Program Files\Datadog\.NET Tracer\net6.0\Datadog.Trace.dll]
[2025-06-10 14:21:58.734 -07:00|1|formsample|True] Assembly Resolve event received for: Datadog.Trace
[2025-06-10 14:21:58.736 -07:00|1|formsample|True] Looking for: C:\Program Files\Datadog\.NET Tracer\net6.0\Datadog.Trace.dll
[2025-06-10 14:21:58.737 -07:00|1|formsample|True] Loading from cache. [Path: C:\Program Files\Datadog\.NET Tracer\net6.0\Datadog.Trace.dll]
[2025-06-10 14:21:58.738 -07:00|1|formsample|True] Assembly Resolve event received for: Datadog.Trace
[2025-06-10 14:21:58.740 -07:00|1|formsample|True] Looking for: C:\Program Files\Datadog\.NET Tracer\net6.0\Datadog.Trace.dll
[2025-06-10 14:21:58.741 -07:00|1|formsample|True] Loading from cache. [Path: C:\Program Files\Datadog\.NET Tracer\net6.0\Datadog.Trace.dll]
[2025-06-10 14:21:58.746 -07:00|1|formsample|True] Assembly Resolve event received for: Datadog.Trace
[2025-06-10 14:21:58.748 -07:00|1|formsample|True] Looking for: C:\Program Files\Datadog\.NET Tracer\net6.0\Datadog.Trace.dll
[2025-06-10 14:21:58.750 -07:00|1|formsample|True] Loading from cache. [Path: C:\Program Files\Datadog\.NET Tracer\net6.0\Datadog.Trace.dll]
[2025-06-10 14:21:58.751 -07:00|1|formsample|True] Assembly Resolve event received for: Datadog.Trace
[2025-06-10 14:21:58.752 -07:00|1|formsample|True] Looking for: C:\Program Files\Datadog\.NET Tracer\net6.0\Datadog.Trace.dll
[2025-06-10 14:21:58.754 -07:00|1|formsample|True] Loading from cache. [Path: C:\Program Files\Datadog\.NET Tracer\net6.0\Datadog.Trace.dll]
[2025-06-10 14:21:58.755 -07:00|1|formsample|True] Assembly Resolve event received for: Datadog.Trace
[2025-06-10 14:21:58.757 -07:00|1|formsample|True] Looking for: C:\Program Files\Datadog\.NET Tracer\net6.0\Datadog.Trace.dll
[2025-06-10 14:21:58.758 -07:00|1|formsample|True] Loading from cache. [Path: C:\Program Files\Datadog\.NET Tracer\net6.0\Datadog.Trace.dll]
[2025-06-10 14:21:58.760 -07:00|1|formsample|True] Assembly Resolve event received for: Datadog.Trace
[2025-06-10 14:21:58.761 -07:00|1|formsample|True] Looking for: C:\Program Files\Datadog\.NET Tracer\net6.0\Datadog.Trace.dll
[2025-06-10 14:21:58.762 -07:00|1|formsample|True] Loading from cache. [Path: C:\Program Files\Datadog\.NET Tracer\net6.0\Datadog.Trace.dll]
[2025-06-10 14:21:58.764 -07:00|1|formsample|True] Assembly Resolve event received for: Datadog.Trace
[2025-06-10 14:21:58.765 -07:00|1|formsample|True] Looking for: C:\Program Files\Datadog\.NET Tracer\net6.0\Datadog.Trace.dll
[2025-06-10 14:21:58.766 -07:00|1|formsample|True] Loading from cache. [Path: C:\Program Files\Datadog\.NET Tracer\net6.0\Datadog.Trace.dll]
[2025-06-10 14:21:58.768 -07:00|1|formsample|True] Assembly Resolve event received for: Datadog.Trace
[2025-06-10 14:21:58.769 -07:00|1|formsample|True] Looking for: C:\Program Files\Datadog\.NET Tracer\net6.0\Datadog.Trace.dll
[2025-06-10 14:21:58.771 -07:00|1|formsample|True] Loading from cache. [Path: C:\Program Files\Datadog\.NET Tracer\net6.0\Datadog.Trace.dll]
[2025-06-10 14:21:58.772 -07:00|1|formsample|True] Assembly Resolve event received for: Datadog.Trace
[2025-06-10 14:21:58.774 -07:00|1|formsample|True] Looking for: C:\Program Files\Datadog\.NET Tracer\net6.0\Datadog.Trace.dll
[2025-06-10 14:21:58.775 -07:00|1|formsample|True] Loading from cache. [Path: C:\Program Files\Datadog\.NET Tracer\net6.0\Datadog.Trace.dll]
[2025-06-10 14:21:58.776 -07:00|1|formsample|True] Assembly Resolve event received for: Datadog.Trace
[2025-06-10 14:21:58.778 -07:00|1|formsample|True] Looking for: C:\Program Files\Datadog\.NET Tracer\net6.0\Datadog.Trace.dll
[2025-06-10 14:21:58.780 -07:00|1|formsample|True] Loading from cache. [Path: C:\Program Files\Datadog\.NET Tracer\net6.0\Datadog.Trace.dll]
[2025-06-10 14:21:58.782 -07:00|1|formsample|True] Assembly Resolve event received for: Datadog.Trace
[2025-06-10 14:21:58.784 -07:00|1|formsample|True] Looking for: C:\Program Files\Datadog\.NET Tracer\net6.0\Datadog.Trace.dll
[2025-06-10 14:21:58.785 -07:00|1|formsample|True] Loading from cache. [Path: C:\Program Files\Datadog\.NET Tracer\net6.0\Datadog.Trace.dll]
[2025-06-10 14:21:58.787 -07:00|1|formsample|True] Assembly Resolve event received for: Datadog.Trace
[2025-06-10 14:21:58.789 -07:00|1|formsample|True] Looking for: C:\Program Files\Datadog\.NET Tracer\net6.0\Datadog.Trace.dll
[2025-06-10 14:21:58.791 -07:00|1|formsample|True] Loading from cache. [Path: C:\Program Files\Datadog\.NET Tracer\net6.0\Datadog.Trace.dll]
[2025-06-10 14:21:58.793 -07:00|1|formsample|True] Assembly Resolve event received for: Datadog.Trace
[2025-06-10 14:21:58.794 -07:00|1|formsample|True] Looking for: C:\Program Files\Datadog\.NET Tracer\net6.0\Datadog.Trace.dll
[2025-06-10 14:21:58.796 -07:00|1|formsample|True] Loading from cache. [Path: C:\Program Files\Datadog\.NET Tracer\net6.0\Datadog.Trace.dll]
[2025-06-10 14:21:58.798 -07:00|1|formsample|True] Assembly Resolve event received for: Datadog.Trace
[2025-06-10 14:21:58.799 -07:00|1|formsample|True] Looking for: C:\Program Files\Datadog\.NET Tracer\net6.0\Datadog.Trace.dll
[2025-06-10 14:21:58.801 -07:00|1|formsample|True] Loading from cache. [Path: C:\Program Files\Datadog\.NET Tracer\net6.0\Datadog.Trace.dll]
[2025-06-10 14:21:58.803 -07:00|1|formsample|True] Assembly Resolve event received for: Datadog.Trace
[2025-06-10 14:21:58.804 -07:00|1|formsample|True] Looking for: C:\Program Files\Datadog\.NET Tracer\net6.0\Datadog.Trace.dll
[2025-06-10 14:21:58.806 -07:00|1|formsample|True] Loading from cache. [Path: C:\Program Files\Datadog\.NET Tracer\net6.0\Datadog.Trace.dll]
[2025-06-10 14:21:58.808 -07:00|1|formsample|True] Assembly Resolve event received for: Datadog.Trace
[2025-06-10 14:21:58.809 -07:00|1|formsample|True] Looking for: C:\Program Files\Datadog\.NET Tracer\net6.0\Datadog.Trace.dll
[2025-06-10 14:21:58.812 -07:00|1|formsample|True] Loading from cache. [Path: C:\Program Files\Datadog\.NET Tracer\net6.0\Datadog.Trace.dll]
[2025-06-10 14:21:58.814 -07:00|1|formsample|True] Assembly Resolve event received for: Datadog.Trace
[2025-06-10 14:21:58.815 -07:00|1|formsample|True] Looking for: C:\Program Files\Datadog\.NET Tracer\net6.0\Datadog.Trace.dll
[2025-06-10 14:21:58.817 -07:00|1|formsample|True] Loading from cache. [Path: C:\Program Files\Datadog\.NET Tracer\net6.0\Datadog.Trace.dll]
[2025-06-10 14:21:58.819 -07:00|1|formsample|True] Assembly Resolve event received for: Datadog.Trace
[2025-06-10 14:21:58.820 -07:00|1|formsample|True] Looking for: C:\Program Files\Datadog\.NET Tracer\net6.0\Datadog.Trace.dll
[2025-06-10 14:21:58.822 -07:00|1|formsample|True] Loading from cache. [Path: C:\Program Files\Datadog\.NET Tracer\net6.0\Datadog.Trace.dll]
[2025-06-10 14:21:58.823 -07:00|1|formsample|True] Assembly Resolve event received for: Datadog.Trace
[2025-06-10 14:21:58.826 -07:00|1|formsample|True] Looking for: C:\Program Files\Datadog\.NET Tracer\net6.0\Datadog.Trace.dll
[2025-06-10 14:21:58.828 -07:00|1|formsample|True] Loading from cache. [Path: C:\Program Files\Datadog\.NET Tracer\net6.0\Datadog.Trace.dll]
[2025-06-10 14:21:58.830 -07:00|1|formsample|True] Assembly Resolve event received for: Datadog.Trace
[2025-06-10 14:21:58.832 -07:00|1|formsample|True] Looking for: C:\Program Files\Datadog\.NET Tracer\net6.0\Datadog.Trace.dll
[2025-06-10 14:21:58.834 -07:00|1|formsample|True] Loading from cache. [Path: C:\Program Files\Datadog\.NET Tracer\net6.0\Datadog.Trace.dll]
[2025-06-10 14:21:58.836 -07:00|1|formsample|True] Assembly Resolve event received for: Datadog.Trace
[2025-06-10 14:21:58.838 -07:00|1|formsample|True] Looking for: C:\Program Files\Datadog\.NET Tracer\net6.0\Datadog.Trace.dll
[2025-06-10 14:21:58.839 -07:00|1|formsample|True] Loading from cache. [Path: C:\Program Files\Datadog\.NET Tracer\net6.0\Datadog.Trace.dll]
[2025-06-10 14:21:58.841 -07:00|1|formsample|True] Assembly Resolve event received for: Datadog.Trace
[2025-06-10 14:21:58.843 -07:00|1|formsample|True] Looking for: C:\Program Files\Datadog\.NET Tracer\net6.0\Datadog.Trace.dll
[2025-06-10 14:21:58.845 -07:00|1|formsample|True] Loading from cache. [Path: C:\Program Files\Datadog\.NET Tracer\net6.0\Datadog.Trace.dll]
