05/16/25 10:52:42.802 AM [36300|25084] [info] Datadog CLR Profiler 3.16.0 on Windows (amd64)
05/16/25 10:52:42.802 AM [36300|25084] [info] ProcessName: formsample.exe
05/16/25 10:52:42.802 AM [36300|25084] [info] Process CommandLine: "C:\Users\rroehl\projects\DataDog\formsample\bin\Debug\net9.0-windows\formsample.exe" 
05/16/25 10:52:42.802 AM [36300|25084] [info] Environment variables:
05/16/25 10:52:42.802 AM [36300|25084] [info]   DD_DOTNET_TRACER_HOME=C:\Program Files\Datadog\.NET Tracer\
05/16/25 10:52:42.803 AM [36300|25084] [info]   DD_ENV=forms-sample-dev
05/16/25 10:52:42.803 AM [36300|25084] [info]   DD_VERSION=7.64.3
05/16/25 10:52:42.803 AM [36300|25084] [info] Runtime Information: .NET 9.0.5
05/16/25 10:52:42.803 AM [36300|42360] [info] Initializing ReJIT request thread.
05/16/25 10:52:42.803 AM [36300|25084] [info] IAST Callsite instrumentation is disabled.
05/16/25 10:52:42.803 AM [36300|25084] [info] RASP Callsite instrumentation is disabled.
05/16/25 10:52:42.803 AM [36300|25084] [info] Callsite instrumentation is disabled.
05/16/25 10:52:42.803 AM [36300|25084] [info] Profiler filepath: C:\Program Files\Datadog\.NET Tracer\win-x64\Datadog.Tracer.Native.dll
05/16/25 10:52:42.803 AM [36300|25084] [info] Profiler attached.
05/16/25 10:52:42.804 AM [36300|25084] [info] COR library: System.Private.CoreLib 9.0.0
05/16/25 10:52:42.856 AM [36300|25084] [info] JITCompilationStarted: Startup hook registered in function_id=140735812338920 token=100663298 name=formsample.Program.Main(), assembly_name=formsample app_domain_id=1998136739584 domain_neutral=0
05/16/25 10:52:42.866 AM [36300|25084] [info] ModuleLoadFinished: Datadog.Trace.ClrProfiler.Managed.Loader loaded into AppDomain 1998136739584 clrhost
05/16/25 10:52:42.920 AM [36300|25084] [info] ModuleLoadFinished: Datadog.Trace v3.16.0.0 - Fix PInvoke maps
05/16/25 10:52:42.921 AM [36300|25084] [info] Rewriting PInvokes to native for Datadog.Trace.ClrProfiler.NativeMethods+Windows: C:\Program Files\Datadog\.NET Tracer\win-x64\Datadog.Tracer.Native.dll
05/16/25 10:52:42.923 AM [36300|25084] [info] Rewriting PInvokes to native for Datadog.Trace.Debugger.PInvoke.DebuggerNativeMethods+Windows: C:\Program Files\Datadog\.NET Tracer\win-x64\Datadog.Tracer.Native.dll
05/16/25 10:52:42.923 AM [36300|25084] [info] Rewriting PInvokes to native for Datadog.Trace.FaultTolerant.FaultTolerantNativeMethods+Windows: C:\Program Files\Datadog\.NET Tracer\win-x64\Datadog.Tracer.Native.dll
05/16/25 10:52:42.924 AM [36300|25084] [info] Rewriting PInvokes to native for Datadog.Trace.LibDatadog.NativeInterop+Exporter: C:\Program Files\Datadog\.NET Tracer\win-x64\datadog_profiling_ffi.dll
05/16/25 10:52:42.924 AM [36300|25084] [info] Rewriting PInvokes to native for Datadog.Trace.LibDatadog.NativeInterop+Config: C:\Program Files\Datadog\.NET Tracer\win-x64\datadog_profiling_ffi.dll
05/16/25 10:52:42.928 AM [36300|25084] [info] Rewriting PInvokes to native for Datadog.Trace.NativeLoader+NativeMethods: C:\Program Files\Datadog\.NET Tracer\win-x64\Datadog.Trace.ClrProfiler.Native.dll
05/16/25 10:52:42.929 AM [36300|25084] [info] Successfully added method DistributedTracer.__GetInstanceForProfiler__ for ModuleID=140735814069024
05/16/25 10:52:42.930 AM [36300|25084] [info] Rewriting Instrumentation.GetNativeTracerVersion() => PROFILER_VERSION
05/16/25 10:52:42.930 AM [36300|25084] [info] AssemblyLoadFinished: Datadog.Trace.dll v3.16.0.0 matched profiler version v3.16.0.0
05/16/25 10:52:42.930 AM [36300|25084] [info] ByRef Instrumentation enabled.
05/16/25 10:52:42.930 AM [36300|25084] [info] CallTargetState ByRef enabled.
05/16/25 10:52:42.930 AM [36300|25084] [info] AddTraceAttributeInstrumentation: Initialized assembly=Datadog.Trace, Version=3.16.0.0, Culture=neutral, PublicKeyToken=def86d061d0d2eeb, type=Datadog.Trace.ClrProfiler.AutoInstrumentation.TraceAnnotations.TraceAnnotationsIntegration
05/16/25 10:52:43.168 AM [36300|25084] [info] Total number of modules to analyze: 21
05/16/25 10:52:43.194 AM [36300|42360] [info] Request ReJIT done for 10 methods
05/16/25 10:52:43.194 AM [36300|25084] [info] RegisterCallTargetDefinitions: Added 718 call targets (enabled: 578, enabled categories: 1) 
05/16/25 10:52:43.195 AM [36300|31080] [info] NGEN:: Processed with 5 inliners [ModuleId=140735819246528,MethodDef=100666099]
05/16/25 10:52:43.195 AM [36300|42360] [info] Request ReJIT done for 5 methods
05/16/25 10:52:43.281 AM [36300|33624] [info] *** CallTarget_RewriterCallback() Finished: System.Net.Http.HttpClientHandler.SendAsync() [IsVoid=0, IsStatic=0, IntegrationType=Datadog.Trace.ClrProfiler.AutoInstrumentation.Http.HttpClient.HttpClientHandler.HttpClientHandlerIntegration, Arguments=2]
05/16/25 10:52:43.307 AM [36300|33624] [info] *** CallTarget_RewriterCallback() Finished: System.Net.Http.SocketsHttpHandler.SendAsync() [IsVoid=0, IsStatic=0, IntegrationType=Datadog.Trace.ClrProfiler.AutoInstrumentation.Http.HttpClient.SocketsHttpHandler.SocketsHttpHandlerIntegration, Arguments=2]
05/16/25 11:04:16.511 AM [36300|42360] [info] Exiting ReJIT request thread.
05/16/25 11:04:16.511 AM [36300|25084] [info] Exiting...
05/16/25 11:04:16.511 AM [36300|25084] [info] Stats: Total time: 693704ms | Total time in Callbacks: 198ms [Initialize=0ms, ModuleLoadFinished=30ms/68, CallTargetRequestRejit=30ms/27, CallTargetRewriter=1ms/2, AssemblyLoadFinished=0ms/68, ModuleUnloadStarted=0ms/0, JitCompilationStarted=44ms/12340, JitInlining=12ms/51102, JitCacheFunctionSearchStarted=77ms/7368, InitializeProfiler=0ms/0]
