05/19/25 02:40:42.142 PM [22664|32652] [info] Datadog CLR Profiler 3.16.0 on Windows (amd64)
05/19/25 02:40:42.143 PM [22664|32652] [info] ProcessName: formsample.exe
05/19/25 02:40:42.143 PM [22664|32652] [info] Process CommandLine: "C:\Users\rroehl\projects\DataDog\formsample\bin\Debug\net8.0-windows\formsample.exe" 
05/19/25 02:40:42.144 PM [22664|32652] [info] Environment variables:
05/19/25 02:40:42.144 PM [22664|32652] [info]   DD_DOTNET_TRACER_HOME=C:\Program Files\Datadog\.NET Tracer\
05/19/25 02:40:42.144 PM [22664|32652] [info]   DD_ENV=dev1
05/19/25 02:40:42.144 PM [22664|32652] [info]   DD_VERSION=7.64.3
05/19/25 02:40:42.144 PM [22664|32652] [info] Runtime Information: .NET 8.0.16
05/19/25 02:40:42.145 PM [22664|432] [info] Initializing ReJIT request thread.
05/19/25 02:40:42.145 PM [22664|32652] [info] IAST Callsite instrumentation is disabled.
05/19/25 02:40:42.145 PM [22664|32652] [info] RASP Callsite instrumentation is disabled.
05/19/25 02:40:42.145 PM [22664|32652] [info] Callsite instrumentation is disabled.
05/19/25 02:40:42.145 PM [22664|32652] [info] Profiler filepath: C:\Program Files\Datadog\.NET Tracer\win-x64\Datadog.Tracer.Native.dll
05/19/25 02:40:42.145 PM [22664|32652] [info] Profiler attached.
05/19/25 02:40:42.157 PM [22664|32652] [info] COR library: System.Private.CoreLib 8.0.0
05/19/25 02:40:42.262 PM [22664|32652] [info] JITCompilationStarted: Startup hook registered in function_id=140726878535928 token=100663298 name=formsample.Program.Main(), assembly_name=formsample app_domain_id=1793640222960 domain_neutral=0
05/19/25 02:40:42.292 PM [22664|32652] [info] ModuleLoadFinished: Datadog.Trace.ClrProfiler.Managed.Loader loaded into AppDomain 1793640222960 clrhost
05/19/25 02:40:42.541 PM [22664|32652] [info] ModuleLoadFinished: Datadog.Trace v3.16.0.0 - Fix PInvoke maps
05/19/25 02:40:42.542 PM [22664|32652] [info] Rewriting PInvokes to native for Datadog.Trace.ClrProfiler.NativeMethods+Windows: C:\Program Files\Datadog\.NET Tracer\win-x64\Datadog.Tracer.Native.dll
05/19/25 02:40:42.548 PM [22664|32652] [info] Rewriting PInvokes to native for Datadog.Trace.Debugger.PInvoke.DebuggerNativeMethods+Windows: C:\Program Files\Datadog\.NET Tracer\win-x64\Datadog.Tracer.Native.dll
05/19/25 02:40:42.548 PM [22664|32652] [info] Rewriting PInvokes to native for Datadog.Trace.FaultTolerant.FaultTolerantNativeMethods+Windows: C:\Program Files\Datadog\.NET Tracer\win-x64\Datadog.Tracer.Native.dll
05/19/25 02:40:42.549 PM [22664|32652] [info] Rewriting PInvokes to native for Datadog.Trace.LibDatadog.NativeInterop+Exporter: C:\Program Files\Datadog\.NET Tracer\win-x64\datadog_profiling_ffi.dll
05/19/25 02:40:42.549 PM [22664|32652] [info] Rewriting PInvokes to native for Datadog.Trace.LibDatadog.NativeInterop+Config: C:\Program Files\Datadog\.NET Tracer\win-x64\datadog_profiling_ffi.dll
05/19/25 02:40:42.558 PM [22664|32652] [info] Rewriting PInvokes to native for Datadog.Trace.NativeLoader+NativeMethods: C:\Program Files\Datadog\.NET Tracer\win-x64\Datadog.Trace.ClrProfiler.Native.dll
05/19/25 02:40:42.563 PM [22664|32652] [info] Successfully added method DistributedTracer.__GetInstanceForProfiler__ for ModuleID=140726881762776
05/19/25 02:40:42.567 PM [22664|32652] [info] Rewriting Instrumentation.GetNativeTracerVersion() => PROFILER_VERSION
05/19/25 02:40:42.567 PM [22664|32652] [info] AssemblyLoadFinished: Datadog.Trace.dll v3.16.0.0 matched profiler version v3.16.0.0
05/19/25 02:40:42.568 PM [22664|32652] [info] ByRef Instrumentation enabled.
05/19/25 02:40:42.568 PM [22664|32652] [info] CallTargetState ByRef enabled.
05/19/25 02:40:42.568 PM [22664|32652] [info] AddTraceAttributeInstrumentation: Initialized assembly=Datadog.Trace, Version=3.16.0.0, Culture=neutral, PublicKeyToken=def86d061d0d2eeb, type=Datadog.Trace.ClrProfiler.AutoInstrumentation.TraceAnnotations.TraceAnnotationsIntegration
05/19/25 02:40:43.345 PM [22664|32652] [info] Total number of modules to analyze: 19
05/19/25 02:40:43.405 PM [22664|432] [info] Request ReJIT done for 10 methods
05/19/25 02:40:43.405 PM [22664|32652] [info] RegisterCallTargetDefinitions: Added 718 call targets (enabled: 578, enabled categories: 1) 
05/19/25 02:40:43.409 PM [22664|36756] [info] NGEN:: Processed with 5 inliners [ModuleId=140726888078672,MethodDef=100665944]
05/19/25 02:40:43.409 PM [22664|432] [info] Request ReJIT done for 5 methods
05/19/25 02:40:43.412 PM [22664|36756] [info] *** CallTarget_RewriterCallback() Finished: System.Net.Http.HttpClientHandler.SendAsync() [IsVoid=0, IsStatic=0, IntegrationType=Datadog.Trace.ClrProfiler.AutoInstrumentation.Http.HttpClient.HttpClientHandler.HttpClientHandlerIntegration, Arguments=2]
05/19/25 02:40:43.576 PM [22664|36756] [info] *** CallTarget_RewriterCallback() Finished: System.Net.Http.SocketsHttpHandler.SendAsync() [IsVoid=0, IsStatic=0, IntegrationType=Datadog.Trace.ClrProfiler.AutoInstrumentation.Http.HttpClient.SocketsHttpHandler.SocketsHttpHandlerIntegration, Arguments=2]
05/19/25 02:40:55.530 PM [22664|432] [info] Request ReJIT done for 11 methods
05/19/25 02:40:55.539 PM [22664|432] [info] Request ReJIT done for 11 methods
05/19/25 02:40:55.569 PM [22664|432] [info] Request ReJIT done for 1 methods
05/19/25 02:40:55.736 PM [22664|32652] [info] *** CallTarget_RewriterCallback() Finished: Npgsql.NpgsqlCommand.ExecuteReaderAsync() [IsVoid=0, IsStatic=0, IntegrationType=Datadog.Trace.ClrProfiler.AutoInstrumentation.AdoNet.CommandExecuteReaderWithBehaviorAndCancellationAsyncIntegration, Arguments=2]
05/19/25 03:56:23.007 PM [22664|432] [info] Exiting ReJIT request thread.
05/19/25 03:56:23.008 PM [22664|32652] [info] Exiting...
05/19/25 03:56:23.008 PM [22664|32652] [info] Stats: Total time: 4540808ms | Total time in Callbacks: 515ms [Initialize=1ms, ModuleLoadFinished=95ms/69, CallTargetRequestRejit=85ms/27, CallTargetRewriter=5ms/3, AssemblyLoadFinished=0ms/69, ModuleUnloadStarted=0ms/0, JitCompilationStarted=252ms/14764, JitInlining=26ms/54382, JitCacheFunctionSearchStarted=46ms/7037, InitializeProfiler=0ms/0]
