05/22/25 01:01:32.676 PM [53608|36048] [info] Datadog CLR Profiler 3.16.0 on Windows (amd64)
05/22/25 01:01:32.678 PM [53608|36048] [info] ProcessName: formsample.exe
05/22/25 01:01:32.678 PM [53608|36048] [info] Process CommandLine: "C:\Users\rroehl\projects\DataDog\formsample\bin\Debug\net8.0-windows\formsample.exe" 
05/22/25 01:01:32.678 PM [53608|36048] [info] Environment variables:
05/22/25 01:01:32.678 PM [53608|36048] [info]   DD_TRACE_DEBUG=formsample
05/22/25 01:01:32.678 PM [53608|36048] [info]   DD_DOTNET_TRACER_HOME=C:\Program Files\Datadog\.NET Tracer\
05/22/25 01:01:32.678 PM [53608|36048] [info]   DD_ENV=dev1
05/22/25 01:01:32.678 PM [53608|36048] [info]   DD_VERSION=7.64.3
05/22/25 01:01:32.678 PM [53608|36048] [info] Runtime Information: .NET 8.0.16
05/22/25 01:01:32.678 PM [53608|36048] [info] IAST Callsite instrumentation is disabled.
05/22/25 01:01:32.678 PM [53608|36048] [info] RASP Callsite instrumentation is disabled.
05/22/25 01:01:32.678 PM [53608|49124] [info] Initializing ReJIT request thread.
05/22/25 01:01:32.678 PM [53608|36048] [info] Callsite instrumentation is disabled.
05/22/25 01:01:32.678 PM [53608|36048] [info] Profiler filepath: C:\Program Files\Datadog\.NET Tracer\win-x64\Datadog.Tracer.Native.dll
05/22/25 01:01:32.678 PM [53608|36048] [info] Profiler attached.
05/22/25 01:01:32.684 PM [53608|36048] [info] COR library: System.Private.CoreLib 8.0.0
05/22/25 01:01:32.754 PM [53608|36048] [info] JITCompilationStarted: Startup hook registered in function_id=140728500093176 token=100663298 name=formsample.Program.Main(), assembly_name=formsample app_domain_id=2763136602624 domain_neutral=0
05/22/25 01:01:32.776 PM [53608|36048] [info] ModuleLoadFinished: Datadog.Trace.ClrProfiler.Managed.Loader loaded into AppDomain 2763136602624 clrhost
05/22/25 01:01:32.921 PM [53608|36048] [info] ModuleLoadFinished: Datadog.Trace v3.16.0.0 - Fix PInvoke maps
05/22/25 01:01:32.922 PM [53608|36048] [info] Rewriting PInvokes to native for Datadog.Trace.ClrProfiler.NativeMethods+Windows: C:\Program Files\Datadog\.NET Tracer\win-x64\Datadog.Tracer.Native.dll
05/22/25 01:01:32.926 PM [53608|36048] [info] Rewriting PInvokes to native for Datadog.Trace.Debugger.PInvoke.DebuggerNativeMethods+Windows: C:\Program Files\Datadog\.NET Tracer\win-x64\Datadog.Tracer.Native.dll
05/22/25 01:01:32.926 PM [53608|36048] [info] Rewriting PInvokes to native for Datadog.Trace.FaultTolerant.FaultTolerantNativeMethods+Windows: C:\Program Files\Datadog\.NET Tracer\win-x64\Datadog.Tracer.Native.dll
05/22/25 01:01:32.927 PM [53608|36048] [info] Rewriting PInvokes to native for Datadog.Trace.LibDatadog.NativeInterop+Exporter: C:\Program Files\Datadog\.NET Tracer\win-x64\datadog_profiling_ffi.dll
05/22/25 01:01:32.927 PM [53608|36048] [info] Rewriting PInvokes to native for Datadog.Trace.LibDatadog.NativeInterop+Config: C:\Program Files\Datadog\.NET Tracer\win-x64\datadog_profiling_ffi.dll
05/22/25 01:01:32.937 PM [53608|36048] [info] Rewriting PInvokes to native for Datadog.Trace.NativeLoader+NativeMethods: C:\Program Files\Datadog\.NET Tracer\win-x64\Datadog.Trace.ClrProfiler.Native.dll
05/22/25 01:01:32.940 PM [53608|36048] [info] Successfully added method DistributedTracer.__GetInstanceForProfiler__ for ModuleID=140728503360512
05/22/25 01:01:32.942 PM [53608|36048] [info] Rewriting Instrumentation.GetNativeTracerVersion() => PROFILER_VERSION
05/22/25 01:01:32.943 PM [53608|36048] [info] AssemblyLoadFinished: Datadog.Trace.dll v3.16.0.0 matched profiler version v3.16.0.0
05/22/25 01:01:32.943 PM [53608|36048] [info] ByRef Instrumentation enabled.
05/22/25 01:01:32.943 PM [53608|36048] [info] CallTargetState ByRef enabled.
05/22/25 01:01:32.943 PM [53608|36048] [info] AddTraceAttributeInstrumentation: Initialized assembly=Datadog.Trace, Version=3.16.0.0, Culture=neutral, PublicKeyToken=def86d061d0d2eeb, type=Datadog.Trace.ClrProfiler.AutoInstrumentation.TraceAnnotations.TraceAnnotationsIntegration
05/22/25 01:01:33.411 PM [53608|36048] [info] Total number of modules to analyze: 19
05/22/25 01:01:33.456 PM [53608|49124] [info] Request ReJIT done for 10 methods
05/22/25 01:01:33.456 PM [53608|36048] [info] RegisterCallTargetDefinitions: Added 718 call targets (enabled: 578, enabled categories: 1) 
05/22/25 01:01:33.457 PM [53608|19600] [info] NGEN:: Processed with 5 inliners [ModuleId=140728509596648,MethodDef=100665944]
05/22/25 01:01:33.458 PM [53608|49124] [info] Request ReJIT done for 5 methods
05/22/25 01:01:33.461 PM [53608|36636] [info] *** CallTarget_RewriterCallback() Finished: System.Net.Http.HttpClientHandler.SendAsync() [IsVoid=0, IsStatic=0, IntegrationType=Datadog.Trace.ClrProfiler.AutoInstrumentation.Http.HttpClient.HttpClientHandler.HttpClientHandlerIntegration, Arguments=2]
05/22/25 01:01:33.580 PM [53608|36636] [info] *** CallTarget_RewriterCallback() Finished: System.Net.Http.SocketsHttpHandler.SendAsync() [IsVoid=0, IsStatic=0, IntegrationType=Datadog.Trace.ClrProfiler.AutoInstrumentation.Http.HttpClient.SocketsHttpHandler.SocketsHttpHandlerIntegration, Arguments=2]
05/22/25 01:01:40.568 PM [53608|49124] [info] Request ReJIT done for 11 methods
05/22/25 01:01:40.579 PM [53608|49124] [info] Request ReJIT done for 11 methods
05/22/25 01:01:40.604 PM [53608|49124] [info] Request ReJIT done for 1 methods
05/22/25 01:01:40.762 PM [53608|36048] [info] *** CallTarget_RewriterCallback() Finished: Npgsql.NpgsqlCommand.ExecuteNonQueryAsync() [IsVoid=0, IsStatic=0, IntegrationType=Datadog.Trace.ClrProfiler.AutoInstrumentation.AdoNet.CommandExecuteNonQueryAsyncIntegration, Arguments=1]
05/22/25 01:01:47.244 PM [53608|36048] [info] *** CallTarget_RewriterCallback() Finished: Npgsql.NpgsqlCommand.ExecuteReaderAsync() [IsVoid=0, IsStatic=0, IntegrationType=Datadog.Trace.ClrProfiler.AutoInstrumentation.AdoNet.CommandExecuteReaderWithBehaviorAndCancellationAsyncIntegration, Arguments=2]
05/22/25 01:27:21.607 PM [53608|49124] [info] Exiting ReJIT request thread.
05/22/25 01:27:21.609 PM [53608|36048] [info] Exiting...
05/22/25 01:27:21.609 PM [53608|36048] [info] Stats: Total time: 1548925ms | Total time in Callbacks: 448ms [Initialize=0ms, ModuleLoadFinished=91ms/72, CallTargetRequestRejit=80ms/29, CallTargetRewriter=6ms/4, AssemblyLoadFinished=0ms/72, ModuleUnloadStarted=0ms/0, JitCompilationStarted=140ms/16183, JitInlining=31ms/58419, JitCacheFunctionSearchStarted=97ms/7692, InitializeProfiler=0ms/0]
