05/15/25 11:49:08.053 AM [42252|14372] [info] Datadog CLR Profiler 3.16.0 on Windows (amd64)
05/15/25 11:49:08.055 AM [42252|14372] [info] ProcessName: Fcm.Apps.DealInsight.exe
05/15/25 11:49:08.055 AM [42252|14372] [info] Process CommandLine: "C:\Users\rroehl\AppData\Local\Fcm.Apps.DealInsight\Production\Bin\Fcm.Apps.DealInsight.exe" 
05/15/25 11:49:08.055 AM [42252|14372] [info] Environment variables:
05/15/25 11:49:08.055 AM [42252|14372] [info]   DD_DOTNET_TRACER_HOME=C:\Program Files\Datadog\.NET Tracer\
05/15/25 11:49:08.055 AM [42252|14372] [info]   DD_ENV=dev1
05/15/25 11:49:08.055 AM [42252|14372] [info]   DD_VERSION=7.64.3
05/15/25 11:49:08.056 AM [42252|14372] [info] Runtime Information: .NET Framework 4.0.30319
05/15/25 11:49:08.056 AM [42252|26036] [info] Initializing ReJIT request thread.
05/15/25 11:49:08.058 AM [42252|14372] [info] IAST Callsite instrumentation is disabled.
05/15/25 11:49:08.058 AM [42252|14372] [info] RASP Callsite instrumentation is disabled.
05/15/25 11:49:08.058 AM [42252|14372] [info] Callsite instrumentation is disabled.
05/15/25 11:49:08.058 AM [42252|14372] [info] Profiler filepath: C:\Program Files\Datadog\.NET Tracer\win-x64\Datadog.Tracer.Native.dll
05/15/25 11:49:08.058 AM [42252|14372] [info] Profiler attached.
05/15/25 11:49:08.069 AM [42252|14372] [info] COR library: mscorlib 4.0.0
05/15/25 11:49:08.091 AM [42252|14372] [info] JITCompilationStarted: Startup hook registered in function_id=140703859393632 token=100663306 name=Fcm.Apps.DealInsight.FrmMain.Main(), assembly_name=Fcm.Apps.DealInsight app_domain_id=1834922842464 domain_neutral=0
05/15/25 11:49:08.102 AM [42252|14372] [info] ModuleLoadFinished: Datadog.Trace.ClrProfiler.Managed.Loader loaded into AppDomain 1834922842464 Fcm.Apps.DealInsight.exe
05/15/25 11:49:08.191 AM [42252|14372] [info] ModuleLoadFinished: Datadog.Trace v3.16.0.0 - Fix PInvoke maps
05/15/25 11:49:08.192 AM [42252|14372] [info] Rewriting PInvokes to native for Datadog.Trace.ClrProfiler.NativeMethods+Windows: C:\Program Files\Datadog\.NET Tracer\win-x64\Datadog.Tracer.Native.dll
05/15/25 11:49:08.194 AM [42252|14372] [info] Rewriting PInvokes to native for Datadog.Trace.Debugger.PInvoke.DebuggerNativeMethods+Windows: C:\Program Files\Datadog\.NET Tracer\win-x64\Datadog.Tracer.Native.dll
05/15/25 11:49:08.195 AM [42252|14372] [info] Rewriting PInvokes to native for Datadog.Trace.FaultTolerant.FaultTolerantNativeMethods+Windows: C:\Program Files\Datadog\.NET Tracer\win-x64\Datadog.Tracer.Native.dll
05/15/25 11:49:08.195 AM [42252|14372] [info] Rewriting PInvokes to native for Datadog.Trace.LibDatadog.NativeInterop+Exporter: C:\Program Files\Datadog\.NET Tracer\win-x64\datadog_profiling_ffi.dll
05/15/25 11:49:08.195 AM [42252|14372] [info] Rewriting PInvokes to native for Datadog.Trace.LibDatadog.NativeInterop+Config: C:\Program Files\Datadog\.NET Tracer\win-x64\datadog_profiling_ffi.dll
05/15/25 11:49:08.202 AM [42252|14372] [info] Rewriting PInvokes to native for Datadog.Trace.NativeLoader+NativeMethods: C:\Program Files\Datadog\.NET Tracer\win-x64\Datadog.Trace.ClrProfiler.Native.dll
05/15/25 11:49:08.205 AM [42252|14372] [info] Successfully added method DistributedTracer.__GetInstanceForProfiler__ for ModuleID=140703861285960
05/15/25 11:49:08.205 AM [42252|14372] [info] Rewriting Instrumentation.GetNativeTracerVersion() => PROFILER_VERSION
05/15/25 11:49:08.205 AM [42252|14372] [info] AssemblyLoadFinished: Datadog.Trace.dll v3.16.0.0 matched profiler version v3.16.0.0
05/15/25 11:49:08.205 AM [42252|14372] [info] ByRef Instrumentation enabled.
05/15/25 11:49:08.205 AM [42252|14372] [info] CallTargetState ByRef enabled.
05/15/25 11:49:08.205 AM [42252|14372] [info] AddTraceAttributeInstrumentation: Initialized assembly=Datadog.Trace, Version=3.16.0.0, Culture=neutral, PublicKeyToken=def86d061d0d2eeb, type=Datadog.Trace.ClrProfiler.AutoInstrumentation.TraceAnnotations.TraceAnnotationsIntegration
05/15/25 11:49:08.205 AM [42252|14372] [info] AssemblyLoadFinished: Datadog.Trace.dll was not loaded domain-neutral
05/15/25 11:49:08.968 AM [42252|14372] [info] Total number of modules to analyze: 6
05/15/25 11:49:09.045 AM [42252|26036] [info] Request ReJIT done for 12 methods
05/15/25 11:49:09.045 AM [42252|14372] [info] RegisterCallTargetDefinitions: Added 718 call targets (enabled: 581, enabled categories: 1) 
05/15/25 11:49:09.055 AM [42252|27620] [info] [ResolveType] GetTypeRefProps [1] has failed. typeRefToken: 16777813
05/15/25 11:49:09.055 AM [42252|27620] [info] *** CallTarget_RewriterCallback() Finished: System.Net.HttpWebRequest.BeginGetRequestStream() [IsVoid=0, IsStatic=0, IntegrationType=Datadog.Trace.ClrProfiler.AutoInstrumentation.Http.WebRequest.HttpWebRequest_BeginGetRequestStream_Integration, Arguments=2]
05/15/25 11:49:09.138 AM [42252|27620] [info] *** CallTarget_RewriterCallback() Finished: System.Net.WebRequest.GetResponseAsync() [IsVoid=0, IsStatic=0, IntegrationType=Datadog.Trace.ClrProfiler.AutoInstrumentation.Http.WebRequest.WebRequest_GetResponseAsync_Integration, Arguments=0]
05/15/25 11:49:09.147 AM [42252|34348] [info] *** CallTarget_RewriterCallback() Finished: System.Net.HttpWebRequest.BeginGetResponse() [IsVoid=0, IsStatic=0, IntegrationType=Datadog.Trace.ClrProfiler.AutoInstrumentation.Http.WebRequest.HttpWebRequest_BeginGetResponse_Integration, Arguments=2]
05/15/25 11:49:09.155 AM [42252|41216] [info] *** CallTarget_RewriterCallback() Finished: System.Net.HttpWebRequest.EndGetResponse() [IsVoid=0, IsStatic=0, IntegrationType=Datadog.Trace.ClrProfiler.AutoInstrumentation.Http.WebRequest.HttpWebRequest_EndGetResponse_Integration, Arguments=1]
05/15/25 11:49:10.277 AM [42252|26036] [info] Request ReJIT done for 36 methods
05/15/25 11:49:13.877 AM [42252|14372] [info] *** CallTarget_RewriterCallback() Finished: System.Data.SqlClient.SqlCommand.ExecuteScalar() [IsVoid=0, IsStatic=0, IntegrationType=Datadog.Trace.ClrProfiler.AutoInstrumentation.AdoNet.CommandExecuteScalarIntegration, Arguments=0]
05/15/25 11:49:13.948 AM [42252|14372] [info] *** CallTarget_RewriterCallback() Finished: System.Data.SqlClient.SqlCommand.ExecuteNonQuery() [IsVoid=0, IsStatic=0, IntegrationType=Datadog.Trace.ClrProfiler.AutoInstrumentation.AdoNet.CommandExecuteNonQueryIntegration, Arguments=0]
05/15/25 11:49:13.965 AM [42252|14372] [info] *** CallTarget_RewriterCallback() Finished: System.Data.SqlClient.SqlCommand.ExecuteDbDataReader() [IsVoid=0, IsStatic=0, IntegrationType=Datadog.Trace.ClrProfiler.AutoInstrumentation.AdoNet.CommandExecuteReaderWithBehaviorIntegration, Arguments=1]
05/15/25 11:49:15.035 AM [42252|14372] [warning] Timeout while waiting for the rejit requests to be processed. Rejit will continue asynchronously, but some initial calls may not be instrumented
05/15/25 11:49:15.216 AM [42252|26036] [info] Request ReJIT done for 3 methods
05/15/25 11:49:15.328 AM [42252|26036] [info] Request ReJIT done for 7 methods
05/15/25 11:49:15.804 AM [42252|14372] [info] NGEN:: Processed with 1 inliners [ModuleId=140704583127040,MethodDef=100676835]
05/15/25 11:49:15.804 AM [42252|14372] [info] NGEN:: Processed with 1 inliners [ModuleId=140704583127040,MethodDef=100676833]
05/15/25 11:49:15.805 AM [42252|26036] [info] Request ReJIT done for 1 methods
05/15/25 11:49:15.805 AM [42252|26036] [info] Request ReJIT done for 1 methods
05/15/25 11:49:16.089 AM [42252|26036] [info] Request ReJIT done for 1 methods
05/15/25 11:49:17.538 AM [42252|26036] [info] Request ReJIT done for 12 methods
05/15/25 01:26:37.491 PM [42252|26036] [info] Exiting ReJIT request thread.
05/15/25 01:26:37.493 PM [42252|41040] [info] Exiting...
05/15/25 01:26:37.493 PM [42252|41040] [info] Stats: Total time: 5849355ms | Total time in Callbacks: 3024ms [Initialize=2ms, ModuleLoadFinished=1311ms/117, CallTargetRequestRejit=1215ms/103, CallTargetRewriter=7ms/7, AssemblyLoadFinished=1ms/116, ModuleUnloadStarted=0ms/0, JitCompilationStarted=406ms/28402, JitInlining=44ms/130201, JitCacheFunctionSearchStarted=34ms/3222, InitializeProfiler=0ms/0]
