05/07/25 09:51:08.606 AM [32460|36512] [info] Datadog CLR Profiler 3.16.0 on Windows (amd64)
05/07/25 09:51:08.607 AM [32460|36512] [info] ProcessName: Fcm.Apps.DealInsight.exe
05/07/25 09:51:08.607 AM [32460|36512] [info] Process CommandLine: "\\FCSFDIGASD1\TemporaryData\DI_ROBB\Fcm.Apps.DealInsight.exe" 
05/07/25 09:51:08.607 AM [32460|36512] [info] Environment variables:
05/07/25 09:51:08.607 AM [32460|36512] [info]   DD_DOTNET_TRACER_HOME=C:\Program Files\Datadog\.NET Tracer\
05/07/25 09:51:08.607 AM [32460|36512] [info]   DD_ENV=dev1
05/07/25 09:51:08.607 AM [32460|36512] [info]   DD_VERSION=7.64.3
05/07/25 09:51:08.607 AM [32460|36512] [info] Runtime Information: .NET Framework 4.0.30319
05/07/25 09:51:08.608 AM [32460|32664] [info] Initializing ReJIT request thread.
05/07/25 09:51:08.608 AM [32460|36512] [info] IAST Callsite instrumentation is disabled.
05/07/25 09:51:08.608 AM [32460|36512] [info] RASP Callsite instrumentation is disabled.
05/07/25 09:51:08.608 AM [32460|36512] [info] Callsite instrumentation is disabled.
05/07/25 09:51:08.608 AM [32460|36512] [info] Profiler filepath: C:\Program Files\Datadog\.NET Tracer\win-x64\Datadog.Tracer.Native.dll
05/07/25 09:51:08.608 AM [32460|36512] [info] Profiler attached.
05/07/25 09:51:08.614 AM [32460|36512] [info] COR library: mscorlib 4.0.0
05/07/25 09:51:10.336 AM [32460|36512] [info] JITCompilationStarted: Startup hook registered in function_id=140724610974816 token=100663306 name=Fcm.Apps.DealInsight.FrmMain.Main(), assembly_name=Fcm.Apps.DealInsight app_domain_id=1844777490096 domain_neutral=0
05/07/25 09:51:11.851 AM [32460|36512] [info] ModuleLoadFinished: Datadog.Trace.ClrProfiler.Managed.Loader loaded into AppDomain 1844777490096 Fcm.Apps.DealInsight.exe
05/07/25 09:51:11.916 AM [32460|36512] [info] ModuleLoadFinished: Datadog.Trace v3.16.0.0 - Fix PInvoke maps
05/07/25 09:51:11.916 AM [32460|36512] [info] Rewriting PInvokes to native for Datadog.Trace.ClrProfiler.NativeMethods+Windows: C:\Program Files\Datadog\.NET Tracer\win-x64\Datadog.Tracer.Native.dll
05/07/25 09:51:11.918 AM [32460|36512] [info] Rewriting PInvokes to native for Datadog.Trace.Debugger.PInvoke.DebuggerNativeMethods+Windows: C:\Program Files\Datadog\.NET Tracer\win-x64\Datadog.Tracer.Native.dll
05/07/25 09:51:11.918 AM [32460|36512] [info] Rewriting PInvokes to native for Datadog.Trace.FaultTolerant.FaultTolerantNativeMethods+Windows: C:\Program Files\Datadog\.NET Tracer\win-x64\Datadog.Tracer.Native.dll
05/07/25 09:51:11.918 AM [32460|36512] [info] Rewriting PInvokes to native for Datadog.Trace.LibDatadog.NativeInterop+Exporter: C:\Program Files\Datadog\.NET Tracer\win-x64\datadog_profiling_ffi.dll
05/07/25 09:51:11.918 AM [32460|36512] [info] Rewriting PInvokes to native for Datadog.Trace.LibDatadog.NativeInterop+Config: C:\Program Files\Datadog\.NET Tracer\win-x64\datadog_profiling_ffi.dll
05/07/25 09:51:11.922 AM [32460|36512] [info] Rewriting PInvokes to native for Datadog.Trace.NativeLoader+NativeMethods: C:\Program Files\Datadog\.NET Tracer\win-x64\Datadog.Trace.ClrProfiler.Native.dll
05/07/25 09:51:11.923 AM [32460|36512] [info] Successfully added method DistributedTracer.__GetInstanceForProfiler__ for ModuleID=140724612867144
05/07/25 09:51:11.924 AM [32460|36512] [info] Rewriting Instrumentation.GetNativeTracerVersion() => PROFILER_VERSION
05/07/25 09:51:11.924 AM [32460|36512] [info] AssemblyLoadFinished: Datadog.Trace.dll v3.16.0.0 matched profiler version v3.16.0.0
05/07/25 09:51:11.924 AM [32460|36512] [info] ByRef Instrumentation enabled.
05/07/25 09:51:11.924 AM [32460|36512] [info] CallTargetState ByRef enabled.
05/07/25 09:51:11.924 AM [32460|36512] [info] AddTraceAttributeInstrumentation: Initialized assembly=Datadog.Trace, Version=3.16.0.0, Culture=neutral, PublicKeyToken=def86d061d0d2eeb, type=Datadog.Trace.ClrProfiler.AutoInstrumentation.TraceAnnotations.TraceAnnotationsIntegration
05/07/25 09:51:11.924 AM [32460|36512] [info] AssemblyLoadFinished: Datadog.Trace.dll was not loaded domain-neutral
05/07/25 09:51:12.544 AM [32460|36512] [info] Total number of modules to analyze: 6
05/07/25 09:51:12.642 AM [32460|32664] [info] Request ReJIT done for 12 methods
05/07/25 09:51:12.642 AM [32460|36512] [info] RegisterCallTargetDefinitions: Added 718 call targets (enabled: 581, enabled categories: 1) 
05/07/25 09:51:12.666 AM [32460|21616] [info] [ResolveType] GetTypeRefProps [1] has failed. typeRefToken: 16777813
05/07/25 09:51:12.666 AM [32460|21616] [info] *** CallTarget_RewriterCallback() Finished: System.Net.HttpWebRequest.BeginGetRequestStream() [IsVoid=0, IsStatic=0, IntegrationType=Datadog.Trace.ClrProfiler.AutoInstrumentation.Http.WebRequest.HttpWebRequest_BeginGetRequestStream_Integration, Arguments=2]
05/07/25 09:51:12.730 AM [32460|21616] [info] *** CallTarget_RewriterCallback() Finished: System.Net.WebRequest.GetResponseAsync() [IsVoid=0, IsStatic=0, IntegrationType=Datadog.Trace.ClrProfiler.AutoInstrumentation.Http.WebRequest.WebRequest_GetResponseAsync_Integration, Arguments=0]
05/07/25 09:51:12.736 AM [32460|33804] [info] *** CallTarget_RewriterCallback() Finished: System.Net.HttpWebRequest.BeginGetResponse() [IsVoid=0, IsStatic=0, IntegrationType=Datadog.Trace.ClrProfiler.AutoInstrumentation.Http.WebRequest.HttpWebRequest_BeginGetResponse_Integration, Arguments=2]
05/07/25 09:51:12.742 AM [32460|20596] [info] *** CallTarget_RewriterCallback() Finished: System.Net.HttpWebRequest.EndGetResponse() [IsVoid=0, IsStatic=0, IntegrationType=Datadog.Trace.ClrProfiler.AutoInstrumentation.Http.WebRequest.HttpWebRequest_EndGetResponse_Integration, Arguments=1]
05/07/25 09:51:33.739 AM [32460|36512] [warning] Timeout while waiting for the rejit requests to be processed. Rejit will continue asynchronously, but some initial calls may not be instrumented
05/07/25 09:51:52.058 AM [32460|32664] [info] Request ReJIT done for 36 methods
05/07/25 09:51:58.154 AM [32460|36512] [info] *** CallTarget_RewriterCallback() Finished: System.Data.SqlClient.SqlCommand.ExecuteScalar() [IsVoid=0, IsStatic=0, IntegrationType=Datadog.Trace.ClrProfiler.AutoInstrumentation.AdoNet.CommandExecuteScalarIntegration, Arguments=0]
05/07/25 09:51:58.331 AM [32460|36512] [info] *** CallTarget_RewriterCallback() Finished: System.Data.SqlClient.SqlCommand.ExecuteNonQuery() [IsVoid=0, IsStatic=0, IntegrationType=Datadog.Trace.ClrProfiler.AutoInstrumentation.AdoNet.CommandExecuteNonQueryIntegration, Arguments=0]
05/07/25 09:51:58.454 AM [32460|36512] [info] *** CallTarget_RewriterCallback() Finished: System.Data.SqlClient.SqlCommand.ExecuteDbDataReader() [IsVoid=0, IsStatic=0, IntegrationType=Datadog.Trace.ClrProfiler.AutoInstrumentation.AdoNet.CommandExecuteReaderWithBehaviorIntegration, Arguments=1]
05/07/25 09:52:51.604 AM [32460|36512] [warning] Timeout while waiting for the rejit requests to be processed. Rejit will continue asynchronously, but some initial calls may not be instrumented
05/07/25 09:53:45.512 AM [32460|36512] [warning] Timeout while waiting for the rejit requests to be processed. Rejit will continue asynchronously, but some initial calls may not be instrumented
05/07/25 09:53:59.098 AM [32460|32664] [info] Request ReJIT done for 3 methods
05/07/25 09:54:00.327 AM [32460|32664] [info] Request ReJIT done for 7 methods
05/07/25 09:54:00.828 AM [32460|36512] [info] NGEN:: Processed with 1 inliners [ModuleId=140725412106240,MethodDef=100676835]
05/07/25 09:54:00.828 AM [32460|36512] [info] NGEN:: Processed with 1 inliners [ModuleId=140725412106240,MethodDef=100676833]
05/07/25 09:54:00.828 AM [32460|32664] [info] Request ReJIT done for 1 methods
05/07/25 09:54:00.828 AM [32460|32664] [info] Request ReJIT done for 1 methods
05/07/25 09:54:04.090 AM [32460|32664] [info] Request ReJIT done for 1 methods
05/07/25 09:54:06.988 AM [32460|32664] [info] Request ReJIT done for 12 methods
05/07/25 02:47:41.810 PM [32460|33804] [warning] [ResolveTypeInternal] GetAssemblyFromScope has failed with: System.Runtime.Remoting.Messaging.IMessage
05/07/25 02:47:41.841 PM [32460|33804] [warning] [ResolveTypeInternal] GetAssemblyFromScope has failed with: System.Runtime.Remoting.Messaging.IMessage
05/07/25 02:47:41.842 PM [32460|33804] [warning] [ResolveTypeInternal] GetAssemblyFromScope has failed with: System.Runtime.Remoting.Messaging.IMessage
05/07/25 02:47:41.843 PM [32460|33804] [warning] [ResolveTypeInternal] GetAssemblyFromScope has failed with: System.Runtime.Remoting.Messaging.IMessage
05/07/25 02:47:41.844 PM [32460|33804] [warning] [ResolveTypeInternal] GetAssemblyFromScope has failed with: System.Runtime.Remoting.Messaging.IMessage
05/07/25 02:47:41.844 PM [32460|33804] [info] *** CallTarget_RewriterCallback() Finished: System.Runtime.Remoting.Channels.BinaryClientFormatterSink.SyncProcessMessage() [IsVoid=0, IsStatic=0, IntegrationType=Datadog.Trace.ClrProfiler.AutoInstrumentation.Remoting.Client.SyncProcessMessageIntegration, Arguments=1]
05/07/25 02:47:41.892 PM [32460|33804] [warning] [ResolveTypeInternal] GetAssemblyFromScope has failed with: System.Runtime.Remoting.Messaging.IMessage
05/07/25 02:47:41.893 PM [32460|33804] [warning] [ResolveTypeInternal] GetAssemblyFromScope has failed with: System.Runtime.Remoting.Channels.ITransportHeaders
05/07/25 02:47:41.894 PM [32460|33804] [warning] [ResolveTypeInternal] GetAssemblyFromScope has failed with: System.IO.Stream
05/07/25 02:47:41.894 PM [32460|33804] [warning] [ResolveTypeInternal] GetAssemblyFromScope has failed with: System.Runtime.Remoting.Channels.ITransportHeaders
05/07/25 02:47:41.895 PM [32460|33804] [warning] [ResolveTypeInternal] GetAssemblyFromScope has failed with: System.IO.Stream
05/07/25 02:47:41.895 PM [32460|33804] [warning] [ResolveTypeInternal] GetAssemblyFromScope has failed with: System.Runtime.Remoting.Messaging.IMessage
05/07/25 02:47:41.895 PM [32460|33804] [warning] [ResolveTypeInternal] GetAssemblyFromScope has failed with: System.Runtime.Remoting.Channels.ITransportHeaders
05/07/25 02:47:41.896 PM [32460|33804] [warning] [ResolveTypeInternal] GetAssemblyFromScope has failed with: System.IO.Stream
05/07/25 02:47:41.896 PM [32460|33804] [warning] [ResolveTypeInternal] GetAssemblyFromScope has failed with: System.Runtime.Remoting.Channels.ITransportHeaders
05/07/25 02:47:41.896 PM [32460|33804] [warning] [ResolveTypeInternal] GetAssemblyFromScope has failed with: System.IO.Stream
05/07/25 02:47:41.897 PM [32460|33804] [warning] [ResolveTypeInternal] GetAssemblyFromScope has failed with: System.Runtime.Remoting.Messaging.IMessage
05/07/25 02:47:41.897 PM [32460|33804] [warning] [ResolveTypeInternal] GetAssemblyFromScope has failed with: System.Runtime.Remoting.Channels.ITransportHeaders
05/07/25 02:47:41.897 PM [32460|33804] [warning] [ResolveTypeInternal] GetAssemblyFromScope has failed with: System.IO.Stream
05/07/25 02:47:41.897 PM [32460|33804] [warning] [ResolveTypeInternal] GetAssemblyFromScope has failed with: System.Runtime.Remoting.Channels.ITransportHeaders
05/07/25 02:47:41.898 PM [32460|33804] [warning] [ResolveTypeInternal] GetAssemblyFromScope has failed with: System.IO.Stream
05/07/25 02:47:41.898 PM [32460|33804] [warning] [ResolveTypeInternal] GetAssemblyFromScope has failed with: System.Runtime.Remoting.Messaging.IMessage
05/07/25 02:47:41.898 PM [32460|33804] [warning] [ResolveTypeInternal] GetAssemblyFromScope has failed with: System.Runtime.Remoting.Channels.ITransportHeaders
05/07/25 02:47:41.899 PM [32460|33804] [warning] [ResolveTypeInternal] GetAssemblyFromScope has failed with: System.IO.Stream
05/07/25 02:47:41.899 PM [32460|33804] [warning] [ResolveTypeInternal] GetAssemblyFromScope has failed with: System.Runtime.Remoting.Channels.ITransportHeaders
05/07/25 02:47:41.899 PM [32460|33804] [warning] [ResolveTypeInternal] GetAssemblyFromScope has failed with: System.IO.Stream
05/07/25 02:47:41.899 PM [32460|33804] [warning] [ResolveTypeInternal] GetAssemblyFromScope has failed with: System.Runtime.Remoting.Messaging.IMessage
05/07/25 02:47:41.900 PM [32460|33804] [warning] [ResolveTypeInternal] GetAssemblyFromScope has failed with: System.Runtime.Remoting.Channels.ITransportHeaders
05/07/25 02:47:41.901 PM [32460|33804] [warning] [ResolveTypeInternal] GetAssemblyFromScope has failed with: System.IO.Stream
05/07/25 02:47:41.902 PM [32460|33804] [warning] [ResolveTypeInternal] GetAssemblyFromScope has failed with: System.Runtime.Remoting.Channels.ITransportHeaders
05/07/25 02:47:41.904 PM [32460|33804] [warning] [ResolveTypeInternal] GetAssemblyFromScope has failed with: System.IO.Stream
05/07/25 02:47:41.905 PM [32460|33804] [info] *** CallTarget_RewriterCallback() Finished: System.Runtime.Remoting.Channels.Tcp.TcpClientTransportSink.ProcessMessage() [IsVoid=1, IsStatic=0, IntegrationType=Datadog.Trace.ClrProfiler.AutoInstrumentation.Remoting.Client.IpcTcpProcessMessageIntegration, Arguments=5]
