05/20/25 02:09:55.324 PM [16036|20540] [info] Datadog CLR Profiler 3.16.0 on Windows (amd64)
05/20/25 02:09:55.328 PM [16036|20540] [info] ProcessName: formsample.exe
05/20/25 02:09:55.328 PM [16036|20540] [info] Process CommandLine: "C:\Users\rroehl\projects\DataDog\formsample\bin\Debug\net8.0-windows\formsample.exe" 
05/20/25 02:09:55.328 PM [16036|20540] [info] Environment variables:
05/20/25 02:09:55.329 PM [16036|20540] [info]   DD_DOTNET_TRACER_HOME=C:\Program Files\Datadog\.NET Tracer\
05/20/25 02:09:55.329 PM [16036|20540] [info]   DD_ENV=dev1
05/20/25 02:09:55.329 PM [16036|20540] [info]   DD_VERSION=7.64.3
05/20/25 02:09:55.329 PM [16036|20540] [info] Runtime Information: .NET 8.0.16
05/20/25 02:09:55.331 PM [16036|20540] [info] IAST Callsite instrumentation is disabled.
05/20/25 02:09:55.331 PM [16036|20540] [info] RASP Callsite instrumentation is disabled.
05/20/25 02:09:55.331 PM [16036|20540] [info] Callsite instrumentation is disabled.
05/20/25 02:09:55.331 PM [16036|20540] [info] Profiler filepath: C:\Program Files\Datadog\.NET Tracer\win-x64\Datadog.Tracer.Native.dll
05/20/25 02:09:55.331 PM [16036|20540] [info] Profiler attached.
05/20/25 02:09:55.331 PM [16036|34356] [info] Initializing ReJIT request thread.
05/20/25 02:09:55.350 PM [16036|20540] [info] COR library: System.Private.CoreLib 8.0.0
05/20/25 02:09:55.564 PM [16036|20540] [info] JITCompilationStarted: Startup hook registered in function_id=140726937059576 token=100663298 name=formsample.Program.Main(), assembly_name=formsample app_domain_id=2301038082016 domain_neutral=0
05/20/25 02:09:55.647 PM [16036|20540] [info] ModuleLoadFinished: Datadog.Trace.ClrProfiler.Managed.Loader loaded into AppDomain 2301038082016 clrhost
05/20/25 02:09:55.974 PM [16036|20540] [info] ModuleLoadFinished: Datadog.Trace v3.16.0.0 - Fix PInvoke maps
05/20/25 02:09:55.975 PM [16036|20540] [info] Rewriting PInvokes to native for Datadog.Trace.ClrProfiler.NativeMethods+Windows: C:\Program Files\Datadog\.NET Tracer\win-x64\Datadog.Tracer.Native.dll
05/20/25 02:09:55.991 PM [16036|20540] [info] Rewriting PInvokes to native for Datadog.Trace.Debugger.PInvoke.DebuggerNativeMethods+Windows: C:\Program Files\Datadog\.NET Tracer\win-x64\Datadog.Tracer.Native.dll
05/20/25 02:09:55.992 PM [16036|20540] [info] Rewriting PInvokes to native for Datadog.Trace.FaultTolerant.FaultTolerantNativeMethods+Windows: C:\Program Files\Datadog\.NET Tracer\win-x64\Datadog.Tracer.Native.dll
05/20/25 02:09:55.993 PM [16036|20540] [info] Rewriting PInvokes to native for Datadog.Trace.LibDatadog.NativeInterop+Exporter: C:\Program Files\Datadog\.NET Tracer\win-x64\datadog_profiling_ffi.dll
05/20/25 02:09:55.994 PM [16036|20540] [info] Rewriting PInvokes to native for Datadog.Trace.LibDatadog.NativeInterop+Config: C:\Program Files\Datadog\.NET Tracer\win-x64\datadog_profiling_ffi.dll
05/20/25 02:09:56.026 PM [16036|20540] [info] Rewriting PInvokes to native for Datadog.Trace.NativeLoader+NativeMethods: C:\Program Files\Datadog\.NET Tracer\win-x64\Datadog.Trace.ClrProfiler.Native.dll
05/20/25 02:09:56.034 PM [16036|20540] [info] Successfully added method DistributedTracer.__GetInstanceForProfiler__ for ModuleID=140726940286424
05/20/25 02:09:56.040 PM [16036|20540] [info] Rewriting Instrumentation.GetNativeTracerVersion() => PROFILER_VERSION
05/20/25 02:09:56.041 PM [16036|20540] [info] AssemblyLoadFinished: Datadog.Trace.dll v3.16.0.0 matched profiler version v3.16.0.0
05/20/25 02:09:56.041 PM [16036|20540] [info] ByRef Instrumentation enabled.
05/20/25 02:09:56.041 PM [16036|20540] [info] CallTargetState ByRef enabled.
05/20/25 02:09:56.041 PM [16036|20540] [info] AddTraceAttributeInstrumentation: Initialized assembly=Datadog.Trace, Version=3.16.0.0, Culture=neutral, PublicKeyToken=def86d061d0d2eeb, type=Datadog.Trace.ClrProfiler.AutoInstrumentation.TraceAnnotations.TraceAnnotationsIntegration
05/20/25 02:09:57.701 PM [16036|20540] [info] Total number of modules to analyze: 19
05/20/25 02:09:57.853 PM [16036|34356] [info] Request ReJIT done for 10 methods
05/20/25 02:09:57.853 PM [16036|20540] [info] RegisterCallTargetDefinitions: Added 718 call targets (enabled: 578, enabled categories: 1) 
05/20/25 02:09:57.856 PM [16036|43276] [info] NGEN:: Processed with 5 inliners [ModuleId=140726946598136,MethodDef=100665944]
05/20/25 02:09:57.856 PM [16036|34356] [info] Request ReJIT done for 5 methods
05/20/25 02:09:57.866 PM [16036|36288] [info] *** CallTarget_RewriterCallback() Finished: System.Net.Http.HttpClientHandler.SendAsync() [IsVoid=0, IsStatic=0, IntegrationType=Datadog.Trace.ClrProfiler.AutoInstrumentation.Http.HttpClient.HttpClientHandler.HttpClientHandlerIntegration, Arguments=2]
05/20/25 02:09:58.170 PM [16036|36288] [info] *** CallTarget_RewriterCallback() Finished: System.Net.Http.SocketsHttpHandler.SendAsync() [IsVoid=0, IsStatic=0, IntegrationType=Datadog.Trace.ClrProfiler.AutoInstrumentation.Http.HttpClient.SocketsHttpHandler.SocketsHttpHandlerIntegration, Arguments=2]
05/20/25 02:10:06.969 PM [16036|34356] [info] Request ReJIT done for 11 methods
05/20/25 02:10:06.995 PM [16036|34356] [info] Request ReJIT done for 11 methods
05/20/25 02:10:07.085 PM [16036|34356] [info] Request ReJIT done for 1 methods
05/20/25 02:10:07.737 PM [16036|20540] [info] *** CallTarget_RewriterCallback() Finished: Npgsql.NpgsqlCommand.ExecuteReaderAsync() [IsVoid=0, IsStatic=0, IntegrationType=Datadog.Trace.ClrProfiler.AutoInstrumentation.AdoNet.CommandExecuteReaderWithBehaviorAndCancellationAsyncIntegration, Arguments=2]
05/20/25 02:52:01.017 PM [16036|34356] [info] Exiting ReJIT request thread.
05/20/25 02:52:01.018 PM [16036|20540] [info] Exiting...
05/20/25 02:52:01.018 PM [16036|20540] [info] Stats: Total time: 2525636ms | Total time in Callbacks: 1384ms [Initialize=2ms, ModuleLoadFinished=425ms/75, CallTargetRequestRejit=247ms/30, CallTargetRewriter=13ms/3, AssemblyLoadFinished=1ms/75, ModuleUnloadStarted=0ms/0, JitCompilationStarted=466ms/15112, JitInlining=77ms/57793, JitCacheFunctionSearchStarted=150ms/7814, InitializeProfiler=0ms/0]
