05/19/25 03:56:30.248 PM [39984|26668] [info] Datadog CLR Profiler 3.16.0 on Windows (amd64)
05/19/25 03:56:30.249 PM [39984|26668] [info] ProcessName: formsample.exe
05/19/25 03:56:30.249 PM [39984|26668] [info] Process CommandLine: "C:\Users\rroehl\projects\DataDog\formsample\bin\Debug\net8.0-windows\formsample.exe" 
05/19/25 03:56:30.249 PM [39984|26668] [info] Environment variables:
05/19/25 03:56:30.249 PM [39984|26668] [info]   DD_DOTNET_TRACER_HOME=C:\Program Files\Datadog\.NET Tracer\
05/19/25 03:56:30.249 PM [39984|26668] [info]   DD_ENV=dev1
05/19/25 03:56:30.249 PM [39984|26668] [info]   DD_VERSION=7.64.3
05/19/25 03:56:30.249 PM [39984|26668] [info] Runtime Information: .NET 8.0.16
05/19/25 03:56:30.250 PM [39984|22600] [info] Initializing ReJIT request thread.
05/19/25 03:56:30.250 PM [39984|26668] [info] IAST Callsite instrumentation is disabled.
05/19/25 03:56:30.250 PM [39984|26668] [info] RASP Callsite instrumentation is disabled.
05/19/25 03:56:30.250 PM [39984|26668] [info] Callsite instrumentation is disabled.
05/19/25 03:56:30.250 PM [39984|26668] [info] Profiler filepath: C:\Program Files\Datadog\.NET Tracer\win-x64\Datadog.Tracer.Native.dll
05/19/25 03:56:30.250 PM [39984|26668] [info] Profiler attached.
05/19/25 03:56:30.253 PM [39984|26668] [info] COR library: System.Private.CoreLib 8.0.0
05/19/25 03:56:30.579 PM [39984|26668] [info] JITCompilationStarted: Startup hook registered in function_id=140726851993848 token=100663298 name=formsample.Program.Main(), assembly_name=formsample app_domain_id=1529975365984 domain_neutral=0
05/19/25 03:56:30.589 PM [39984|26668] [info] ModuleLoadFinished: Datadog.Trace.ClrProfiler.Managed.Loader loaded into AppDomain 1529975365984 clrhost
05/19/25 03:56:30.648 PM [39984|26668] [info] ModuleLoadFinished: Datadog.Trace v3.16.0.0 - Fix PInvoke maps
05/19/25 03:56:30.648 PM [39984|26668] [info] Rewriting PInvokes to native for Datadog.Trace.ClrProfiler.NativeMethods+Windows: C:\Program Files\Datadog\.NET Tracer\win-x64\Datadog.Tracer.Native.dll
05/19/25 03:56:30.651 PM [39984|26668] [info] Rewriting PInvokes to native for Datadog.Trace.Debugger.PInvoke.DebuggerNativeMethods+Windows: C:\Program Files\Datadog\.NET Tracer\win-x64\Datadog.Tracer.Native.dll
05/19/25 03:56:30.651 PM [39984|26668] [info] Rewriting PInvokes to native for Datadog.Trace.FaultTolerant.FaultTolerantNativeMethods+Windows: C:\Program Files\Datadog\.NET Tracer\win-x64\Datadog.Tracer.Native.dll
05/19/25 03:56:30.651 PM [39984|26668] [info] Rewriting PInvokes to native for Datadog.Trace.LibDatadog.NativeInterop+Exporter: C:\Program Files\Datadog\.NET Tracer\win-x64\datadog_profiling_ffi.dll
05/19/25 03:56:30.651 PM [39984|26668] [info] Rewriting PInvokes to native for Datadog.Trace.LibDatadog.NativeInterop+Config: C:\Program Files\Datadog\.NET Tracer\win-x64\datadog_profiling_ffi.dll
05/19/25 03:56:30.657 PM [39984|26668] [info] Rewriting PInvokes to native for Datadog.Trace.NativeLoader+NativeMethods: C:\Program Files\Datadog\.NET Tracer\win-x64\Datadog.Trace.ClrProfiler.Native.dll
05/19/25 03:56:30.659 PM [39984|26668] [info] Successfully added method DistributedTracer.__GetInstanceForProfiler__ for ModuleID=140726855220696
05/19/25 03:56:30.661 PM [39984|26668] [info] Rewriting Instrumentation.GetNativeTracerVersion() => PROFILER_VERSION
05/19/25 03:56:30.661 PM [39984|26668] [info] AssemblyLoadFinished: Datadog.Trace.dll v3.16.0.0 matched profiler version v3.16.0.0
05/19/25 03:56:30.661 PM [39984|26668] [info] ByRef Instrumentation enabled.
05/19/25 03:56:30.661 PM [39984|26668] [info] CallTargetState ByRef enabled.
05/19/25 03:56:30.661 PM [39984|26668] [info] AddTraceAttributeInstrumentation: Initialized assembly=Datadog.Trace, Version=3.16.0.0, Culture=neutral, PublicKeyToken=def86d061d0d2eeb, type=Datadog.Trace.ClrProfiler.AutoInstrumentation.TraceAnnotations.TraceAnnotationsIntegration
05/19/25 03:56:30.956 PM [39984|26668] [info] Total number of modules to analyze: 19
05/19/25 03:56:30.990 PM [39984|22600] [info] Request ReJIT done for 10 methods
05/19/25 03:56:30.991 PM [39984|26668] [info] RegisterCallTargetDefinitions: Added 718 call targets (enabled: 578, enabled categories: 1) 
05/19/25 03:56:30.992 PM [39984|38812] [info] NGEN:: Processed with 5 inliners [ModuleId=140726861536592,MethodDef=100665944]
05/19/25 03:56:30.992 PM [39984|22600] [info] Request ReJIT done for 5 methods
05/19/25 03:56:30.994 PM [39984|33172] [info] *** CallTarget_RewriterCallback() Finished: System.Net.Http.HttpClientHandler.SendAsync() [IsVoid=0, IsStatic=0, IntegrationType=Datadog.Trace.ClrProfiler.AutoInstrumentation.Http.HttpClient.HttpClientHandler.HttpClientHandlerIntegration, Arguments=2]
05/19/25 03:56:31.057 PM [39984|33172] [info] *** CallTarget_RewriterCallback() Finished: System.Net.Http.SocketsHttpHandler.SendAsync() [IsVoid=0, IsStatic=0, IntegrationType=Datadog.Trace.ClrProfiler.AutoInstrumentation.Http.HttpClient.SocketsHttpHandler.SocketsHttpHandlerIntegration, Arguments=2]
05/19/25 03:57:16.624 PM [39984|22600] [info] Request ReJIT done for 11 methods
05/19/25 03:57:16.631 PM [39984|22600] [info] Request ReJIT done for 11 methods
05/19/25 03:57:16.653 PM [39984|22600] [info] Request ReJIT done for 1 methods
05/19/25 03:57:16.748 PM [39984|26668] [info] *** CallTarget_RewriterCallback() Finished: Npgsql.NpgsqlCommand.ExecuteReaderAsync() [IsVoid=0, IsStatic=0, IntegrationType=Datadog.Trace.ClrProfiler.AutoInstrumentation.AdoNet.CommandExecuteReaderWithBehaviorAndCancellationAsyncIntegration, Arguments=2]
05/19/25 04:01:15.793 PM [39984|26668] [info] *** CallTarget_RewriterCallback() Finished: Npgsql.NpgsqlCommand.ExecuteNonQueryAsync() [IsVoid=0, IsStatic=0, IntegrationType=Datadog.Trace.ClrProfiler.AutoInstrumentation.AdoNet.CommandExecuteNonQueryAsyncIntegration, Arguments=1]
05/20/25 08:47:54.911 AM [39984|22600] [info] Exiting ReJIT request thread.
05/20/25 08:47:54.912 AM [39984|26668] [info] Exiting...
05/20/25 08:47:54.912 AM [39984|26668] [info] Stats: Total time: 60700463ms | Total time in Callbacks: 329ms [Initialize=0ms, ModuleLoadFinished=111ms/74, CallTargetRequestRejit=61ms/30, CallTargetRewriter=3ms/4, AssemblyLoadFinished=0ms/74, ModuleUnloadStarted=0ms/0, JitCompilationStarted=107ms/18298, JitInlining=19ms/77107, JitCacheFunctionSearchStarted=25ms/7781, InitializeProfiler=0ms/0]
