[2025-06-09 13:15:42.819 -07:00|1|formsample|True] Total number of assemblies: 2
[2025-06-09 13:15:42.886 -07:00|1|formsample|True] Resolving managed profiler directory to: C:\Program Files\Datadog\.NET Tracer\net6.0
[2025-06-09 13:15:42.890 -07:00|1|formsample|True] Invoking managed tracer.
[2025-06-09 13:15:42.894 -07:00|1|formsample|True] Invoking: 'Datadog.Trace.ClrProfiler.Instrumentation.Initialize', Datadog.Trace.ClrProfiler.InstrumentationLoader
[2025-06-09 13:15:42.900 -07:00|1|formsample|True] Assembly Resolve event received for: Datadog.Trace
[2025-06-09 13:15:42.903 -07:00|1|formsample|True] Looking for: C:\Program Files\Datadog\.NET Tracer\net6.0\Datadog.Trace.dll
[2025-06-09 13:15:42.905 -07:00|1|formsample|True] Loading C:\Program Files\Datadog\.NET Tracer\net6.0\Datadog.Trace.dll with DependencyLoadContext.LoadFromAssemblyPath
[2025-06-09 13:15:43.025 -07:00|1|formsample|True] Creating 'Datadog.Trace.ClrProfiler.InstrumentationLoader' instance.
[2025-06-09 13:15:43.847 -07:00|1|formsample|True] Assembly Resolve event received for: Microsoft.ServiceFabric.Services.Remoting
[2025-06-09 13:15:43.850 -07:00|1|formsample|True] Looking for: C:\Program Files\Datadog\.NET Tracer\net6.0\Microsoft.ServiceFabric.Services.Remoting.dll
[2025-06-09 13:15:43.853 -07:00|1|formsample|True] Assembly not found in path: C:\Program Files\Datadog\.NET Tracer\net6.0\Microsoft.ServiceFabric.Services.Remoting.dll
[2025-06-09 13:15:43.856 -07:00|1|formsample|True] Assembly Resolve event received for: Microsoft.ServiceFabric.Services.Remoting, Culture=neutral, PublicKeyToken=null
[2025-06-09 13:15:43.859 -07:00|1|formsample|True] Looking for: C:\Program Files\Datadog\.NET Tracer\net6.0\Microsoft.ServiceFabric.Services.Remoting.dll
[2025-06-09 13:15:43.862 -07:00|1|formsample|True] Assembly not found in path: C:\Program Files\Datadog\.NET Tracer\net6.0\Microsoft.ServiceFabric.Services.Remoting.dll
[2025-06-09 13:15:43.867 -07:00|1|formsample|True] Assembly Resolve event received for: Microsoft.ServiceFabric.Services.Remoting
[2025-06-09 13:15:43.869 -07:00|1|formsample|True] Looking for: C:\Program Files\Datadog\.NET Tracer\net6.0\Microsoft.ServiceFabric.Services.Remoting.dll
[2025-06-09 13:15:43.873 -07:00|1|formsample|True] Assembly not found in path: C:\Program Files\Datadog\.NET Tracer\net6.0\Microsoft.ServiceFabric.Services.Remoting.dll
[2025-06-09 13:15:43.875 -07:00|1|formsample|True] Assembly Resolve event received for: Microsoft.ServiceFabric.Services.Remoting, Culture=neutral, PublicKeyToken=null
[2025-06-09 13:15:43.878 -07:00|1|formsample|True] Looking for: C:\Program Files\Datadog\.NET Tracer\net6.0\Microsoft.ServiceFabric.Services.Remoting.dll
[2025-06-09 13:15:43.881 -07:00|1|formsample|True] Assembly not found in path: C:\Program Files\Datadog\.NET Tracer\net6.0\Microsoft.ServiceFabric.Services.Remoting.dll
[2025-06-09 13:15:44.239 -07:00|1|formsample|True] Assembly Resolve event received for: Datadog.Trace
[2025-06-09 13:15:44.242 -07:00|1|formsample|True] Looking for: C:\Program Files\Datadog\.NET Tracer\net6.0\Datadog.Trace.dll
[2025-06-09 13:15:44.245 -07:00|1|formsample|True] Loading from cache. [Path: C:\Program Files\Datadog\.NET Tracer\net6.0\Datadog.Trace.dll]
[2025-06-09 13:15:44.248 -07:00|1|formsample|True] Assembly Resolve event received for: Datadog.Trace
[2025-06-09 13:15:44.251 -07:00|1|formsample|True] Looking for: C:\Program Files\Datadog\.NET Tracer\net6.0\Datadog.Trace.dll
[2025-06-09 13:15:44.254 -07:00|1|formsample|True] Loading from cache. [Path: C:\Program Files\Datadog\.NET Tracer\net6.0\Datadog.Trace.dll]
[2025-06-09 13:15:44.257 -07:00|1|formsample|True] Assembly Resolve event received for: Datadog.Trace
[2025-06-09 13:15:44.259 -07:00|1|formsample|True] Looking for: C:\Program Files\Datadog\.NET Tracer\net6.0\Datadog.Trace.dll
[2025-06-09 13:15:44.261 -07:00|1|formsample|True] Loading from cache. [Path: C:\Program Files\Datadog\.NET Tracer\net6.0\Datadog.Trace.dll]
[2025-06-09 13:15:44.264 -07:00|1|formsample|True] Assembly Resolve event received for: Datadog.Trace
[2025-06-09 13:15:44.268 -07:00|1|formsample|True] Looking for: C:\Program Files\Datadog\.NET Tracer\net6.0\Datadog.Trace.dll
[2025-06-09 13:15:44.271 -07:00|1|formsample|True] Loading from cache. [Path: C:\Program Files\Datadog\.NET Tracer\net6.0\Datadog.Trace.dll]
[2025-06-09 13:15:44.274 -07:00|1|formsample|True] Assembly Resolve event received for: Datadog.Trace
[2025-06-09 13:15:44.276 -07:00|1|formsample|True] Looking for: C:\Program Files\Datadog\.NET Tracer\net6.0\Datadog.Trace.dll
[2025-06-09 13:15:44.279 -07:00|1|formsample|True] Loading from cache. [Path: C:\Program Files\Datadog\.NET Tracer\net6.0\Datadog.Trace.dll]
[2025-06-09 13:15:44.282 -07:00|1|formsample|True] Assembly Resolve event received for: Datadog.Trace
[2025-06-09 13:15:44.284 -07:00|1|formsample|True] Looking for: C:\Program Files\Datadog\.NET Tracer\net6.0\Datadog.Trace.dll
[2025-06-09 13:15:44.286 -07:00|1|formsample|True] Loading from cache. [Path: C:\Program Files\Datadog\.NET Tracer\net6.0\Datadog.Trace.dll]
[2025-06-09 13:15:44.290 -07:00|1|formsample|True] Assembly Resolve event received for: Datadog.Trace
[2025-06-09 13:15:44.293 -07:00|1|formsample|True] Looking for: C:\Program Files\Datadog\.NET Tracer\net6.0\Datadog.Trace.dll
[2025-06-09 13:15:44.295 -07:00|1|formsample|True] Loading from cache. [Path: C:\Program Files\Datadog\.NET Tracer\net6.0\Datadog.Trace.dll]
[2025-06-09 13:15:44.298 -07:00|1|formsample|True] Assembly Resolve event received for: Datadog.Trace
[2025-06-09 13:15:44.300 -07:00|1|formsample|True] Looking for: C:\Program Files\Datadog\.NET Tracer\net6.0\Datadog.Trace.dll
[2025-06-09 13:15:44.303 -07:00|1|formsample|True] Loading from cache. [Path: C:\Program Files\Datadog\.NET Tracer\net6.0\Datadog.Trace.dll]
[2025-06-09 13:15:44.306 -07:00|1|formsample|True] Assembly Resolve event received for: Datadog.Trace
[2025-06-09 13:15:44.309 -07:00|1|formsample|True] Looking for: C:\Program Files\Datadog\.NET Tracer\net6.0\Datadog.Trace.dll
[2025-06-09 13:15:44.312 -07:00|1|formsample|True] Loading from cache. [Path: C:\Program Files\Datadog\.NET Tracer\net6.0\Datadog.Trace.dll]
[2025-06-09 13:15:44.315 -07:00|1|formsample|True] Assembly Resolve event received for: Datadog.Trace
[2025-06-09 13:15:44.318 -07:00|1|formsample|True] Looking for: C:\Program Files\Datadog\.NET Tracer\net6.0\Datadog.Trace.dll
[2025-06-09 13:15:44.320 -07:00|1|formsample|True] Loading from cache. [Path: C:\Program Files\Datadog\.NET Tracer\net6.0\Datadog.Trace.dll]
[2025-06-09 13:15:44.323 -07:00|1|formsample|True] Assembly Resolve event received for: Datadog.Trace
[2025-06-09 13:15:44.326 -07:00|1|formsample|True] Looking for: C:\Program Files\Datadog\.NET Tracer\net6.0\Datadog.Trace.dll
[2025-06-09 13:15:44.329 -07:00|1|formsample|True] Loading from cache. [Path: C:\Program Files\Datadog\.NET Tracer\net6.0\Datadog.Trace.dll]
[2025-06-09 13:15:44.332 -07:00|1|formsample|True] Assembly Resolve event received for: Datadog.Trace
[2025-06-09 13:15:44.334 -07:00|1|formsample|True] Looking for: C:\Program Files\Datadog\.NET Tracer\net6.0\Datadog.Trace.dll
[2025-06-09 13:15:44.337 -07:00|1|formsample|True] Loading from cache. [Path: C:\Program Files\Datadog\.NET Tracer\net6.0\Datadog.Trace.dll]
[2025-06-09 13:15:44.340 -07:00|1|formsample|True] Assembly Resolve event received for: Datadog.Trace
[2025-06-09 13:15:44.343 -07:00|1|formsample|True] Looking for: C:\Program Files\Datadog\.NET Tracer\net6.0\Datadog.Trace.dll
[2025-06-09 13:15:44.346 -07:00|1|formsample|True] Loading from cache. [Path: C:\Program Files\Datadog\.NET Tracer\net6.0\Datadog.Trace.dll]
[2025-06-09 13:15:44.349 -07:00|1|formsample|True] Assembly Resolve event received for: Datadog.Trace
[2025-06-09 13:15:44.352 -07:00|1|formsample|True] Looking for: C:\Program Files\Datadog\.NET Tracer\net6.0\Datadog.Trace.dll
[2025-06-09 13:15:44.355 -07:00|1|formsample|True] Loading from cache. [Path: C:\Program Files\Datadog\.NET Tracer\net6.0\Datadog.Trace.dll]
[2025-06-09 13:15:44.358 -07:00|1|formsample|True] Assembly Resolve event received for: Datadog.Trace
[2025-06-09 13:15:44.361 -07:00|1|formsample|True] Looking for: C:\Program Files\Datadog\.NET Tracer\net6.0\Datadog.Trace.dll
[2025-06-09 13:15:44.365 -07:00|1|formsample|True] Loading from cache. [Path: C:\Program Files\Datadog\.NET Tracer\net6.0\Datadog.Trace.dll]
[2025-06-09 13:15:44.368 -07:00|1|formsample|True] Assembly Resolve event received for: Datadog.Trace
[2025-06-09 13:15:44.371 -07:00|1|formsample|True] Looking for: C:\Program Files\Datadog\.NET Tracer\net6.0\Datadog.Trace.dll
[2025-06-09 13:15:44.374 -07:00|1|formsample|True] Loading from cache. [Path: C:\Program Files\Datadog\.NET Tracer\net6.0\Datadog.Trace.dll]
[2025-06-09 13:15:44.377 -07:00|1|formsample|True] Assembly Resolve event received for: Datadog.Trace
[2025-06-09 13:15:44.380 -07:00|1|formsample|True] Looking for: C:\Program Files\Datadog\.NET Tracer\net6.0\Datadog.Trace.dll
[2025-06-09 13:15:44.382 -07:00|1|formsample|True] Loading from cache. [Path: C:\Program Files\Datadog\.NET Tracer\net6.0\Datadog.Trace.dll]
[2025-06-09 13:15:44.386 -07:00|1|formsample|True] Assembly Resolve event received for: Datadog.Trace
[2025-06-09 13:15:44.388 -07:00|1|formsample|True] Looking for: C:\Program Files\Datadog\.NET Tracer\net6.0\Datadog.Trace.dll
[2025-06-09 13:15:44.391 -07:00|1|formsample|True] Loading from cache. [Path: C:\Program Files\Datadog\.NET Tracer\net6.0\Datadog.Trace.dll]
[2025-06-09 13:15:44.394 -07:00|1|formsample|True] Assembly Resolve event received for: Datadog.Trace
[2025-06-09 13:15:44.397 -07:00|1|formsample|True] Looking for: C:\Program Files\Datadog\.NET Tracer\net6.0\Datadog.Trace.dll
[2025-06-09 13:15:44.400 -07:00|1|formsample|True] Loading from cache. [Path: C:\Program Files\Datadog\.NET Tracer\net6.0\Datadog.Trace.dll]
[2025-06-09 13:15:44.404 -07:00|1|formsample|True] Assembly Resolve event received for: Datadog.Trace
[2025-06-09 13:15:44.407 -07:00|1|formsample|True] Looking for: C:\Program Files\Datadog\.NET Tracer\net6.0\Datadog.Trace.dll
[2025-06-09 13:15:44.411 -07:00|1|formsample|True] Loading from cache. [Path: C:\Program Files\Datadog\.NET Tracer\net6.0\Datadog.Trace.dll]
[2025-06-09 13:15:44.525 -07:00|1|formsample|True] Assembly Resolve event received for: Datadog.Trace
[2025-06-09 13:15:44.529 -07:00|1|formsample|True] Looking for: C:\Program Files\Datadog\.NET Tracer\net6.0\Datadog.Trace.dll
[2025-06-09 13:15:44.532 -07:00|1|formsample|True] Loading from cache. [Path: C:\Program Files\Datadog\.NET Tracer\net6.0\Datadog.Trace.dll]
[2025-06-09 13:15:44.535 -07:00|1|formsample|True] Assembly Resolve event received for: Datadog.Trace
[2025-06-09 13:15:44.538 -07:00|1|formsample|True] Looking for: C:\Program Files\Datadog\.NET Tracer\net6.0\Datadog.Trace.dll
[2025-06-09 13:15:44.541 -07:00|1|formsample|True] Loading from cache. [Path: C:\Program Files\Datadog\.NET Tracer\net6.0\Datadog.Trace.dll]
[2025-06-09 13:15:44.544 -07:00|1|formsample|True] Assembly Resolve event received for: Datadog.Trace
[2025-06-09 13:15:44.546 -07:00|1|formsample|True] Looking for: C:\Program Files\Datadog\.NET Tracer\net6.0\Datadog.Trace.dll
[2025-06-09 13:15:44.549 -07:00|1|formsample|True] Loading from cache. [Path: C:\Program Files\Datadog\.NET Tracer\net6.0\Datadog.Trace.dll]
[2025-06-09 13:15:44.552 -07:00|1|formsample|True] Assembly Resolve event received for: Datadog.Trace
[2025-06-09 13:15:44.555 -07:00|1|formsample|True] Looking for: C:\Program Files\Datadog\.NET Tracer\net6.0\Datadog.Trace.dll
[2025-06-09 13:15:44.558 -07:00|1|formsample|True] Loading from cache. [Path: C:\Program Files\Datadog\.NET Tracer\net6.0\Datadog.Trace.dll]
[2025-06-09 13:15:44.561 -07:00|1|formsample|True] Assembly Resolve event received for: Datadog.Trace
[2025-06-09 13:15:44.563 -07:00|1|formsample|True] Looking for: C:\Program Files\Datadog\.NET Tracer\net6.0\Datadog.Trace.dll
[2025-06-09 13:15:44.566 -07:00|1|formsample|True] Loading from cache. [Path: C:\Program Files\Datadog\.NET Tracer\net6.0\Datadog.Trace.dll]
[2025-06-09 13:15:44.568 -07:00|1|formsample|True] Assembly Resolve event received for: Datadog.Trace
[2025-06-09 13:15:44.571 -07:00|1|formsample|True] Looking for: C:\Program Files\Datadog\.NET Tracer\net6.0\Datadog.Trace.dll
[2025-06-09 13:15:44.573 -07:00|1|formsample|True] Loading from cache. [Path: C:\Program Files\Datadog\.NET Tracer\net6.0\Datadog.Trace.dll]
[2025-06-09 13:15:44.576 -07:00|1|formsample|True] Assembly Resolve event received for: Datadog.Trace
[2025-06-09 13:15:44.578 -07:00|1|formsample|True] Looking for: C:\Program Files\Datadog\.NET Tracer\net6.0\Datadog.Trace.dll
[2025-06-09 13:15:44.580 -07:00|1|formsample|True] Loading from cache. [Path: C:\Program Files\Datadog\.NET Tracer\net6.0\Datadog.Trace.dll]
[2025-06-09 13:15:44.583 -07:00|1|formsample|True] Assembly Resolve event received for: Datadog.Trace
[2025-06-09 13:15:44.585 -07:00|1|formsample|True] Looking for: C:\Program Files\Datadog\.NET Tracer\net6.0\Datadog.Trace.dll
[2025-06-09 13:15:44.588 -07:00|1|formsample|True] Loading from cache. [Path: C:\Program Files\Datadog\.NET Tracer\net6.0\Datadog.Trace.dll]
[2025-06-09 13:15:44.590 -07:00|1|formsample|True] Assembly Resolve event received for: Datadog.Trace
[2025-06-09 13:15:44.594 -07:00|1|formsample|True] Looking for: C:\Program Files\Datadog\.NET Tracer\net6.0\Datadog.Trace.dll
[2025-06-09 13:15:44.597 -07:00|1|formsample|True] Loading from cache. [Path: C:\Program Files\Datadog\.NET Tracer\net6.0\Datadog.Trace.dll]
[2025-06-09 13:15:44.601 -07:00|1|formsample|True] Assembly Resolve event received for: Datadog.Trace
[2025-06-09 13:15:44.604 -07:00|1|formsample|True] Looking for: C:\Program Files\Datadog\.NET Tracer\net6.0\Datadog.Trace.dll
[2025-06-09 13:15:44.607 -07:00|1|formsample|True] Loading from cache. [Path: C:\Program Files\Datadog\.NET Tracer\net6.0\Datadog.Trace.dll]
[2025-06-09 13:15:44.610 -07:00|1|formsample|True] Assembly Resolve event received for: Datadog.Trace
[2025-06-09 13:15:44.613 -07:00|1|formsample|True] Looking for: C:\Program Files\Datadog\.NET Tracer\net6.0\Datadog.Trace.dll
[2025-06-09 13:15:44.616 -07:00|1|formsample|True] Loading from cache. [Path: C:\Program Files\Datadog\.NET Tracer\net6.0\Datadog.Trace.dll]
[2025-06-09 13:15:44.618 -07:00|1|formsample|True] Assembly Resolve event received for: Datadog.Trace
[2025-06-09 13:15:44.621 -07:00|1|formsample|True] Looking for: C:\Program Files\Datadog\.NET Tracer\net6.0\Datadog.Trace.dll
[2025-06-09 13:15:44.624 -07:00|1|formsample|True] Loading from cache. [Path: C:\Program Files\Datadog\.NET Tracer\net6.0\Datadog.Trace.dll]
[2025-06-09 13:15:44.626 -07:00|1|formsample|True] Assembly Resolve event received for: Datadog.Trace
[2025-06-09 13:15:44.629 -07:00|1|formsample|True] Looking for: C:\Program Files\Datadog\.NET Tracer\net6.0\Datadog.Trace.dll
[2025-06-09 13:15:44.632 -07:00|1|formsample|True] Loading from cache. [Path: C:\Program Files\Datadog\.NET Tracer\net6.0\Datadog.Trace.dll]
[2025-06-09 13:15:44.634 -07:00|1|formsample|True] Assembly Resolve event received for: Datadog.Trace
[2025-06-09 13:15:44.637 -07:00|1|formsample|True] Looking for: C:\Program Files\Datadog\.NET Tracer\net6.0\Datadog.Trace.dll
[2025-06-09 13:15:44.639 -07:00|1|formsample|True] Loading from cache. [Path: C:\Program Files\Datadog\.NET Tracer\net6.0\Datadog.Trace.dll]
[2025-06-09 13:15:44.642 -07:00|1|formsample|True] Assembly Resolve event received for: Datadog.Trace
[2025-06-09 13:15:44.645 -07:00|1|formsample|True] Looking for: C:\Program Files\Datadog\.NET Tracer\net6.0\Datadog.Trace.dll
[2025-06-09 13:15:44.648 -07:00|1|formsample|True] Loading from cache. [Path: C:\Program Files\Datadog\.NET Tracer\net6.0\Datadog.Trace.dll]
[2025-06-09 13:15:44.651 -07:00|1|formsample|True] Assembly Resolve event received for: Datadog.Trace
[2025-06-09 13:15:44.654 -07:00|1|formsample|True] Looking for: C:\Program Files\Datadog\.NET Tracer\net6.0\Datadog.Trace.dll
[2025-06-09 13:15:44.657 -07:00|1|formsample|True] Loading from cache. [Path: C:\Program Files\Datadog\.NET Tracer\net6.0\Datadog.Trace.dll]
[2025-06-09 13:15:44.660 -07:00|1|formsample|True] Assembly Resolve event received for: Datadog.Trace
[2025-06-09 13:15:44.664 -07:00|1|formsample|True] Looking for: C:\Program Files\Datadog\.NET Tracer\net6.0\Datadog.Trace.dll
[2025-06-09 13:15:44.667 -07:00|1|formsample|True] Loading from cache. [Path: C:\Program Files\Datadog\.NET Tracer\net6.0\Datadog.Trace.dll]
[2025-06-09 13:15:44.670 -07:00|1|formsample|True] Assembly Resolve event received for: Datadog.Trace
[2025-06-09 13:15:44.673 -07:00|1|formsample|True] Looking for: C:\Program Files\Datadog\.NET Tracer\net6.0\Datadog.Trace.dll
[2025-06-09 13:15:44.675 -07:00|1|formsample|True] Loading from cache. [Path: C:\Program Files\Datadog\.NET Tracer\net6.0\Datadog.Trace.dll]
[2025-06-09 13:15:44.678 -07:00|1|formsample|True] Assembly Resolve event received for: Datadog.Trace
[2025-06-09 13:15:44.681 -07:00|1|formsample|True] Looking for: C:\Program Files\Datadog\.NET Tracer\net6.0\Datadog.Trace.dll
[2025-06-09 13:15:44.684 -07:00|1|formsample|True] Loading from cache. [Path: C:\Program Files\Datadog\.NET Tracer\net6.0\Datadog.Trace.dll]
[2025-06-09 13:15:44.687 -07:00|1|formsample|True] Assembly Resolve event received for: Datadog.Trace
[2025-06-09 13:15:44.690 -07:00|1|formsample|True] Looking for: C:\Program Files\Datadog\.NET Tracer\net6.0\Datadog.Trace.dll
[2025-06-09 13:15:44.692 -07:00|1|formsample|True] Loading from cache. [Path: C:\Program Files\Datadog\.NET Tracer\net6.0\Datadog.Trace.dll]
[2025-06-09 13:15:56.567 -07:00|1|formsample|True] Assembly Resolve event received for: Datadog.Trace
[2025-06-09 13:15:56.569 -07:00|1|formsample|True] Looking for: C:\Program Files\Datadog\.NET Tracer\net6.0\Datadog.Trace.dll
[2025-06-09 13:15:56.571 -07:00|1|formsample|True] Loading from cache. [Path: C:\Program Files\Datadog\.NET Tracer\net6.0\Datadog.Trace.dll]
[2025-06-09 13:15:56.573 -07:00|1|formsample|True] Assembly Resolve event received for: Datadog.Trace
[2025-06-09 13:15:56.574 -07:00|1|formsample|True] Looking for: C:\Program Files\Datadog\.NET Tracer\net6.0\Datadog.Trace.dll
[2025-06-09 13:15:56.576 -07:00|1|formsample|True] Loading from cache. [Path: C:\Program Files\Datadog\.NET Tracer\net6.0\Datadog.Trace.dll]
[2025-06-09 13:15:56.578 -07:00|1|formsample|True] Assembly Resolve event received for: Datadog.Trace
[2025-06-09 13:15:56.579 -07:00|1|formsample|True] Looking for: C:\Program Files\Datadog\.NET Tracer\net6.0\Datadog.Trace.dll
[2025-06-09 13:15:56.581 -07:00|1|formsample|True] Loading from cache. [Path: C:\Program Files\Datadog\.NET Tracer\net6.0\Datadog.Trace.dll]
[2025-06-09 13:15:56.583 -07:00|1|formsample|True] Assembly Resolve event received for: Datadog.Trace
[2025-06-09 13:15:56.584 -07:00|1|formsample|True] Looking for: C:\Program Files\Datadog\.NET Tracer\net6.0\Datadog.Trace.dll
[2025-06-09 13:15:56.586 -07:00|1|formsample|True] Loading from cache. [Path: C:\Program Files\Datadog\.NET Tracer\net6.0\Datadog.Trace.dll]
[2025-06-09 13:15:56.587 -07:00|1|formsample|True] Assembly Resolve event received for: Datadog.Trace
[2025-06-09 13:15:56.589 -07:00|1|formsample|True] Looking for: C:\Program Files\Datadog\.NET Tracer\net6.0\Datadog.Trace.dll
[2025-06-09 13:15:56.590 -07:00|1|formsample|True] Loading from cache. [Path: C:\Program Files\Datadog\.NET Tracer\net6.0\Datadog.Trace.dll]
[2025-06-09 13:15:56.592 -07:00|1|formsample|True] Assembly Resolve event received for: Datadog.Trace
[2025-06-09 13:15:56.593 -07:00|1|formsample|True] Looking for: C:\Program Files\Datadog\.NET Tracer\net6.0\Datadog.Trace.dll
[2025-06-09 13:15:56.594 -07:00|1|formsample|True] Loading from cache. [Path: C:\Program Files\Datadog\.NET Tracer\net6.0\Datadog.Trace.dll]
[2025-06-09 13:15:56.596 -07:00|1|formsample|True] Assembly Resolve event received for: Datadog.Trace
[2025-06-09 13:15:56.598 -07:00|1|formsample|True] Looking for: C:\Program Files\Datadog\.NET Tracer\net6.0\Datadog.Trace.dll
[2025-06-09 13:15:56.599 -07:00|1|formsample|True] Loading from cache. [Path: C:\Program Files\Datadog\.NET Tracer\net6.0\Datadog.Trace.dll]
[2025-06-09 13:15:56.601 -07:00|1|formsample|True] Assembly Resolve event received for: Datadog.Trace
[2025-06-09 13:15:56.602 -07:00|1|formsample|True] Looking for: C:\Program Files\Datadog\.NET Tracer\net6.0\Datadog.Trace.dll
[2025-06-09 13:15:56.603 -07:00|1|formsample|True] Loading from cache. [Path: C:\Program Files\Datadog\.NET Tracer\net6.0\Datadog.Trace.dll]
[2025-06-09 13:15:56.606 -07:00|1|formsample|True] Assembly Resolve event received for: Datadog.Trace
[2025-06-09 13:15:56.607 -07:00|1|formsample|True] Looking for: C:\Program Files\Datadog\.NET Tracer\net6.0\Datadog.Trace.dll
[2025-06-09 13:15:56.609 -07:00|1|formsample|True] Loading from cache. [Path: C:\Program Files\Datadog\.NET Tracer\net6.0\Datadog.Trace.dll]
[2025-06-09 13:15:56.611 -07:00|1|formsample|True] Assembly Resolve event received for: Datadog.Trace
[2025-06-09 13:15:56.613 -07:00|1|formsample|True] Looking for: C:\Program Files\Datadog\.NET Tracer\net6.0\Datadog.Trace.dll
[2025-06-09 13:15:56.614 -07:00|1|formsample|True] Loading from cache. [Path: C:\Program Files\Datadog\.NET Tracer\net6.0\Datadog.Trace.dll]
[2025-06-09 13:15:56.615 -07:00|1|formsample|True] Assembly Resolve event received for: Datadog.Trace
[2025-06-09 13:15:56.617 -07:00|1|formsample|True] Looking for: C:\Program Files\Datadog\.NET Tracer\net6.0\Datadog.Trace.dll
[2025-06-09 13:15:56.619 -07:00|1|formsample|True] Loading from cache. [Path: C:\Program Files\Datadog\.NET Tracer\net6.0\Datadog.Trace.dll]
[2025-06-09 13:15:56.620 -07:00|1|formsample|True] Assembly Resolve event received for: Datadog.Trace
[2025-06-09 13:15:56.621 -07:00|1|formsample|True] Looking for: C:\Program Files\Datadog\.NET Tracer\net6.0\Datadog.Trace.dll
[2025-06-09 13:15:56.623 -07:00|1|formsample|True] Loading from cache. [Path: C:\Program Files\Datadog\.NET Tracer\net6.0\Datadog.Trace.dll]
[2025-06-09 13:15:56.624 -07:00|1|formsample|True] Assembly Resolve event received for: Datadog.Trace
[2025-06-09 13:15:56.626 -07:00|1|formsample|True] Looking for: C:\Program Files\Datadog\.NET Tracer\net6.0\Datadog.Trace.dll
[2025-06-09 13:15:56.628 -07:00|1|formsample|True] Loading from cache. [Path: C:\Program Files\Datadog\.NET Tracer\net6.0\Datadog.Trace.dll]
[2025-06-09 13:15:56.631 -07:00|1|formsample|True] Assembly Resolve event received for: Datadog.Trace
[2025-06-09 13:15:56.632 -07:00|1|formsample|True] Looking for: C:\Program Files\Datadog\.NET Tracer\net6.0\Datadog.Trace.dll
[2025-06-09 13:15:56.634 -07:00|1|formsample|True] Loading from cache. [Path: C:\Program Files\Datadog\.NET Tracer\net6.0\Datadog.Trace.dll]
[2025-06-09 13:15:56.637 -07:00|1|formsample|True] Assembly Resolve event received for: Datadog.Trace
[2025-06-09 13:15:56.639 -07:00|1|formsample|True] Looking for: C:\Program Files\Datadog\.NET Tracer\net6.0\Datadog.Trace.dll
[2025-06-09 13:15:56.642 -07:00|1|formsample|True] Loading from cache. [Path: C:\Program Files\Datadog\.NET Tracer\net6.0\Datadog.Trace.dll]
[2025-06-09 13:15:56.644 -07:00|1|formsample|True] Assembly Resolve event received for: Datadog.Trace
[2025-06-09 13:15:56.647 -07:00|1|formsample|True] Looking for: C:\Program Files\Datadog\.NET Tracer\net6.0\Datadog.Trace.dll
[2025-06-09 13:15:56.649 -07:00|1|formsample|True] Loading from cache. [Path: C:\Program Files\Datadog\.NET Tracer\net6.0\Datadog.Trace.dll]
[2025-06-09 13:15:56.651 -07:00|1|formsample|True] Assembly Resolve event received for: Datadog.Trace
[2025-06-09 13:15:56.653 -07:00|1|formsample|True] Looking for: C:\Program Files\Datadog\.NET Tracer\net6.0\Datadog.Trace.dll
[2025-06-09 13:15:56.655 -07:00|1|formsample|True] Loading from cache. [Path: C:\Program Files\Datadog\.NET Tracer\net6.0\Datadog.Trace.dll]
[2025-06-09 13:15:56.657 -07:00|1|formsample|True] Assembly Resolve event received for: Datadog.Trace
[2025-06-09 13:15:56.659 -07:00|1|formsample|True] Looking for: C:\Program Files\Datadog\.NET Tracer\net6.0\Datadog.Trace.dll
[2025-06-09 13:15:56.662 -07:00|1|formsample|True] Loading from cache. [Path: C:\Program Files\Datadog\.NET Tracer\net6.0\Datadog.Trace.dll]
[2025-06-09 13:15:56.663 -07:00|1|formsample|True] Assembly Resolve event received for: Datadog.Trace
[2025-06-09 13:15:56.665 -07:00|1|formsample|True] Looking for: C:\Program Files\Datadog\.NET Tracer\net6.0\Datadog.Trace.dll
[2025-06-09 13:15:56.667 -07:00|1|formsample|True] Loading from cache. [Path: C:\Program Files\Datadog\.NET Tracer\net6.0\Datadog.Trace.dll]
[2025-06-09 13:15:56.669 -07:00|1|formsample|True] Assembly Resolve event received for: Datadog.Trace
[2025-06-09 13:15:56.670 -07:00|1|formsample|True] Looking for: C:\Program Files\Datadog\.NET Tracer\net6.0\Datadog.Trace.dll
[2025-06-09 13:15:56.672 -07:00|1|formsample|True] Loading from cache. [Path: C:\Program Files\Datadog\.NET Tracer\net6.0\Datadog.Trace.dll]
[2025-06-09 13:15:59.283 -07:00|1|formsample|True] Assembly Resolve event received for: Datadog.Trace
[2025-06-09 13:15:59.286 -07:00|1|formsample|True] Looking for: C:\Program Files\Datadog\.NET Tracer\net6.0\Datadog.Trace.dll
[2025-06-09 13:15:59.289 -07:00|1|formsample|True] Loading from cache. [Path: C:\Program Files\Datadog\.NET Tracer\net6.0\Datadog.Trace.dll]
[2025-06-09 13:15:59.292 -07:00|1|formsample|True] Assembly Resolve event received for: Datadog.Trace
[2025-06-09 13:15:59.294 -07:00|1|formsample|True] Looking for: C:\Program Files\Datadog\.NET Tracer\net6.0\Datadog.Trace.dll
[2025-06-09 13:15:59.297 -07:00|1|formsample|True] Loading from cache. [Path: C:\Program Files\Datadog\.NET Tracer\net6.0\Datadog.Trace.dll]
[2025-06-09 13:15:59.300 -07:00|1|formsample|True] Assembly Resolve event received for: Datadog.Trace
[2025-06-09 13:15:59.303 -07:00|1|formsample|True] Looking for: C:\Program Files\Datadog\.NET Tracer\net6.0\Datadog.Trace.dll
[2025-06-09 13:15:59.305 -07:00|1|formsample|True] Loading from cache. [Path: C:\Program Files\Datadog\.NET Tracer\net6.0\Datadog.Trace.dll]
[2025-06-09 13:15:59.308 -07:00|1|formsample|True] Assembly Resolve event received for: Datadog.Trace
[2025-06-09 13:15:59.311 -07:00|1|formsample|True] Looking for: C:\Program Files\Datadog\.NET Tracer\net6.0\Datadog.Trace.dll
[2025-06-09 13:15:59.314 -07:00|1|formsample|True] Loading from cache. [Path: C:\Program Files\Datadog\.NET Tracer\net6.0\Datadog.Trace.dll]
[2025-06-09 13:15:59.317 -07:00|1|formsample|True] Assembly Resolve event received for: Datadog.Trace
[2025-06-09 13:15:59.319 -07:00|1|formsample|True] Looking for: C:\Program Files\Datadog\.NET Tracer\net6.0\Datadog.Trace.dll
[2025-06-09 13:15:59.322 -07:00|1|formsample|True] Loading from cache. [Path: C:\Program Files\Datadog\.NET Tracer\net6.0\Datadog.Trace.dll]
[2025-06-09 13:15:59.325 -07:00|1|formsample|True] Assembly Resolve event received for: Datadog.Trace
[2025-06-09 13:15:59.328 -07:00|1|formsample|True] Looking for: C:\Program Files\Datadog\.NET Tracer\net6.0\Datadog.Trace.dll
[2025-06-09 13:15:59.330 -07:00|1|formsample|True] Loading from cache. [Path: C:\Program Files\Datadog\.NET Tracer\net6.0\Datadog.Trace.dll]
[2025-06-09 13:15:59.333 -07:00|1|formsample|True] Assembly Resolve event received for: Datadog.Trace
[2025-06-09 13:15:59.336 -07:00|1|formsample|True] Looking for: C:\Program Files\Datadog\.NET Tracer\net6.0\Datadog.Trace.dll
[2025-06-09 13:15:59.339 -07:00|1|formsample|True] Loading from cache. [Path: C:\Program Files\Datadog\.NET Tracer\net6.0\Datadog.Trace.dll]
[2025-06-09 13:15:59.342 -07:00|1|formsample|True] Assembly Resolve event received for: Datadog.Trace
[2025-06-09 13:15:59.345 -07:00|1|formsample|True] Looking for: C:\Program Files\Datadog\.NET Tracer\net6.0\Datadog.Trace.dll
[2025-06-09 13:15:59.348 -07:00|1|formsample|True] Loading from cache. [Path: C:\Program Files\Datadog\.NET Tracer\net6.0\Datadog.Trace.dll]
[2025-06-09 13:15:59.351 -07:00|1|formsample|True] Assembly Resolve event received for: Datadog.Trace
[2025-06-09 13:15:59.354 -07:00|1|formsample|True] Looking for: C:\Program Files\Datadog\.NET Tracer\net6.0\Datadog.Trace.dll
[2025-06-09 13:15:59.356 -07:00|1|formsample|True] Loading from cache. [Path: C:\Program Files\Datadog\.NET Tracer\net6.0\Datadog.Trace.dll]
[2025-06-09 13:15:59.359 -07:00|1|formsample|True] Assembly Resolve event received for: Datadog.Trace
[2025-06-09 13:15:59.362 -07:00|1|formsample|True] Looking for: C:\Program Files\Datadog\.NET Tracer\net6.0\Datadog.Trace.dll
[2025-06-09 13:15:59.365 -07:00|1|formsample|True] Loading from cache. [Path: C:\Program Files\Datadog\.NET Tracer\net6.0\Datadog.Trace.dll]
[2025-06-09 13:15:59.368 -07:00|1|formsample|True] Assembly Resolve event received for: Datadog.Trace
[2025-06-09 13:15:59.371 -07:00|1|formsample|True] Looking for: C:\Program Files\Datadog\.NET Tracer\net6.0\Datadog.Trace.dll
[2025-06-09 13:15:59.374 -07:00|1|formsample|True] Loading from cache. [Path: C:\Program Files\Datadog\.NET Tracer\net6.0\Datadog.Trace.dll]
[2025-06-09 13:15:59.377 -07:00|1|formsample|True] Assembly Resolve event received for: Datadog.Trace
[2025-06-09 13:15:59.379 -07:00|1|formsample|True] Looking for: C:\Program Files\Datadog\.NET Tracer\net6.0\Datadog.Trace.dll
[2025-06-09 13:15:59.382 -07:00|1|formsample|True] Loading from cache. [Path: C:\Program Files\Datadog\.NET Tracer\net6.0\Datadog.Trace.dll]
[2025-06-09 13:15:59.384 -07:00|1|formsample|True] Assembly Resolve event received for: Datadog.Trace
[2025-06-09 13:15:59.387 -07:00|1|formsample|True] Looking for: C:\Program Files\Datadog\.NET Tracer\net6.0\Datadog.Trace.dll
[2025-06-09 13:15:59.389 -07:00|1|formsample|True] Loading from cache. [Path: C:\Program Files\Datadog\.NET Tracer\net6.0\Datadog.Trace.dll]
[2025-06-09 13:15:59.392 -07:00|1|formsample|True] Assembly Resolve event received for: Datadog.Trace
[2025-06-09 13:15:59.394 -07:00|1|formsample|True] Looking for: C:\Program Files\Datadog\.NET Tracer\net6.0\Datadog.Trace.dll
[2025-06-09 13:15:59.397 -07:00|1|formsample|True] Loading from cache. [Path: C:\Program Files\Datadog\.NET Tracer\net6.0\Datadog.Trace.dll]
[2025-06-09 13:15:59.400 -07:00|1|formsample|True] Assembly Resolve event received for: Datadog.Trace
[2025-06-09 13:15:59.403 -07:00|1|formsample|True] Looking for: C:\Program Files\Datadog\.NET Tracer\net6.0\Datadog.Trace.dll
[2025-06-09 13:15:59.405 -07:00|1|formsample|True] Loading from cache. [Path: C:\Program Files\Datadog\.NET Tracer\net6.0\Datadog.Trace.dll]
[2025-06-09 13:15:59.408 -07:00|1|formsample|True] Assembly Resolve event received for: Datadog.Trace
[2025-06-09 13:15:59.411 -07:00|1|formsample|True] Looking for: C:\Program Files\Datadog\.NET Tracer\net6.0\Datadog.Trace.dll
[2025-06-09 13:15:59.413 -07:00|1|formsample|True] Loading from cache. [Path: C:\Program Files\Datadog\.NET Tracer\net6.0\Datadog.Trace.dll]
[2025-06-09 13:15:59.416 -07:00|1|formsample|True] Assembly Resolve event received for: Datadog.Trace
[2025-06-09 13:15:59.419 -07:00|1|formsample|True] Looking for: C:\Program Files\Datadog\.NET Tracer\net6.0\Datadog.Trace.dll
[2025-06-09 13:15:59.422 -07:00|1|formsample|True] Loading from cache. [Path: C:\Program Files\Datadog\.NET Tracer\net6.0\Datadog.Trace.dll]
[2025-06-09 13:15:59.425 -07:00|1|formsample|True] Assembly Resolve event received for: Datadog.Trace
[2025-06-09 13:15:59.428 -07:00|1|formsample|True] Looking for: C:\Program Files\Datadog\.NET Tracer\net6.0\Datadog.Trace.dll
[2025-06-09 13:15:59.430 -07:00|1|formsample|True] Loading from cache. [Path: C:\Program Files\Datadog\.NET Tracer\net6.0\Datadog.Trace.dll]
[2025-06-09 13:15:59.433 -07:00|1|formsample|True] Assembly Resolve event received for: Datadog.Trace
[2025-06-09 13:15:59.436 -07:00|1|formsample|True] Looking for: C:\Program Files\Datadog\.NET Tracer\net6.0\Datadog.Trace.dll
[2025-06-09 13:15:59.438 -07:00|1|formsample|True] Loading from cache. [Path: C:\Program Files\Datadog\.NET Tracer\net6.0\Datadog.Trace.dll]
[2025-06-09 13:15:59.441 -07:00|1|formsample|True] Assembly Resolve event received for: Datadog.Trace
[2025-06-09 13:15:59.443 -07:00|1|formsample|True] Looking for: C:\Program Files\Datadog\.NET Tracer\net6.0\Datadog.Trace.dll
[2025-06-09 13:15:59.445 -07:00|1|formsample|True] Loading from cache. [Path: C:\Program Files\Datadog\.NET Tracer\net6.0\Datadog.Trace.dll]
[2025-06-09 13:16:14.802 -07:00|1|formsample|True] Assembly Resolve event received for: Datadog.Trace
[2025-06-09 13:16:14.806 -07:00|1|formsample|True] Looking for: C:\Program Files\Datadog\.NET Tracer\net6.0\Datadog.Trace.dll
[2025-06-09 13:16:14.809 -07:00|1|formsample|True] Loading from cache. [Path: C:\Program Files\Datadog\.NET Tracer\net6.0\Datadog.Trace.dll]
[2025-06-09 13:16:14.811 -07:00|1|formsample|True] Assembly Resolve event received for: Datadog.Trace
[2025-06-09 13:16:14.814 -07:00|1|formsample|True] Looking for: C:\Program Files\Datadog\.NET Tracer\net6.0\Datadog.Trace.dll
[2025-06-09 13:16:14.816 -07:00|1|formsample|True] Loading from cache. [Path: C:\Program Files\Datadog\.NET Tracer\net6.0\Datadog.Trace.dll]
[2025-06-09 13:16:14.819 -07:00|1|formsample|True] Assembly Resolve event received for: Datadog.Trace
[2025-06-09 13:16:14.821 -07:00|1|formsample|True] Looking for: C:\Program Files\Datadog\.NET Tracer\net6.0\Datadog.Trace.dll
[2025-06-09 13:16:14.823 -07:00|1|formsample|True] Loading from cache. [Path: C:\Program Files\Datadog\.NET Tracer\net6.0\Datadog.Trace.dll]
[2025-06-09 13:16:14.826 -07:00|1|formsample|True] Assembly Resolve event received for: Datadog.Trace
[2025-06-09 13:16:14.829 -07:00|1|formsample|True] Looking for: C:\Program Files\Datadog\.NET Tracer\net6.0\Datadog.Trace.dll
[2025-06-09 13:16:14.831 -07:00|1|formsample|True] Loading from cache. [Path: C:\Program Files\Datadog\.NET Tracer\net6.0\Datadog.Trace.dll]
[2025-06-09 13:16:14.834 -07:00|1|formsample|True] Assembly Resolve event received for: Datadog.Trace
[2025-06-09 13:16:14.837 -07:00|1|formsample|True] Looking for: C:\Program Files\Datadog\.NET Tracer\net6.0\Datadog.Trace.dll
[2025-06-09 13:16:14.839 -07:00|1|formsample|True] Loading from cache. [Path: C:\Program Files\Datadog\.NET Tracer\net6.0\Datadog.Trace.dll]
[2025-06-09 13:16:14.842 -07:00|1|formsample|True] Assembly Resolve event received for: Datadog.Trace
[2025-06-09 13:16:14.845 -07:00|1|formsample|True] Looking for: C:\Program Files\Datadog\.NET Tracer\net6.0\Datadog.Trace.dll
[2025-06-09 13:16:14.847 -07:00|1|formsample|True] Loading from cache. [Path: C:\Program Files\Datadog\.NET Tracer\net6.0\Datadog.Trace.dll]
[2025-06-09 13:16:14.850 -07:00|1|formsample|True] Assembly Resolve event received for: Datadog.Trace
[2025-06-09 13:16:14.852 -07:00|1|formsample|True] Looking for: C:\Program Files\Datadog\.NET Tracer\net6.0\Datadog.Trace.dll
[2025-06-09 13:16:14.855 -07:00|1|formsample|True] Loading from cache. [Path: C:\Program Files\Datadog\.NET Tracer\net6.0\Datadog.Trace.dll]
[2025-06-09 13:16:14.857 -07:00|1|formsample|True] Assembly Resolve event received for: Datadog.Trace
[2025-06-09 13:16:14.859 -07:00|1|formsample|True] Looking for: C:\Program Files\Datadog\.NET Tracer\net6.0\Datadog.Trace.dll
[2025-06-09 13:16:14.861 -07:00|1|formsample|True] Loading from cache. [Path: C:\Program Files\Datadog\.NET Tracer\net6.0\Datadog.Trace.dll]
[2025-06-09 13:16:14.864 -07:00|1|formsample|True] Assembly Resolve event received for: Datadog.Trace
[2025-06-09 13:16:14.867 -07:00|1|formsample|True] Looking for: C:\Program Files\Datadog\.NET Tracer\net6.0\Datadog.Trace.dll
[2025-06-09 13:16:14.869 -07:00|1|formsample|True] Loading from cache. [Path: C:\Program Files\Datadog\.NET Tracer\net6.0\Datadog.Trace.dll]
[2025-06-09 13:16:14.872 -07:00|1|formsample|True] Assembly Resolve event received for: Datadog.Trace
[2025-06-09 13:16:14.873 -07:00|1|formsample|True] Looking for: C:\Program Files\Datadog\.NET Tracer\net6.0\Datadog.Trace.dll
[2025-06-09 13:16:14.876 -07:00|1|formsample|True] Loading from cache. [Path: C:\Program Files\Datadog\.NET Tracer\net6.0\Datadog.Trace.dll]
[2025-06-09 13:16:14.878 -07:00|1|formsample|True] Assembly Resolve event received for: Datadog.Trace
[2025-06-09 13:16:14.880 -07:00|1|formsample|True] Looking for: C:\Program Files\Datadog\.NET Tracer\net6.0\Datadog.Trace.dll
[2025-06-09 13:16:14.882 -07:00|1|formsample|True] Loading from cache. [Path: C:\Program Files\Datadog\.NET Tracer\net6.0\Datadog.Trace.dll]
[2025-06-09 13:16:14.885 -07:00|1|formsample|True] Assembly Resolve event received for: Datadog.Trace
[2025-06-09 13:16:14.887 -07:00|1|formsample|True] Looking for: C:\Program Files\Datadog\.NET Tracer\net6.0\Datadog.Trace.dll
[2025-06-09 13:16:14.890 -07:00|1|formsample|True] Loading from cache. [Path: C:\Program Files\Datadog\.NET Tracer\net6.0\Datadog.Trace.dll]
[2025-06-09 13:16:14.893 -07:00|1|formsample|True] Assembly Resolve event received for: Datadog.Trace
[2025-06-09 13:16:14.895 -07:00|1|formsample|True] Looking for: C:\Program Files\Datadog\.NET Tracer\net6.0\Datadog.Trace.dll
[2025-06-09 13:16:14.898 -07:00|1|formsample|True] Loading from cache. [Path: C:\Program Files\Datadog\.NET Tracer\net6.0\Datadog.Trace.dll]
[2025-06-09 13:16:14.900 -07:00|1|formsample|True] Assembly Resolve event received for: Datadog.Trace
[2025-06-09 13:16:14.903 -07:00|1|formsample|True] Looking for: C:\Program Files\Datadog\.NET Tracer\net6.0\Datadog.Trace.dll
[2025-06-09 13:16:14.905 -07:00|1|formsample|True] Loading from cache. [Path: C:\Program Files\Datadog\.NET Tracer\net6.0\Datadog.Trace.dll]
[2025-06-09 13:16:14.907 -07:00|1|formsample|True] Assembly Resolve event received for: Datadog.Trace
[2025-06-09 13:16:14.910 -07:00|1|formsample|True] Looking for: C:\Program Files\Datadog\.NET Tracer\net6.0\Datadog.Trace.dll
[2025-06-09 13:16:14.912 -07:00|1|formsample|True] Loading from cache. [Path: C:\Program Files\Datadog\.NET Tracer\net6.0\Datadog.Trace.dll]
[2025-06-09 13:16:14.914 -07:00|1|formsample|True] Assembly Resolve event received for: Datadog.Trace
[2025-06-09 13:16:14.916 -07:00|1|formsample|True] Looking for: C:\Program Files\Datadog\.NET Tracer\net6.0\Datadog.Trace.dll
[2025-06-09 13:16:14.918 -07:00|1|formsample|True] Loading from cache. [Path: C:\Program Files\Datadog\.NET Tracer\net6.0\Datadog.Trace.dll]
[2025-06-09 13:16:14.920 -07:00|1|formsample|True] Assembly Resolve event received for: Datadog.Trace
[2025-06-09 13:16:14.922 -07:00|1|formsample|True] Looking for: C:\Program Files\Datadog\.NET Tracer\net6.0\Datadog.Trace.dll
[2025-06-09 13:16:14.932 -07:00|1|formsample|True] Loading from cache. [Path: C:\Program Files\Datadog\.NET Tracer\net6.0\Datadog.Trace.dll]
[2025-06-09 13:16:14.934 -07:00|1|formsample|True] Assembly Resolve event received for: Datadog.Trace
[2025-06-09 13:16:14.936 -07:00|1|formsample|True] Looking for: C:\Program Files\Datadog\.NET Tracer\net6.0\Datadog.Trace.dll
[2025-06-09 13:16:14.939 -07:00|1|formsample|True] Loading from cache. [Path: C:\Program Files\Datadog\.NET Tracer\net6.0\Datadog.Trace.dll]
[2025-06-09 13:16:14.941 -07:00|1|formsample|True] Assembly Resolve event received for: Datadog.Trace
[2025-06-09 13:16:14.943 -07:00|1|formsample|True] Looking for: C:\Program Files\Datadog\.NET Tracer\net6.0\Datadog.Trace.dll
[2025-06-09 13:16:14.946 -07:00|1|formsample|True] Loading from cache. [Path: C:\Program Files\Datadog\.NET Tracer\net6.0\Datadog.Trace.dll]
[2025-06-09 13:16:14.948 -07:00|1|formsample|True] Assembly Resolve event received for: Datadog.Trace
[2025-06-09 13:16:14.950 -07:00|1|formsample|True] Looking for: C:\Program Files\Datadog\.NET Tracer\net6.0\Datadog.Trace.dll
[2025-06-09 13:16:14.951 -07:00|1|formsample|True] Loading from cache. [Path: C:\Program Files\Datadog\.NET Tracer\net6.0\Datadog.Trace.dll]
[2025-06-09 13:17:30.160 -07:00|1|formsample|True] Assembly Resolve event received for: Datadog.Trace
[2025-06-09 13:17:30.163 -07:00|1|formsample|True] Looking for: C:\Program Files\Datadog\.NET Tracer\net6.0\Datadog.Trace.dll
[2025-06-09 13:17:30.166 -07:00|1|formsample|True] Loading from cache. [Path: C:\Program Files\Datadog\.NET Tracer\net6.0\Datadog.Trace.dll]
[2025-06-09 13:17:30.168 -07:00|1|formsample|True] Assembly Resolve event received for: Datadog.Trace
[2025-06-09 13:17:30.170 -07:00|1|formsample|True] Looking for: C:\Program Files\Datadog\.NET Tracer\net6.0\Datadog.Trace.dll
[2025-06-09 13:17:30.172 -07:00|1|formsample|True] Loading from cache. [Path: C:\Program Files\Datadog\.NET Tracer\net6.0\Datadog.Trace.dll]
[2025-06-09 13:17:30.175 -07:00|1|formsample|True] Assembly Resolve event received for: Datadog.Trace
[2025-06-09 13:17:30.177 -07:00|1|formsample|True] Looking for: C:\Program Files\Datadog\.NET Tracer\net6.0\Datadog.Trace.dll
[2025-06-09 13:17:30.179 -07:00|1|formsample|True] Loading from cache. [Path: C:\Program Files\Datadog\.NET Tracer\net6.0\Datadog.Trace.dll]
[2025-06-09 13:17:30.181 -07:00|1|formsample|True] Assembly Resolve event received for: Datadog.Trace
[2025-06-09 13:17:30.183 -07:00|1|formsample|True] Looking for: C:\Program Files\Datadog\.NET Tracer\net6.0\Datadog.Trace.dll
[2025-06-09 13:17:30.185 -07:00|1|formsample|True] Loading from cache. [Path: C:\Program Files\Datadog\.NET Tracer\net6.0\Datadog.Trace.dll]
[2025-06-09 13:17:30.187 -07:00|1|formsample|True] Assembly Resolve event received for: Datadog.Trace
[2025-06-09 13:17:30.188 -07:00|1|formsample|True] Looking for: C:\Program Files\Datadog\.NET Tracer\net6.0\Datadog.Trace.dll
[2025-06-09 13:17:30.191 -07:00|1|formsample|True] Loading from cache. [Path: C:\Program Files\Datadog\.NET Tracer\net6.0\Datadog.Trace.dll]
[2025-06-09 13:17:30.192 -07:00|1|formsample|True] Assembly Resolve event received for: Datadog.Trace
[2025-06-09 13:17:30.194 -07:00|1|formsample|True] Looking for: C:\Program Files\Datadog\.NET Tracer\net6.0\Datadog.Trace.dll
[2025-06-09 13:17:30.197 -07:00|1|formsample|True] Loading from cache. [Path: C:\Program Files\Datadog\.NET Tracer\net6.0\Datadog.Trace.dll]
[2025-06-09 13:17:30.199 -07:00|1|formsample|True] Assembly Resolve event received for: Datadog.Trace
[2025-06-09 13:17:30.202 -07:00|1|formsample|True] Looking for: C:\Program Files\Datadog\.NET Tracer\net6.0\Datadog.Trace.dll
[2025-06-09 13:17:30.204 -07:00|1|formsample|True] Loading from cache. [Path: C:\Program Files\Datadog\.NET Tracer\net6.0\Datadog.Trace.dll]
[2025-06-09 13:17:30.206 -07:00|1|formsample|True] Assembly Resolve event received for: Datadog.Trace
[2025-06-09 13:17:30.208 -07:00|1|formsample|True] Looking for: C:\Program Files\Datadog\.NET Tracer\net6.0\Datadog.Trace.dll
[2025-06-09 13:17:30.211 -07:00|1|formsample|True] Loading from cache. [Path: C:\Program Files\Datadog\.NET Tracer\net6.0\Datadog.Trace.dll]
[2025-06-09 13:17:30.213 -07:00|1|formsample|True] Assembly Resolve event received for: Datadog.Trace
[2025-06-09 13:17:30.216 -07:00|1|formsample|True] Looking for: C:\Program Files\Datadog\.NET Tracer\net6.0\Datadog.Trace.dll
[2025-06-09 13:17:30.219 -07:00|1|formsample|True] Loading from cache. [Path: C:\Program Files\Datadog\.NET Tracer\net6.0\Datadog.Trace.dll]
[2025-06-09 13:17:30.222 -07:00|1|formsample|True] Assembly Resolve event received for: Datadog.Trace
[2025-06-09 13:17:30.224 -07:00|1|formsample|True] Looking for: C:\Program Files\Datadog\.NET Tracer\net6.0\Datadog.Trace.dll
[2025-06-09 13:17:30.226 -07:00|1|formsample|True] Loading from cache. [Path: C:\Program Files\Datadog\.NET Tracer\net6.0\Datadog.Trace.dll]
[2025-06-09 13:17:30.228 -07:00|1|formsample|True] Assembly Resolve event received for: Datadog.Trace
[2025-06-09 13:17:30.230 -07:00|1|formsample|True] Looking for: C:\Program Files\Datadog\.NET Tracer\net6.0\Datadog.Trace.dll
[2025-06-09 13:17:30.232 -07:00|1|formsample|True] Loading from cache. [Path: C:\Program Files\Datadog\.NET Tracer\net6.0\Datadog.Trace.dll]
[2025-06-09 13:17:30.235 -07:00|1|formsample|True] Assembly Resolve event received for: Datadog.Trace
[2025-06-09 13:17:30.238 -07:00|1|formsample|True] Looking for: C:\Program Files\Datadog\.NET Tracer\net6.0\Datadog.Trace.dll
[2025-06-09 13:17:30.241 -07:00|1|formsample|True] Loading from cache. [Path: C:\Program Files\Datadog\.NET Tracer\net6.0\Datadog.Trace.dll]
[2025-06-09 13:17:30.243 -07:00|1|formsample|True] Assembly Resolve event received for: Datadog.Trace
[2025-06-09 13:17:30.246 -07:00|1|formsample|True] Looking for: C:\Program Files\Datadog\.NET Tracer\net6.0\Datadog.Trace.dll
[2025-06-09 13:17:30.248 -07:00|1|formsample|True] Loading from cache. [Path: C:\Program Files\Datadog\.NET Tracer\net6.0\Datadog.Trace.dll]
[2025-06-09 13:17:30.251 -07:00|1|formsample|True] Assembly Resolve event received for: Datadog.Trace
[2025-06-09 13:17:30.254 -07:00|1|formsample|True] Looking for: C:\Program Files\Datadog\.NET Tracer\net6.0\Datadog.Trace.dll
[2025-06-09 13:17:30.256 -07:00|1|formsample|True] Loading from cache. [Path: C:\Program Files\Datadog\.NET Tracer\net6.0\Datadog.Trace.dll]
[2025-06-09 13:17:30.259 -07:00|1|formsample|True] Assembly Resolve event received for: Datadog.Trace
[2025-06-09 13:17:30.262 -07:00|1|formsample|True] Looking for: C:\Program Files\Datadog\.NET Tracer\net6.0\Datadog.Trace.dll
[2025-06-09 13:17:30.265 -07:00|1|formsample|True] Loading from cache. [Path: C:\Program Files\Datadog\.NET Tracer\net6.0\Datadog.Trace.dll]
[2025-06-09 13:17:30.269 -07:00|1|formsample|True] Assembly Resolve event received for: Datadog.Trace
[2025-06-09 13:17:30.271 -07:00|1|formsample|True] Looking for: C:\Program Files\Datadog\.NET Tracer\net6.0\Datadog.Trace.dll
[2025-06-09 13:17:30.273 -07:00|1|formsample|True] Loading from cache. [Path: C:\Program Files\Datadog\.NET Tracer\net6.0\Datadog.Trace.dll]
[2025-06-09 13:17:30.276 -07:00|1|formsample|True] Assembly Resolve event received for: Datadog.Trace
[2025-06-09 13:17:30.279 -07:00|1|formsample|True] Looking for: C:\Program Files\Datadog\.NET Tracer\net6.0\Datadog.Trace.dll
[2025-06-09 13:17:30.282 -07:00|1|formsample|True] Loading from cache. [Path: C:\Program Files\Datadog\.NET Tracer\net6.0\Datadog.Trace.dll]
[2025-06-09 13:17:30.285 -07:00|1|formsample|True] Assembly Resolve event received for: Datadog.Trace
[2025-06-09 13:17:30.288 -07:00|1|formsample|True] Looking for: C:\Program Files\Datadog\.NET Tracer\net6.0\Datadog.Trace.dll
[2025-06-09 13:17:30.291 -07:00|1|formsample|True] Loading from cache. [Path: C:\Program Files\Datadog\.NET Tracer\net6.0\Datadog.Trace.dll]
[2025-06-09 13:17:30.293 -07:00|1|formsample|True] Assembly Resolve event received for: Datadog.Trace
[2025-06-09 13:17:30.296 -07:00|1|formsample|True] Looking for: C:\Program Files\Datadog\.NET Tracer\net6.0\Datadog.Trace.dll
[2025-06-09 13:17:30.299 -07:00|1|formsample|True] Loading from cache. [Path: C:\Program Files\Datadog\.NET Tracer\net6.0\Datadog.Trace.dll]
[2025-06-09 13:17:30.302 -07:00|1|formsample|True] Assembly Resolve event received for: Datadog.Trace
[2025-06-09 13:17:30.304 -07:00|1|formsample|True] Looking for: C:\Program Files\Datadog\.NET Tracer\net6.0\Datadog.Trace.dll
[2025-06-09 13:17:30.307 -07:00|1|formsample|True] Loading from cache. [Path: C:\Program Files\Datadog\.NET Tracer\net6.0\Datadog.Trace.dll]
[2025-06-09 13:17:30.311 -07:00|1|formsample|True] Assembly Resolve event received for: Datadog.Trace
[2025-06-09 13:17:30.314 -07:00|1|formsample|True] Looking for: C:\Program Files\Datadog\.NET Tracer\net6.0\Datadog.Trace.dll
[2025-06-09 13:17:30.317 -07:00|1|formsample|True] Loading from cache. [Path: C:\Program Files\Datadog\.NET Tracer\net6.0\Datadog.Trace.dll]
[2025-06-09 13:17:30.319 -07:00|1|formsample|True] Assembly Resolve event received for: Datadog.Trace
[2025-06-09 13:17:30.322 -07:00|1|formsample|True] Looking for: C:\Program Files\Datadog\.NET Tracer\net6.0\Datadog.Trace.dll
[2025-06-09 13:17:30.325 -07:00|1|formsample|True] Loading from cache. [Path: C:\Program Files\Datadog\.NET Tracer\net6.0\Datadog.Trace.dll]
[2025-06-09 13:17:30.328 -07:00|1|formsample|True] Assembly Resolve event received for: Datadog.Trace
[2025-06-09 13:17:30.330 -07:00|1|formsample|True] Looking for: C:\Program Files\Datadog\.NET Tracer\net6.0\Datadog.Trace.dll
[2025-06-09 13:17:30.333 -07:00|1|formsample|True] Loading from cache. [Path: C:\Program Files\Datadog\.NET Tracer\net6.0\Datadog.Trace.dll]
[2025-06-09 13:17:30.335 -07:00|1|formsample|True] Assembly Resolve event received for: Datadog.Trace
[2025-06-09 13:17:30.338 -07:00|1|formsample|True] Looking for: C:\Program Files\Datadog\.NET Tracer\net6.0\Datadog.Trace.dll
[2025-06-09 13:17:30.340 -07:00|1|formsample|True] Loading from cache. [Path: C:\Program Files\Datadog\.NET Tracer\net6.0\Datadog.Trace.dll]
[2025-06-09 13:17:30.343 -07:00|1|formsample|True] Assembly Resolve event received for: Datadog.Trace
[2025-06-09 13:17:30.346 -07:00|1|formsample|True] Looking for: C:\Program Files\Datadog\.NET Tracer\net6.0\Datadog.Trace.dll
[2025-06-09 13:17:30.349 -07:00|1|formsample|True] Loading from cache. [Path: C:\Program Files\Datadog\.NET Tracer\net6.0\Datadog.Trace.dll]
[2025-06-09 13:17:30.351 -07:00|1|formsample|True] Assembly Resolve event received for: Datadog.Trace
[2025-06-09 13:17:30.354 -07:00|1|formsample|True] Looking for: C:\Program Files\Datadog\.NET Tracer\net6.0\Datadog.Trace.dll
[2025-06-09 13:17:30.357 -07:00|1|formsample|True] Loading from cache. [Path: C:\Program Files\Datadog\.NET Tracer\net6.0\Datadog.Trace.dll]
[2025-06-09 13:17:30.359 -07:00|1|formsample|True] Assembly Resolve event received for: Datadog.Trace
[2025-06-09 13:17:30.362 -07:00|1|formsample|True] Looking for: C:\Program Files\Datadog\.NET Tracer\net6.0\Datadog.Trace.dll
[2025-06-09 13:17:30.365 -07:00|1|formsample|True] Loading from cache. [Path: C:\Program Files\Datadog\.NET Tracer\net6.0\Datadog.Trace.dll]
[2025-06-09 13:17:30.367 -07:00|1|formsample|True] Assembly Resolve event received for: Datadog.Trace
[2025-06-09 13:17:30.369 -07:00|1|formsample|True] Looking for: C:\Program Files\Datadog\.NET Tracer\net6.0\Datadog.Trace.dll
[2025-06-09 13:17:30.372 -07:00|1|formsample|True] Loading from cache. [Path: C:\Program Files\Datadog\.NET Tracer\net6.0\Datadog.Trace.dll]
[2025-06-09 13:17:30.375 -07:00|1|formsample|True] Assembly Resolve event received for: Datadog.Trace
[2025-06-09 13:17:30.377 -07:00|1|formsample|True] Looking for: C:\Program Files\Datadog\.NET Tracer\net6.0\Datadog.Trace.dll
[2025-06-09 13:17:30.380 -07:00|1|formsample|True] Loading from cache. [Path: C:\Program Files\Datadog\.NET Tracer\net6.0\Datadog.Trace.dll]
[2025-06-09 13:17:30.383 -07:00|1|formsample|True] Assembly Resolve event received for: Datadog.Trace
[2025-06-09 13:17:30.385 -07:00|1|formsample|True] Looking for: C:\Program Files\Datadog\.NET Tracer\net6.0\Datadog.Trace.dll
[2025-06-09 13:17:30.388 -07:00|1|formsample|True] Loading from cache. [Path: C:\Program Files\Datadog\.NET Tracer\net6.0\Datadog.Trace.dll]
[2025-06-09 13:17:30.391 -07:00|1|formsample|True] Assembly Resolve event received for: Datadog.Trace
[2025-06-09 13:17:30.393 -07:00|1|formsample|True] Looking for: C:\Program Files\Datadog\.NET Tracer\net6.0\Datadog.Trace.dll
[2025-06-09 13:17:30.396 -07:00|1|formsample|True] Loading from cache. [Path: C:\Program Files\Datadog\.NET Tracer\net6.0\Datadog.Trace.dll]
[2025-06-09 13:17:30.400 -07:00|1|formsample|True] Assembly Resolve event received for: Datadog.Trace
[2025-06-09 13:17:30.403 -07:00|1|formsample|True] Looking for: C:\Program Files\Datadog\.NET Tracer\net6.0\Datadog.Trace.dll
[2025-06-09 13:17:30.405 -07:00|1|formsample|True] Loading from cache. [Path: C:\Program Files\Datadog\.NET Tracer\net6.0\Datadog.Trace.dll]
[2025-06-09 13:17:30.408 -07:00|1|formsample|True] Assembly Resolve event received for: Datadog.Trace
[2025-06-09 13:17:30.411 -07:00|1|formsample|True] Looking for: C:\Program Files\Datadog\.NET Tracer\net6.0\Datadog.Trace.dll
[2025-06-09 13:17:30.414 -07:00|1|formsample|True] Loading from cache. [Path: C:\Program Files\Datadog\.NET Tracer\net6.0\Datadog.Trace.dll]
[2025-06-09 13:17:30.417 -07:00|1|formsample|True] Assembly Resolve event received for: Datadog.Trace
[2025-06-09 13:17:30.419 -07:00|1|formsample|True] Looking for: C:\Program Files\Datadog\.NET Tracer\net6.0\Datadog.Trace.dll
[2025-06-09 13:17:30.421 -07:00|1|formsample|True] Loading from cache. [Path: C:\Program Files\Datadog\.NET Tracer\net6.0\Datadog.Trace.dll]
[2025-06-09 13:17:30.425 -07:00|1|formsample|True] Assembly Resolve event received for: Datadog.Trace
[2025-06-09 13:17:30.427 -07:00|1|formsample|True] Looking for: C:\Program Files\Datadog\.NET Tracer\net6.0\Datadog.Trace.dll
[2025-06-09 13:17:30.430 -07:00|1|formsample|True] Loading from cache. [Path: C:\Program Files\Datadog\.NET Tracer\net6.0\Datadog.Trace.dll]
[2025-06-09 13:17:30.433 -07:00|1|formsample|True] Assembly Resolve event received for: Datadog.Trace
[2025-06-09 13:17:30.436 -07:00|1|formsample|True] Looking for: C:\Program Files\Datadog\.NET Tracer\net6.0\Datadog.Trace.dll
[2025-06-09 13:17:30.439 -07:00|1|formsample|True] Loading from cache. [Path: C:\Program Files\Datadog\.NET Tracer\net6.0\Datadog.Trace.dll]
[2025-06-09 13:17:30.442 -07:00|1|formsample|True] Assembly Resolve event received for: Datadog.Trace
[2025-06-09 13:17:30.444 -07:00|1|formsample|True] Looking for: C:\Program Files\Datadog\.NET Tracer\net6.0\Datadog.Trace.dll
[2025-06-09 13:17:30.447 -07:00|1|formsample|True] Loading from cache. [Path: C:\Program Files\Datadog\.NET Tracer\net6.0\Datadog.Trace.dll]
[2025-06-09 13:17:30.450 -07:00|1|formsample|True] Assembly Resolve event received for: Datadog.Trace
[2025-06-09 13:17:30.452 -07:00|1|formsample|True] Looking for: C:\Program Files\Datadog\.NET Tracer\net6.0\Datadog.Trace.dll
[2025-06-09 13:17:30.455 -07:00|1|formsample|True] Loading from cache. [Path: C:\Program Files\Datadog\.NET Tracer\net6.0\Datadog.Trace.dll]
[2025-06-09 13:17:30.457 -07:00|1|formsample|True] Assembly Resolve event received for: Datadog.Trace
[2025-06-09 13:17:30.460 -07:00|1|formsample|True] Looking for: C:\Program Files\Datadog\.NET Tracer\net6.0\Datadog.Trace.dll
[2025-06-09 13:17:30.463 -07:00|1|formsample|True] Loading from cache. [Path: C:\Program Files\Datadog\.NET Tracer\net6.0\Datadog.Trace.dll]
[2025-06-09 13:17:30.465 -07:00|1|formsample|True] Assembly Resolve event received for: Datadog.Trace
[2025-06-09 13:17:30.468 -07:00|1|formsample|True] Looking for: C:\Program Files\Datadog\.NET Tracer\net6.0\Datadog.Trace.dll
[2025-06-09 13:17:30.470 -07:00|1|formsample|True] Loading from cache. [Path: C:\Program Files\Datadog\.NET Tracer\net6.0\Datadog.Trace.dll]
[2025-06-09 13:19:31.513 -07:00|1|formsample|True] Assembly Resolve event received for: Datadog.Trace
[2025-06-09 13:19:31.519 -07:00|1|formsample|True] Looking for: C:\Program Files\Datadog\.NET Tracer\net6.0\Datadog.Trace.dll
[2025-06-09 13:19:31.522 -07:00|1|formsample|True] Loading from cache. [Path: C:\Program Files\Datadog\.NET Tracer\net6.0\Datadog.Trace.dll]
[2025-06-09 13:19:31.526 -07:00|1|formsample|True] Assembly Resolve event received for: Datadog.Trace
[2025-06-09 13:19:31.529 -07:00|1|formsample|True] Looking for: C:\Program Files\Datadog\.NET Tracer\net6.0\Datadog.Trace.dll
[2025-06-09 13:19:31.533 -07:00|1|formsample|True] Loading from cache. [Path: C:\Program Files\Datadog\.NET Tracer\net6.0\Datadog.Trace.dll]
[2025-06-09 13:19:31.537 -07:00|1|formsample|True] Assembly Resolve event received for: Datadog.Trace
[2025-06-09 13:19:31.541 -07:00|1|formsample|True] Looking for: C:\Program Files\Datadog\.NET Tracer\net6.0\Datadog.Trace.dll
[2025-06-09 13:19:31.545 -07:00|1|formsample|True] Loading from cache. [Path: C:\Program Files\Datadog\.NET Tracer\net6.0\Datadog.Trace.dll]
[2025-06-09 13:19:31.549 -07:00|1|formsample|True] Assembly Resolve event received for: Datadog.Trace
[2025-06-09 13:19:31.552 -07:00|1|formsample|True] Looking for: C:\Program Files\Datadog\.NET Tracer\net6.0\Datadog.Trace.dll
[2025-06-09 13:19:31.556 -07:00|1|formsample|True] Loading from cache. [Path: C:\Program Files\Datadog\.NET Tracer\net6.0\Datadog.Trace.dll]
[2025-06-09 13:19:31.560 -07:00|1|formsample|True] Assembly Resolve event received for: Datadog.Trace
[2025-06-09 13:19:31.563 -07:00|1|formsample|True] Looking for: C:\Program Files\Datadog\.NET Tracer\net6.0\Datadog.Trace.dll
[2025-06-09 13:19:31.567 -07:00|1|formsample|True] Loading from cache. [Path: C:\Program Files\Datadog\.NET Tracer\net6.0\Datadog.Trace.dll]
[2025-06-09 13:19:31.570 -07:00|1|formsample|True] Assembly Resolve event received for: Datadog.Trace
[2025-06-09 13:19:31.574 -07:00|1|formsample|True] Looking for: C:\Program Files\Datadog\.NET Tracer\net6.0\Datadog.Trace.dll
[2025-06-09 13:19:31.578 -07:00|1|formsample|True] Loading from cache. [Path: C:\Program Files\Datadog\.NET Tracer\net6.0\Datadog.Trace.dll]
[2025-06-09 13:19:31.582 -07:00|1|formsample|True] Assembly Resolve event received for: Datadog.Trace
[2025-06-09 13:19:31.585 -07:00|1|formsample|True] Looking for: C:\Program Files\Datadog\.NET Tracer\net6.0\Datadog.Trace.dll
[2025-06-09 13:19:31.590 -07:00|1|formsample|True] Loading from cache. [Path: C:\Program Files\Datadog\.NET Tracer\net6.0\Datadog.Trace.dll]
[2025-06-09 13:19:31.594 -07:00|1|formsample|True] Assembly Resolve event received for: Datadog.Trace
[2025-06-09 13:19:31.597 -07:00|1|formsample|True] Looking for: C:\Program Files\Datadog\.NET Tracer\net6.0\Datadog.Trace.dll
[2025-06-09 13:19:31.601 -07:00|1|formsample|True] Loading from cache. [Path: C:\Program Files\Datadog\.NET Tracer\net6.0\Datadog.Trace.dll]
[2025-06-09 13:19:31.606 -07:00|1|formsample|True] Assembly Resolve event received for: Datadog.Trace
[2025-06-09 13:19:31.610 -07:00|1|formsample|True] Looking for: C:\Program Files\Datadog\.NET Tracer\net6.0\Datadog.Trace.dll
[2025-06-09 13:19:31.614 -07:00|1|formsample|True] Loading from cache. [Path: C:\Program Files\Datadog\.NET Tracer\net6.0\Datadog.Trace.dll]
[2025-06-09 13:19:31.618 -07:00|1|formsample|True] Assembly Resolve event received for: Datadog.Trace
[2025-06-09 13:19:31.622 -07:00|1|formsample|True] Looking for: C:\Program Files\Datadog\.NET Tracer\net6.0\Datadog.Trace.dll
[2025-06-09 13:19:31.627 -07:00|1|formsample|True] Loading from cache. [Path: C:\Program Files\Datadog\.NET Tracer\net6.0\Datadog.Trace.dll]
[2025-06-09 13:19:31.631 -07:00|1|formsample|True] Assembly Resolve event received for: Datadog.Trace
[2025-06-09 13:19:31.635 -07:00|1|formsample|True] Looking for: C:\Program Files\Datadog\.NET Tracer\net6.0\Datadog.Trace.dll
[2025-06-09 13:19:31.639 -07:00|1|formsample|True] Loading from cache. [Path: C:\Program Files\Datadog\.NET Tracer\net6.0\Datadog.Trace.dll]
[2025-06-09 13:19:31.643 -07:00|1|formsample|True] Assembly Resolve event received for: Datadog.Trace
[2025-06-09 13:19:31.647 -07:00|1|formsample|True] Looking for: C:\Program Files\Datadog\.NET Tracer\net6.0\Datadog.Trace.dll
[2025-06-09 13:19:31.651 -07:00|1|formsample|True] Loading from cache. [Path: C:\Program Files\Datadog\.NET Tracer\net6.0\Datadog.Trace.dll]
[2025-06-09 13:19:31.656 -07:00|1|formsample|True] Assembly Resolve event received for: Datadog.Trace
[2025-06-09 13:19:31.659 -07:00|1|formsample|True] Looking for: C:\Program Files\Datadog\.NET Tracer\net6.0\Datadog.Trace.dll
[2025-06-09 13:19:31.663 -07:00|1|formsample|True] Loading from cache. [Path: C:\Program Files\Datadog\.NET Tracer\net6.0\Datadog.Trace.dll]
[2025-06-09 13:19:31.668 -07:00|1|formsample|True] Assembly Resolve event received for: Datadog.Trace
[2025-06-09 13:19:31.672 -07:00|1|formsample|True] Looking for: C:\Program Files\Datadog\.NET Tracer\net6.0\Datadog.Trace.dll
[2025-06-09 13:19:31.678 -07:00|1|formsample|True] Loading from cache. [Path: C:\Program Files\Datadog\.NET Tracer\net6.0\Datadog.Trace.dll]
[2025-06-09 13:19:31.682 -07:00|1|formsample|True] Assembly Resolve event received for: Datadog.Trace
[2025-06-09 13:19:31.686 -07:00|1|formsample|True] Looking for: C:\Program Files\Datadog\.NET Tracer\net6.0\Datadog.Trace.dll
[2025-06-09 13:19:31.691 -07:00|1|formsample|True] Loading from cache. [Path: C:\Program Files\Datadog\.NET Tracer\net6.0\Datadog.Trace.dll]
[2025-06-09 13:19:31.695 -07:00|1|formsample|True] Assembly Resolve event received for: Datadog.Trace
[2025-06-09 13:19:31.699 -07:00|1|formsample|True] Looking for: C:\Program Files\Datadog\.NET Tracer\net6.0\Datadog.Trace.dll
[2025-06-09 13:19:31.702 -07:00|1|formsample|True] Loading from cache. [Path: C:\Program Files\Datadog\.NET Tracer\net6.0\Datadog.Trace.dll]
[2025-06-09 13:19:31.707 -07:00|1|formsample|True] Assembly Resolve event received for: Datadog.Trace
[2025-06-09 13:19:31.711 -07:00|1|formsample|True] Looking for: C:\Program Files\Datadog\.NET Tracer\net6.0\Datadog.Trace.dll
[2025-06-09 13:19:31.714 -07:00|1|formsample|True] Loading from cache. [Path: C:\Program Files\Datadog\.NET Tracer\net6.0\Datadog.Trace.dll]
[2025-06-09 13:19:31.718 -07:00|1|formsample|True] Assembly Resolve event received for: Datadog.Trace
[2025-06-09 13:19:31.723 -07:00|1|formsample|True] Looking for: C:\Program Files\Datadog\.NET Tracer\net6.0\Datadog.Trace.dll
[2025-06-09 13:19:31.727 -07:00|1|formsample|True] Loading from cache. [Path: C:\Program Files\Datadog\.NET Tracer\net6.0\Datadog.Trace.dll]
[2025-06-09 13:19:31.735 -07:00|1|formsample|True] Assembly Resolve event received for: Datadog.Trace
[2025-06-09 13:19:31.743 -07:00|1|formsample|True] Looking for: C:\Program Files\Datadog\.NET Tracer\net6.0\Datadog.Trace.dll
[2025-06-09 13:19:31.750 -07:00|1|formsample|True] Loading from cache. [Path: C:\Program Files\Datadog\.NET Tracer\net6.0\Datadog.Trace.dll]
[2025-06-09 13:19:31.755 -07:00|1|formsample|True] Assembly Resolve event received for: Datadog.Trace
[2025-06-09 13:19:31.759 -07:00|1|formsample|True] Looking for: C:\Program Files\Datadog\.NET Tracer\net6.0\Datadog.Trace.dll
[2025-06-09 13:19:31.765 -07:00|1|formsample|True] Loading from cache. [Path: C:\Program Files\Datadog\.NET Tracer\net6.0\Datadog.Trace.dll]
[2025-06-09 13:19:31.783 -07:00|1|formsample|True] Assembly Resolve event received for: Datadog.Trace
[2025-06-09 13:19:31.786 -07:00|1|formsample|True] Looking for: C:\Program Files\Datadog\.NET Tracer\net6.0\Datadog.Trace.dll
[2025-06-09 13:19:31.791 -07:00|1|formsample|True] Loading from cache. [Path: C:\Program Files\Datadog\.NET Tracer\net6.0\Datadog.Trace.dll]
[2025-06-09 13:19:31.794 -07:00|1|formsample|True] Assembly Resolve event received for: Datadog.Trace
[2025-06-09 13:19:31.797 -07:00|1|formsample|True] Looking for: C:\Program Files\Datadog\.NET Tracer\net6.0\Datadog.Trace.dll
[2025-06-09 13:19:31.802 -07:00|1|formsample|True] Loading from cache. [Path: C:\Program Files\Datadog\.NET Tracer\net6.0\Datadog.Trace.dll]
[2025-06-09 13:19:31.806 -07:00|1|formsample|True] Assembly Resolve event received for: Datadog.Trace
[2025-06-09 13:19:31.810 -07:00|1|formsample|True] Looking for: C:\Program Files\Datadog\.NET Tracer\net6.0\Datadog.Trace.dll
[2025-06-09 13:19:31.814 -07:00|1|formsample|True] Loading from cache. [Path: C:\Program Files\Datadog\.NET Tracer\net6.0\Datadog.Trace.dll]
[2025-06-09 13:19:31.818 -07:00|1|formsample|True] Assembly Resolve event received for: Datadog.Trace
[2025-06-09 13:19:31.825 -07:00|1|formsample|True] Looking for: C:\Program Files\Datadog\.NET Tracer\net6.0\Datadog.Trace.dll
[2025-06-09 13:19:31.829 -07:00|1|formsample|True] Loading from cache. [Path: C:\Program Files\Datadog\.NET Tracer\net6.0\Datadog.Trace.dll]
[2025-06-09 13:19:31.833 -07:00|1|formsample|True] Assembly Resolve event received for: Datadog.Trace
[2025-06-09 13:19:31.838 -07:00|1|formsample|True] Looking for: C:\Program Files\Datadog\.NET Tracer\net6.0\Datadog.Trace.dll
[2025-06-09 13:19:31.842 -07:00|1|formsample|True] Loading from cache. [Path: C:\Program Files\Datadog\.NET Tracer\net6.0\Datadog.Trace.dll]
[2025-06-09 13:19:31.846 -07:00|1|formsample|True] Assembly Resolve event received for: Datadog.Trace
[2025-06-09 13:19:31.850 -07:00|1|formsample|True] Looking for: C:\Program Files\Datadog\.NET Tracer\net6.0\Datadog.Trace.dll
[2025-06-09 13:19:31.853 -07:00|1|formsample|True] Loading from cache. [Path: C:\Program Files\Datadog\.NET Tracer\net6.0\Datadog.Trace.dll]
[2025-06-09 13:19:31.858 -07:00|1|formsample|True] Assembly Resolve event received for: Datadog.Trace
[2025-06-09 13:19:31.862 -07:00|1|formsample|True] Looking for: C:\Program Files\Datadog\.NET Tracer\net6.0\Datadog.Trace.dll
[2025-06-09 13:19:31.865 -07:00|1|formsample|True] Loading from cache. [Path: C:\Program Files\Datadog\.NET Tracer\net6.0\Datadog.Trace.dll]
[2025-06-09 13:19:31.869 -07:00|1|formsample|True] Assembly Resolve event received for: Datadog.Trace
[2025-06-09 13:19:31.872 -07:00|1|formsample|True] Looking for: C:\Program Files\Datadog\.NET Tracer\net6.0\Datadog.Trace.dll
[2025-06-09 13:19:31.876 -07:00|1|formsample|True] Loading from cache. [Path: C:\Program Files\Datadog\.NET Tracer\net6.0\Datadog.Trace.dll]
[2025-06-09 13:19:31.880 -07:00|1|formsample|True] Assembly Resolve event received for: Datadog.Trace
[2025-06-09 13:19:31.884 -07:00|1|formsample|True] Looking for: C:\Program Files\Datadog\.NET Tracer\net6.0\Datadog.Trace.dll
[2025-06-09 13:19:31.888 -07:00|1|formsample|True] Loading from cache. [Path: C:\Program Files\Datadog\.NET Tracer\net6.0\Datadog.Trace.dll]
[2025-06-09 13:19:31.892 -07:00|1|formsample|True] Assembly Resolve event received for: Datadog.Trace
[2025-06-09 13:19:31.896 -07:00|1|formsample|True] Looking for: C:\Program Files\Datadog\.NET Tracer\net6.0\Datadog.Trace.dll
[2025-06-09 13:19:31.900 -07:00|1|formsample|True] Loading from cache. [Path: C:\Program Files\Datadog\.NET Tracer\net6.0\Datadog.Trace.dll]
[2025-06-09 13:19:31.904 -07:00|1|formsample|True] Assembly Resolve event received for: Datadog.Trace
[2025-06-09 13:19:31.908 -07:00|1|formsample|True] Looking for: C:\Program Files\Datadog\.NET Tracer\net6.0\Datadog.Trace.dll
[2025-06-09 13:19:31.911 -07:00|1|formsample|True] Loading from cache. [Path: C:\Program Files\Datadog\.NET Tracer\net6.0\Datadog.Trace.dll]
[2025-06-09 13:19:31.915 -07:00|1|formsample|True] Assembly Resolve event received for: Datadog.Trace
[2025-06-09 13:19:31.918 -07:00|1|formsample|True] Looking for: C:\Program Files\Datadog\.NET Tracer\net6.0\Datadog.Trace.dll
[2025-06-09 13:19:31.922 -07:00|1|formsample|True] Loading from cache. [Path: C:\Program Files\Datadog\.NET Tracer\net6.0\Datadog.Trace.dll]
[2025-06-09 13:19:31.926 -07:00|1|formsample|True] Assembly Resolve event received for: Datadog.Trace
[2025-06-09 13:19:31.930 -07:00|1|formsample|True] Looking for: C:\Program Files\Datadog\.NET Tracer\net6.0\Datadog.Trace.dll
[2025-06-09 13:19:31.933 -07:00|1|formsample|True] Loading from cache. [Path: C:\Program Files\Datadog\.NET Tracer\net6.0\Datadog.Trace.dll]
[2025-06-09 13:19:31.937 -07:00|1|formsample|True] Assembly Resolve event received for: Datadog.Trace
[2025-06-09 13:19:31.941 -07:00|1|formsample|True] Looking for: C:\Program Files\Datadog\.NET Tracer\net6.0\Datadog.Trace.dll
[2025-06-09 13:19:31.944 -07:00|1|formsample|True] Loading from cache. [Path: C:\Program Files\Datadog\.NET Tracer\net6.0\Datadog.Trace.dll]
[2025-06-09 13:19:31.948 -07:00|1|formsample|True] Assembly Resolve event received for: Datadog.Trace
[2025-06-09 13:19:31.951 -07:00|1|formsample|True] Looking for: C:\Program Files\Datadog\.NET Tracer\net6.0\Datadog.Trace.dll
[2025-06-09 13:19:31.955 -07:00|1|formsample|True] Loading from cache. [Path: C:\Program Files\Datadog\.NET Tracer\net6.0\Datadog.Trace.dll]
[2025-06-09 13:19:31.959 -07:00|1|formsample|True] Assembly Resolve event received for: Datadog.Trace
[2025-06-09 13:19:31.962 -07:00|1|formsample|True] Looking for: C:\Program Files\Datadog\.NET Tracer\net6.0\Datadog.Trace.dll
[2025-06-09 13:19:31.966 -07:00|1|formsample|True] Loading from cache. [Path: C:\Program Files\Datadog\.NET Tracer\net6.0\Datadog.Trace.dll]
[2025-06-09 13:19:31.971 -07:00|1|formsample|True] Assembly Resolve event received for: Datadog.Trace
[2025-06-09 13:19:31.976 -07:00|1|formsample|True] Looking for: C:\Program Files\Datadog\.NET Tracer\net6.0\Datadog.Trace.dll
[2025-06-09 13:19:31.979 -07:00|1|formsample|True] Loading from cache. [Path: C:\Program Files\Datadog\.NET Tracer\net6.0\Datadog.Trace.dll]
[2025-06-09 13:19:31.983 -07:00|1|formsample|True] Assembly Resolve event received for: Datadog.Trace
[2025-06-09 13:19:31.986 -07:00|1|formsample|True] Looking for: C:\Program Files\Datadog\.NET Tracer\net6.0\Datadog.Trace.dll
[2025-06-09 13:19:31.990 -07:00|1|formsample|True] Loading from cache. [Path: C:\Program Files\Datadog\.NET Tracer\net6.0\Datadog.Trace.dll]
[2025-06-09 13:19:31.994 -07:00|1|formsample|True] Assembly Resolve event received for: Datadog.Trace
[2025-06-09 13:19:31.998 -07:00|1|formsample|True] Looking for: C:\Program Files\Datadog\.NET Tracer\net6.0\Datadog.Trace.dll
[2025-06-09 13:19:32.001 -07:00|1|formsample|True] Loading from cache. [Path: C:\Program Files\Datadog\.NET Tracer\net6.0\Datadog.Trace.dll]
[2025-06-09 13:19:32.004 -07:00|1|formsample|True] Assembly Resolve event received for: Datadog.Trace
[2025-06-09 13:19:32.009 -07:00|1|formsample|True] Looking for: C:\Program Files\Datadog\.NET Tracer\net6.0\Datadog.Trace.dll
[2025-06-09 13:19:32.012 -07:00|1|formsample|True] Loading from cache. [Path: C:\Program Files\Datadog\.NET Tracer\net6.0\Datadog.Trace.dll]
