05/22/25 01:27:39.612 PM [4980|49492] [info] Datadog CLR Profiler 3.16.0 on Windows (amd64)
05/22/25 01:27:39.614 PM [4980|49492] [info] ProcessName: formsample.exe
05/22/25 01:27:39.614 PM [4980|49492] [info] Process CommandLine: "C:\Users\rroehl\projects\DataDog\formsample\bin\Debug\net8.0-windows\formsample.exe" 
05/22/25 01:27:39.614 PM [4980|49492] [info] Environment variables:
05/22/25 01:27:39.614 PM [4980|49492] [info]   DD_TRACE_DEBUG=formsample
05/22/25 01:27:39.614 PM [4980|49492] [info]   DD_DOTNET_TRACER_HOME=C:\Program Files\Datadog\.NET Tracer\
05/22/25 01:27:39.615 PM [4980|49492] [info]   DD_ENV=dev1
05/22/25 01:27:39.616 PM [4980|49492] [info]   DD_VERSION=7.64.3
05/22/25 01:27:39.616 PM [4980|49492] [info] Runtime Information: .NET 8.0.16
05/22/25 01:27:39.616 PM [4980|50056] [info] Initializing ReJIT request thread.
05/22/25 01:27:39.616 PM [4980|49492] [info] IAST Callsite instrumentation is disabled.
05/22/25 01:27:39.616 PM [4980|49492] [info] RASP Callsite instrumentation is disabled.
05/22/25 01:27:39.616 PM [4980|49492] [info] Callsite instrumentation is disabled.
05/22/25 01:27:39.616 PM [4980|49492] [info] Profiler filepath: C:\Program Files\Datadog\.NET Tracer\win-x64\Datadog.Tracer.Native.dll
05/22/25 01:27:39.616 PM [4980|49492] [info] Profiler attached.
05/22/25 01:27:39.622 PM [4980|49492] [info] COR library: System.Private.CoreLib 8.0.0
05/22/25 01:27:39.728 PM [4980|49492] [info] JITCompilationStarted: Startup hook registered in function_id=140728500093176 token=100663298 name=formsample.Program.Main(), assembly_name=formsample app_domain_id=1929194432240 domain_neutral=0
05/22/25 01:27:39.753 PM [4980|49492] [info] ModuleLoadFinished: Datadog.Trace.ClrProfiler.Managed.Loader loaded into AppDomain 1929194432240 clrhost
05/22/25 01:27:39.892 PM [4980|49492] [info] ModuleLoadFinished: Datadog.Trace v3.16.0.0 - Fix PInvoke maps
05/22/25 01:27:39.893 PM [4980|49492] [info] Rewriting PInvokes to native for Datadog.Trace.ClrProfiler.NativeMethods+Windows: C:\Program Files\Datadog\.NET Tracer\win-x64\Datadog.Tracer.Native.dll
05/22/25 01:27:39.898 PM [4980|49492] [info] Rewriting PInvokes to native for Datadog.Trace.Debugger.PInvoke.DebuggerNativeMethods+Windows: C:\Program Files\Datadog\.NET Tracer\win-x64\Datadog.Tracer.Native.dll
05/22/25 01:27:39.899 PM [4980|49492] [info] Rewriting PInvokes to native for Datadog.Trace.FaultTolerant.FaultTolerantNativeMethods+Windows: C:\Program Files\Datadog\.NET Tracer\win-x64\Datadog.Tracer.Native.dll
05/22/25 01:27:39.899 PM [4980|49492] [info] Rewriting PInvokes to native for Datadog.Trace.LibDatadog.NativeInterop+Exporter: C:\Program Files\Datadog\.NET Tracer\win-x64\datadog_profiling_ffi.dll
05/22/25 01:27:39.899 PM [4980|49492] [info] Rewriting PInvokes to native for Datadog.Trace.LibDatadog.NativeInterop+Config: C:\Program Files\Datadog\.NET Tracer\win-x64\datadog_profiling_ffi.dll
05/22/25 01:27:39.911 PM [4980|49492] [info] Rewriting PInvokes to native for Datadog.Trace.NativeLoader+NativeMethods: C:\Program Files\Datadog\.NET Tracer\win-x64\Datadog.Trace.ClrProfiler.Native.dll
05/22/25 01:27:39.915 PM [4980|49492] [info] Successfully added method DistributedTracer.__GetInstanceForProfiler__ for ModuleID=140728503360512
05/22/25 01:27:39.917 PM [4980|49492] [info] Rewriting Instrumentation.GetNativeTracerVersion() => PROFILER_VERSION
05/22/25 01:27:39.918 PM [4980|49492] [info] AssemblyLoadFinished: Datadog.Trace.dll v3.16.0.0 matched profiler version v3.16.0.0
05/22/25 01:27:39.918 PM [4980|49492] [info] ByRef Instrumentation enabled.
05/22/25 01:27:39.918 PM [4980|49492] [info] CallTargetState ByRef enabled.
05/22/25 01:27:39.918 PM [4980|49492] [info] AddTraceAttributeInstrumentation: Initialized assembly=Datadog.Trace, Version=3.16.0.0, Culture=neutral, PublicKeyToken=def86d061d0d2eeb, type=Datadog.Trace.ClrProfiler.AutoInstrumentation.TraceAnnotations.TraceAnnotationsIntegration
05/22/25 01:27:40.509 PM [4980|49492] [info] Total number of modules to analyze: 19
05/22/25 01:27:40.666 PM [4980|50056] [info] Request ReJIT done for 10 methods
05/22/25 01:27:40.666 PM [4980|49492] [info] RegisterCallTargetDefinitions: Added 718 call targets (enabled: 578, enabled categories: 1) 
05/22/25 01:27:40.669 PM [4980|46844] [info] NGEN:: Processed with 5 inliners [ModuleId=140728509596648,MethodDef=100665944]
05/22/25 01:27:40.669 PM [4980|50056] [info] Request ReJIT done for 5 methods
05/22/25 01:27:40.673 PM [4980|46844] [info] *** CallTarget_RewriterCallback() Finished: System.Net.Http.HttpClientHandler.SendAsync() [IsVoid=0, IsStatic=0, IntegrationType=Datadog.Trace.ClrProfiler.AutoInstrumentation.Http.HttpClient.HttpClientHandler.HttpClientHandlerIntegration, Arguments=2]
05/22/25 01:27:40.861 PM [4980|46844] [info] *** CallTarget_RewriterCallback() Finished: System.Net.Http.SocketsHttpHandler.SendAsync() [IsVoid=0, IsStatic=0, IntegrationType=Datadog.Trace.ClrProfiler.AutoInstrumentation.Http.HttpClient.SocketsHttpHandler.SocketsHttpHandlerIntegration, Arguments=2]
05/22/25 01:27:45.175 PM [4980|50056] [info] Request ReJIT done for 11 methods
05/22/25 01:27:45.185 PM [4980|50056] [info] Request ReJIT done for 11 methods
05/22/25 01:27:45.221 PM [4980|50056] [info] Request ReJIT done for 1 methods
05/22/25 01:27:45.443 PM [4980|49492] [info] *** CallTarget_RewriterCallback() Finished: Npgsql.NpgsqlCommand.ExecuteReaderAsync() [IsVoid=0, IsStatic=0, IntegrationType=Datadog.Trace.ClrProfiler.AutoInstrumentation.AdoNet.CommandExecuteReaderWithBehaviorAndCancellationAsyncIntegration, Arguments=2]
05/22/25 01:43:20.947 PM [4980|50056] [info] Exiting ReJIT request thread.
05/22/25 01:43:20.948 PM [4980|49492] [info] Exiting...
05/22/25 01:43:20.948 PM [4980|49492] [info] Stats: Total time: 941332ms | Total time in Callbacks: 1050ms [Initialize=2ms, ModuleLoadFinished=106ms/69, CallTargetRequestRejit=196ms/27, CallTargetRewriter=8ms/3, AssemblyLoadFinished=0ms/69, ModuleUnloadStarted=0ms/0, JitCompilationStarted=644ms/14023, JitInlining=42ms/49754, JitCacheFunctionSearchStarted=49ms/6954, InitializeProfiler=0ms/0]
