05/22/25 12:51:28.510 PM [35052|29328] [info] Datadog CLR Profiler 3.16.0 on Windows (amd64)
05/22/25 12:51:28.512 PM [35052|29328] [info] ProcessName: formsample.exe
05/22/25 12:51:28.512 PM [35052|29328] [info] Process CommandLine: "C:\Users\rroehl\projects\DataDog\formsample\bin\Debug\net8.0-windows\formsample.exe" 
05/22/25 12:51:28.512 PM [35052|29328] [info] Environment variables:
05/22/25 12:51:28.512 PM [35052|29328] [info]   DD_TRACE_DEBUG=formsample
05/22/25 12:51:28.512 PM [35052|29328] [info]   DD_DOTNET_TRACER_HOME=C:\Program Files\Datadog\.NET Tracer\
05/22/25 12:51:28.512 PM [35052|29328] [info]   DD_ENV=dev1
05/22/25 12:51:28.512 PM [35052|29328] [info]   DD_VERSION=7.64.3
05/22/25 12:51:28.512 PM [35052|29328] [info] Runtime Information: .NET 8.0.16
05/22/25 12:51:28.513 PM [35052|40276] [info] Initializing ReJIT request thread.
05/22/25 12:51:28.514 PM [35052|29328] [info] IAST Callsite instrumentation is disabled.
05/22/25 12:51:28.514 PM [35052|29328] [info] RASP Callsite instrumentation is disabled.
05/22/25 12:51:28.514 PM [35052|29328] [info] Callsite instrumentation is disabled.
05/22/25 12:51:28.514 PM [35052|29328] [info] Profiler filepath: C:\Program Files\Datadog\.NET Tracer\win-x64\Datadog.Tracer.Native.dll
05/22/25 12:51:28.514 PM [35052|29328] [info] Profiler attached.
05/22/25 12:51:28.525 PM [35052|29328] [info] COR library: System.Private.CoreLib 8.0.0
05/22/25 12:51:28.593 PM [35052|29328] [info] JITCompilationStarted: Startup hook registered in function_id=140728477942008 token=100663298 name=formsample.Program.Main(), assembly_name=formsample app_domain_id=3011281278128 domain_neutral=0
05/22/25 12:51:28.623 PM [35052|29328] [info] ModuleLoadFinished: Datadog.Trace.ClrProfiler.Managed.Loader loaded into AppDomain 3011281278128 clrhost
05/22/25 12:51:28.821 PM [35052|29328] [info] ModuleLoadFinished: Datadog.Trace v3.16.0.0 - Fix PInvoke maps
05/22/25 12:51:28.821 PM [35052|29328] [info] Rewriting PInvokes to native for Datadog.Trace.ClrProfiler.NativeMethods+Windows: C:\Program Files\Datadog\.NET Tracer\win-x64\Datadog.Tracer.Native.dll
05/22/25 12:51:28.824 PM [35052|29328] [info] Rewriting PInvokes to native for Datadog.Trace.Debugger.PInvoke.DebuggerNativeMethods+Windows: C:\Program Files\Datadog\.NET Tracer\win-x64\Datadog.Tracer.Native.dll
05/22/25 12:51:28.824 PM [35052|29328] [info] Rewriting PInvokes to native for Datadog.Trace.FaultTolerant.FaultTolerantNativeMethods+Windows: C:\Program Files\Datadog\.NET Tracer\win-x64\Datadog.Tracer.Native.dll
05/22/25 12:51:28.824 PM [35052|29328] [info] Rewriting PInvokes to native for Datadog.Trace.LibDatadog.NativeInterop+Exporter: C:\Program Files\Datadog\.NET Tracer\win-x64\datadog_profiling_ffi.dll
05/22/25 12:51:28.824 PM [35052|29328] [info] Rewriting PInvokes to native for Datadog.Trace.LibDatadog.NativeInterop+Config: C:\Program Files\Datadog\.NET Tracer\win-x64\datadog_profiling_ffi.dll
05/22/25 12:51:28.830 PM [35052|29328] [info] Rewriting PInvokes to native for Datadog.Trace.NativeLoader+NativeMethods: C:\Program Files\Datadog\.NET Tracer\win-x64\Datadog.Trace.ClrProfiler.Native.dll
05/22/25 12:51:28.832 PM [35052|29328] [info] Successfully added method DistributedTracer.__GetInstanceForProfiler__ for ModuleID=140728481209344
05/22/25 12:51:28.834 PM [35052|29328] [info] Rewriting Instrumentation.GetNativeTracerVersion() => PROFILER_VERSION
05/22/25 12:51:28.834 PM [35052|29328] [info] AssemblyLoadFinished: Datadog.Trace.dll v3.16.0.0 matched profiler version v3.16.0.0
05/22/25 12:51:28.834 PM [35052|29328] [info] ByRef Instrumentation enabled.
05/22/25 12:51:28.834 PM [35052|29328] [info] CallTargetState ByRef enabled.
05/22/25 12:51:28.834 PM [35052|29328] [info] AddTraceAttributeInstrumentation: Initialized assembly=Datadog.Trace, Version=3.16.0.0, Culture=neutral, PublicKeyToken=def86d061d0d2eeb, type=Datadog.Trace.ClrProfiler.AutoInstrumentation.TraceAnnotations.TraceAnnotationsIntegration
05/22/25 12:51:29.331 PM [35052|29328] [info] Total number of modules to analyze: 19
05/22/25 12:51:29.382 PM [35052|40276] [info] Request ReJIT done for 10 methods
05/22/25 12:51:29.383 PM [35052|29328] [info] RegisterCallTargetDefinitions: Added 718 call targets (enabled: 578, enabled categories: 1) 
05/22/25 12:51:29.385 PM [35052|4872] [info] NGEN:: Processed with 5 inliners [ModuleId=140728487445480,MethodDef=100665944]
05/22/25 12:51:29.385 PM [35052|40276] [info] Request ReJIT done for 5 methods
05/22/25 12:51:29.518 PM [35052|50888] [info] *** CallTarget_RewriterCallback() Finished: System.Net.Http.HttpClientHandler.SendAsync() [IsVoid=0, IsStatic=0, IntegrationType=Datadog.Trace.ClrProfiler.AutoInstrumentation.Http.HttpClient.HttpClientHandler.HttpClientHandlerIntegration, Arguments=2]
05/22/25 12:51:29.578 PM [35052|50888] [info] *** CallTarget_RewriterCallback() Finished: System.Net.Http.SocketsHttpHandler.SendAsync() [IsVoid=0, IsStatic=0, IntegrationType=Datadog.Trace.ClrProfiler.AutoInstrumentation.Http.HttpClient.SocketsHttpHandler.SocketsHttpHandlerIntegration, Arguments=2]
05/22/25 12:51:38.579 PM [35052|40276] [info] Request ReJIT done for 11 methods
05/22/25 12:51:38.604 PM [35052|40276] [info] Request ReJIT done for 11 methods
05/22/25 12:51:38.644 PM [35052|40276] [info] Request ReJIT done for 1 methods
05/22/25 12:51:38.842 PM [35052|29328] [info] *** CallTarget_RewriterCallback() Finished: Npgsql.NpgsqlCommand.ExecuteNonQueryAsync() [IsVoid=0, IsStatic=0, IntegrationType=Datadog.Trace.ClrProfiler.AutoInstrumentation.AdoNet.CommandExecuteNonQueryAsyncIntegration, Arguments=1]
05/22/25 12:52:03.107 PM [35052|29328] [info] *** CallTarget_RewriterCallback() Finished: Npgsql.NpgsqlCommand.ExecuteReaderAsync() [IsVoid=0, IsStatic=0, IntegrationType=Datadog.Trace.ClrProfiler.AutoInstrumentation.AdoNet.CommandExecuteReaderWithBehaviorAndCancellationAsyncIntegration, Arguments=2]
05/22/25 01:00:36.176 PM [35052|40276] [info] Exiting ReJIT request thread.
05/22/25 01:00:36.176 PM [35052|29328] [info] Exiting...
05/22/25 01:00:36.176 PM [35052|29328] [info] Stats: Total time: 547660ms | Total time in Callbacks: 603ms [Initialize=2ms, ModuleLoadFinished=130ms/72, CallTargetRequestRejit=91ms/29, CallTargetRewriter=5ms/4, AssemblyLoadFinished=0ms/72, ModuleUnloadStarted=0ms/0, JitCompilationStarted=264ms/15614, JitInlining=18ms/52969, JitCacheFunctionSearchStarted=89ms/7699, InitializeProfiler=0ms/0]
