05/22/25 08:32:42.364 AM [56412|23536] [info] Datadog CLR Profiler 3.16.0 on Windows (x86)
05/22/25 08:32:42.366 AM [56412|23536] [info] ProcessName: git-credential-manager.exe
05/22/25 08:32:42.366 AM [56412|23536] [info] Process CommandLine: git-credential-manager store
05/22/25 08:32:42.366 AM [56412|23536] [info] Environment variables:
05/22/25 08:32:42.366 AM [56412|23536] [info]   DD_DOTNET_TRACER_HOME=C:\Program Files\Datadog\.NET Tracer\
05/22/25 08:32:42.366 AM [56412|23536] [info]   DD_ENV=dev1
05/22/25 08:32:42.366 AM [56412|23536] [info]   DD_VERSION=7.64.3
05/22/25 08:32:42.367 AM [56412|23536] [info] Runtime Information: .NET Framework 4.0.30319
05/22/25 08:32:42.367 AM [56412|23536] [info] IAST Callsite instrumentation is disabled.
05/22/25 08:32:42.367 AM [56412|23536] [info] RASP Callsite instrumentation is disabled.
05/22/25 08:32:42.367 AM [56412|23536] [info] Callsite instrumentation is disabled.
05/22/25 08:32:42.367 AM [56412|23536] [info] Profiler filepath: C:\Program Files\Datadog\.NET Tracer\win-x86\Datadog.Tracer.Native.dll
05/22/25 08:32:42.367 AM [56412|23536] [info] Profiler attached.
05/22/25 08:32:42.367 AM [56412|54028] [info] Initializing ReJIT request thread.
05/22/25 08:32:42.376 AM [56412|23536] [info] COR library: mscorlib 4.0.0
05/22/25 08:32:42.379 AM [56412|23536] [info] JITCompilationStarted: Startup hook registered in function_id=48451092 token=100663299 name=GitCredentialManager.Program.Main(), assembly_name=git-credential-manager app_domain_id=21010208 domain_neutral=0
05/22/25 08:32:42.390 AM [56412|23536] [info] ModuleLoadFinished: Datadog.Trace.ClrProfiler.Managed.Loader loaded into AppDomain 21010208 git-credential-manager.exe
05/22/25 08:32:42.448 AM [56412|23536] [info] ModuleLoadFinished: Datadog.Trace v3.16.0.0 - Fix PInvoke maps
05/22/25 08:32:42.449 AM [56412|23536] [info] Rewriting PInvokes to native for Datadog.Trace.ClrProfiler.NativeMethods+Windows: C:\Program Files\Datadog\.NET Tracer\win-x86\Datadog.Tracer.Native.dll
05/22/25 08:32:42.454 AM [56412|23536] [info] Rewriting PInvokes to native for Datadog.Trace.Debugger.PInvoke.DebuggerNativeMethods+Windows: C:\Program Files\Datadog\.NET Tracer\win-x86\Datadog.Tracer.Native.dll
05/22/25 08:32:42.454 AM [56412|23536] [info] Rewriting PInvokes to native for Datadog.Trace.FaultTolerant.FaultTolerantNativeMethods+Windows: C:\Program Files\Datadog\.NET Tracer\win-x86\Datadog.Tracer.Native.dll
05/22/25 08:32:42.454 AM [56412|23536] [info] Rewriting PInvokes to native for Datadog.Trace.LibDatadog.NativeInterop+Exporter: C:\Program Files\Datadog\.NET Tracer\win-x86\datadog_profiling_ffi.dll
05/22/25 08:32:42.455 AM [56412|23536] [info] Rewriting PInvokes to native for Datadog.Trace.LibDatadog.NativeInterop+Config: C:\Program Files\Datadog\.NET Tracer\win-x86\datadog_profiling_ffi.dll
05/22/25 08:32:42.462 AM [56412|23536] [info] Rewriting PInvokes to native for Datadog.Trace.NativeLoader+NativeMethods: C:\Program Files\Datadog\.NET Tracer\win-x86\Datadog.Trace.ClrProfiler.Native.dll
05/22/25 08:32:42.465 AM [56412|23536] [info] Successfully added method DistributedTracer.__GetInstanceForProfiler__ for ModuleID=48463512
05/22/25 08:32:42.465 AM [56412|23536] [info] Rewriting Instrumentation.GetNativeTracerVersion() => PROFILER_VERSION
05/22/25 08:32:42.465 AM [56412|23536] [info] AssemblyLoadFinished: Datadog.Trace.dll v3.16.0.0 matched profiler version v3.16.0.0
05/22/25 08:32:42.465 AM [56412|23536] [info] ByRef Instrumentation enabled.
05/22/25 08:32:42.465 AM [56412|23536] [info] CallTargetState ByRef enabled.
05/22/25 08:32:42.465 AM [56412|23536] [info] AddTraceAttributeInstrumentation: Initialized assembly=Datadog.Trace, Version=3.16.0.0, Culture=neutral, PublicKeyToken=def86d061d0d2eeb, type=Datadog.Trace.ClrProfiler.AutoInstrumentation.TraceAnnotations.TraceAnnotationsIntegration
05/22/25 08:32:42.465 AM [56412|23536] [info] AssemblyLoadFinished: Datadog.Trace.dll was not loaded domain-neutral
05/22/25 08:32:42.986 AM [56412|23536] [info] Total number of modules to analyze: 4
05/22/25 08:32:43.037 AM [56412|54028] [info] Request ReJIT done for 12 methods
05/22/25 08:32:43.038 AM [56412|23536] [info] RegisterCallTargetDefinitions: Added 718 call targets (enabled: 581, enabled categories: 1) 
05/22/25 08:32:43.054 AM [56412|34984] [info] [ResolveType] GetTypeRefProps [1] has failed. typeRefToken: 16777813
05/22/25 08:32:43.055 AM [56412|34984] [info] *** CallTarget_RewriterCallback() Finished: System.Net.HttpWebRequest.BeginGetRequestStream() [IsVoid=0, IsStatic=0, IntegrationType=Datadog.Trace.ClrProfiler.AutoInstrumentation.Http.WebRequest.HttpWebRequest_BeginGetRequestStream_Integration, Arguments=2]
05/22/25 08:32:43.113 AM [56412|54028] [info] Request ReJIT done for 1 methods
05/22/25 08:32:43.134 AM [56412|34984] [info] *** CallTarget_RewriterCallback() Finished: System.Net.WebRequest.GetResponseAsync() [IsVoid=0, IsStatic=0, IntegrationType=Datadog.Trace.ClrProfiler.AutoInstrumentation.Http.WebRequest.WebRequest_GetResponseAsync_Integration, Arguments=0]
05/22/25 08:32:43.140 AM [56412|33740] [info] *** CallTarget_RewriterCallback() Finished: System.Net.HttpWebRequest.BeginGetResponse() [IsVoid=0, IsStatic=0, IntegrationType=Datadog.Trace.ClrProfiler.AutoInstrumentation.Http.WebRequest.HttpWebRequest_BeginGetResponse_Integration, Arguments=2]
05/22/25 08:32:43.145 AM [56412|50952] [info] *** CallTarget_RewriterCallback() Finished: System.Net.HttpWebRequest.EndGetResponse() [IsVoid=0, IsStatic=0, IntegrationType=Datadog.Trace.ClrProfiler.AutoInstrumentation.Http.WebRequest.HttpWebRequest_EndGetResponse_Integration, Arguments=1]
05/22/25 08:32:43.166 AM [56412|49836] [info] *** CallTarget_RewriterCallback() Finished: System.Diagnostics.Process.Start() [IsVoid=0, IsStatic=0, IntegrationType=Datadog.Trace.ClrProfiler.AutoInstrumentation.Process.ProcessStartIntegration, Arguments=0]
05/22/25 08:32:43.551 AM [56412|54028] [info] Exiting ReJIT request thread.
05/22/25 08:32:43.552 AM [56412|23536] [info] Exiting...
05/22/25 08:32:43.552 AM [56412|23536] [info] Stats: Total time: 1186ms | Total time in Callbacks: 423ms [Initialize=1ms, ModuleLoadFinished=86ms/23, CallTargetRequestRejit=95ms/13, CallTargetRewriter=6ms/5, AssemblyLoadFinished=0ms/23, ModuleUnloadStarted=0ms/0, JitCompilationStarted=221ms/3746, JitInlining=9ms/17893, JitCacheFunctionSearchStarted=1ms/950, InitializeProfiler=0ms/0]
